{
  "numTotalTestSuites": 223,
  "numPassedTestSuites": 223,
  "numFailedTestSuites": 0,
  "numPendingTestSuites": 0,
  "numTotalTests": 640,
  "numPassedTests": 640,
  "numFailedTests": 0,
  "numPendingTests": 0,
  "numTodoTests": 0,
  "snapshot": {
    "added": 0,
    "failure": false,
    "filesAdded": 0,
    "filesRemoved": 0,
    "filesRemovedList": [],
    "filesUnmatched": 0,
    "filesUpdated": 0,
    "matched": 0,
    "total": 0,
    "unchecked": 0,
    "uncheckedKeysByFile": [],
    "unmatched": 0,
    "updated": 0,
    "didUpdate": false
  },
  "startTime": 1786274204268,
  "success": true,
  "testResults": [
    {
      "assertionResults": [
        {
          "ancestorTitles": ["google business profile business info attribute normalization"],
          "fullName": "google business profile business info attribute normalization normalizes attribute value metadata while filtering empty entries",
          "status": "passed",
          "title": "normalizes attribute value metadata while filtering empty entries",
          "duration": 0.7669999999999959,
          "failureMessages": [],
          "meta": {},
          "tags": []
        },
        {
          "ancestorTitles": ["google business profile business info attribute normalization"],
          "fullName": "google business profile business info attribute normalization builds raw attribute value JSON with stable defaults",
          "status": "passed",
          "title": "builds raw attribute value JSON with stable defaults",
          "duration": 0.1999580000000094,
          "failureMessages": [],
          "meta": {},
          "tags": []
        },
        {
          "ancestorTitles": ["google business profile business info attribute normalization"],
          "fullName": "google business profile business info attribute normalization builds raw enum and display value payloads",
          "status": "passed",
          "title": "builds raw enum and display value payloads",
          "duration": 0.1133339999999805,
          "failureMessages": [],
          "meta": {},
          "tags": []
        }
      ],
      "startTime": 1786274236595,
      "endTime": 1786274236596.2,
      "status": "passed",
      "message": "",
      "name": "/Users/amankumarshrestha/LapenInns Project/nabatableLP/tests/server/google-business-profile-business-info-attribute-normalization.test.ts"
    },
    {
      "assertionResults": [
        {
          "ancestorTitles": ["google business profile business info canonical attributes"],
          "fullName": "google business profile business info canonical attributes builds normalized attribute rows and derived URI links",
          "status": "passed",
          "title": "builds normalized attribute rows and derived URI links",
          "duration": 1.8075840000000198,
          "failureMessages": [],
          "meta": {},
          "tags": []
        },
        {
          "ancestorTitles": ["google business profile business info canonical attributes"],
          "fullName": "google business profile business info canonical attributes returns empty rows when attributes are unavailable",
          "status": "passed",
          "title": "returns empty rows when attributes are unavailable",
          "duration": 0.12612500000000182,
          "failureMessages": [],
          "meta": {},
          "tags": []
        }
      ],
      "startTime": 1786274228738,
      "endTime": 1786274228739.8076,
      "status": "passed",
      "message": "",
      "name": "/Users/amankumarshrestha/LapenInns Project/nabatableLP/tests/server/google-business-profile-business-info-canonical-attributes.test.ts"
    },
    {
      "assertionResults": [
        {
          "ancestorTitles": ["google business profile business info canonical categories"],
          "fullName": "google business profile business info canonical categories builds primary and additional category rows",
          "status": "passed",
          "title": "builds primary and additional category rows",
          "duration": 1.1535829999999692,
          "failureMessages": [],
          "meta": {},
          "tags": []
        },
        {
          "ancestorTitles": ["google business profile business info canonical categories"],
          "fullName": "google business profile business info canonical categories returns empty rows when categories are unavailable",
          "status": "passed",
          "title": "returns empty rows when categories are unavailable",
          "duration": 0.11124999999998408,
          "failureMessages": [],
          "meta": {},
          "tags": []
        }
      ],
      "startTime": 1786274233641,
      "endTime": 1786274233642.1536,
      "status": "passed",
      "message": "",
      "name": "/Users/amankumarshrestha/LapenInns Project/nabatableLP/tests/server/google-business-profile-business-info-canonical-categories.test.ts"
    },
    {
      "assertionResults": [
        {
          "ancestorTitles": ["google business profile business info canonical contact"],
          "fullName": "google business profile business info canonical contact builds storefront address, phone, and base link rows",
          "status": "passed",
          "title": "builds storefront address, phone, and base link rows",
          "duration": 1.0760419999999726,
          "failureMessages": [],
          "meta": {},
          "tags": []
        },
        {
          "ancestorTitles": ["google business profile business info canonical contact"],
          "fullName": "google business profile business info canonical contact returns empty rows when contact payloads are unavailable",
          "status": "passed",
          "title": "returns empty rows when contact payloads are unavailable",
          "duration": 0.13729100000000471,
          "failureMessages": [],
          "meta": {},
          "tags": []
        }
      ],
      "startTime": 1786274235543,
      "endTime": 1786274235544.1372,
      "status": "passed",
      "message": "",
      "name": "/Users/amankumarshrestha/LapenInns Project/nabatableLP/tests/server/google-business-profile-business-info-canonical-contact.test.ts"
    },
    {
      "assertionResults": [
        {
          "ancestorTitles": ["google business profile business info canonical details"],
          "fullName": "google business profile business info canonical details builds a normalized business details row",
          "status": "passed",
          "title": "builds a normalized business details row",
          "duration": 1.0327079999999569,
          "failureMessages": [],
          "meta": {},
          "tags": []
        },
        {
          "ancestorTitles": ["google business profile business info canonical details"],
          "fullName": "google business profile business info canonical details emits a details row for service-area-only locations",
          "status": "passed",
          "title": "emits a details row for service-area-only locations",
          "duration": 0.16445900000002212,
          "failureMessages": [],
          "meta": {},
          "tags": []
        },
        {
          "ancestorTitles": ["google business profile business info canonical details"],
          "fullName": "google business profile business info canonical details returns null when no canonical details fields are available",
          "status": "passed",
          "title": "returns null when no canonical details fields are available",
          "duration": 0.07524999999998272,
          "failureMessages": [],
          "meta": {},
          "tags": []
        }
      ],
      "startTime": 1786274232275,
      "endTime": 1786274232276.1646,
      "status": "passed",
      "message": "",
      "name": "/Users/amankumarshrestha/LapenInns Project/nabatableLP/tests/server/google-business-profile-business-info-canonical-details.test.ts"
    },
    {
      "assertionResults": [
        {
          "ancestorTitles": ["google business profile business info canonical hours"],
          "fullName": "google business profile business info canonical hours builds public, special, and service hour rows",
          "status": "passed",
          "title": "builds public, special, and service hour rows",
          "duration": 1.4324580000000537,
          "failureMessages": [],
          "meta": {},
          "tags": []
        },
        {
          "ancestorTitles": ["google business profile business info canonical hours"],
          "fullName": "google business profile business info canonical hours returns empty rows when the location has no hours payloads",
          "status": "passed",
          "title": "returns empty rows when the location has no hours payloads",
          "duration": 0.12366599999995742,
          "failureMessages": [],
          "meta": {},
          "tags": []
        }
      ],
      "startTime": 1786274225356,
      "endTime": 1786274225357.4324,
      "status": "passed",
      "message": "",
      "name": "/Users/amankumarshrestha/LapenInns Project/nabatableLP/tests/server/google-business-profile-business-info-canonical-hours.test.ts"
    },
    {
      "assertionResults": [
        {
          "ancestorTitles": ["google business profile business info canonical rows"],
          "fullName": "google business profile business info canonical rows normalizes helper values used by canonical row construction",
          "status": "passed",
          "title": "normalizes helper values used by canonical row construction",
          "duration": 0.7003330000000005,
          "failureMessages": [],
          "meta": {},
          "tags": []
        },
        {
          "ancestorTitles": ["google business profile business info canonical rows"],
          "fullName": "google business profile business info canonical rows builds display text for boolean, enum, text, and uri attributes",
          "status": "passed",
          "title": "builds display text for boolean, enum, text, and uri attributes",
          "duration": 0.19558299999999917,
          "failureMessages": [],
          "meta": {},
          "tags": []
        },
        {
          "ancestorTitles": ["google business profile business info canonical rows"],
          "fullName": "google business profile business info canonical rows maps a Google location and attributes payload into canonical insert rows",
          "status": "passed",
          "title": "maps a Google location and attributes payload into canonical insert rows",
          "duration": 1.495457999999985,
          "failureMessages": [],
          "meta": {},
          "tags": []
        }
      ],
      "startTime": 1786274222222,
      "endTime": 1786274222224.4954,
      "status": "passed",
      "message": "",
      "name": "/Users/amankumarshrestha/LapenInns Project/nabatableLP/tests/server/google-business-profile-business-info-canonical-rows.test.ts"
    },
    {
      "assertionResults": [
        {
          "ancestorTitles": ["google business profile business info canonical service areas"],
          "fullName": "google business profile business info canonical service areas builds service-area place rows from place infos",
          "status": "passed",
          "title": "builds service-area place rows from place infos",
          "duration": 0.9482499999999732,
          "failureMessages": [],
          "meta": {},
          "tags": []
        },
        {
          "ancestorTitles": ["google business profile business info canonical service areas"],
          "fullName": "google business profile business info canonical service areas falls back to a region row when place rows are unavailable",
          "status": "passed",
          "title": "falls back to a region row when place rows are unavailable",
          "duration": 0.23987499999998363,
          "failureMessages": [],
          "meta": {},
          "tags": []
        },
        {
          "ancestorTitles": ["google business profile business info canonical service areas"],
          "fullName": "google business profile business info canonical service areas returns empty rows when service-area payload is unavailable",
          "status": "passed",
          "title": "returns empty rows when service-area payload is unavailable",
          "duration": 0.06150000000002365,
          "failureMessages": [],
          "meta": {},
          "tags": []
        }
      ],
      "startTime": 1786274233100,
      "endTime": 1786274233101.24,
      "status": "passed",
      "message": "",
      "name": "/Users/amankumarshrestha/LapenInns Project/nabatableLP/tests/server/google-business-profile-business-info-canonical-service-areas.test.ts"
    },
    {
      "assertionResults": [
        {
          "ancestorTitles": ["google business profile business info canonical service items"],
          "fullName": "google business profile business info canonical service items builds canonical service item rows from structured items",
          "status": "passed",
          "title": "builds canonical service item rows from structured items",
          "duration": 1.0927500000000236,
          "failureMessages": [],
          "meta": {},
          "tags": []
        },
        {
          "ancestorTitles": ["google business profile business info canonical service items"],
          "fullName": "google business profile business info canonical service items uses fallback keys for sparse service item payloads",
          "status": "passed",
          "title": "uses fallback keys for sparse service item payloads",
          "duration": 0.5285410000000184,
          "failureMessages": [],
          "meta": {},
          "tags": []
        },
        {
          "ancestorTitles": ["google business profile business info canonical service items"],
          "fullName": "google business profile business info canonical service items returns empty rows when service items are unavailable",
          "status": "passed",
          "title": "returns empty rows when service items are unavailable",
          "duration": 0.06587500000000546,
          "failureMessages": [],
          "meta": {},
          "tags": []
        }
      ],
      "startTime": 1786274229833,
      "endTime": 1786274229834.5286,
      "status": "passed",
      "message": "",
      "name": "/Users/amankumarshrestha/LapenInns Project/nabatableLP/tests/server/google-business-profile-business-info-canonical-service-items.test.ts"
    },
    {
      "assertionResults": [
        {
          "ancestorTitles": ["google business profile business info field sync statuses"],
          "fullName": "google business profile business info field sync statuses builds stable entity and lookup keys",
          "status": "passed",
          "title": "builds stable entity and lookup keys",
          "duration": 0.9873749999999859,
          "failureMessages": [],
          "meta": {},
          "tags": []
        },
        {
          "ancestorTitles": ["google business profile business info field sync statuses"],
          "fullName": "google business profile business info field sync statuses builds a verified synced field status with provider and canonical value hashes",
          "status": "passed",
          "title": "builds a verified synced field status with provider and canonical value hashes",
          "duration": 0.6627500000000168,
          "failureMessages": [],
          "meta": {},
          "tags": []
        },
        {
          "ancestorTitles": ["google business profile business info field sync statuses"],
          "fullName": "google business profile business info field sync statuses creates detail and address field statuses from canonical rows",
          "status": "passed",
          "title": "creates detail and address field statuses from canonical rows",
          "duration": 0.5908339999999725,
          "failureMessages": [],
          "meta": {},
          "tags": []
        },
        {
          "ancestorTitles": ["google business profile business info field sync statuses"],
          "fullName": "google business profile business info field sync statuses can omit service item statuses when the optional Google section was unavailable",
          "status": "passed",
          "title": "can omit service item statuses when the optional Google section was unavailable",
          "duration": 0.21904200000000174,
          "failureMessages": [],
          "meta": {},
          "tags": []
        }
      ],
      "startTime": 1786274223605,
      "endTime": 1786274223607.219,
      "status": "passed",
      "message": "",
      "name": "/Users/amankumarshrestha/LapenInns Project/nabatableLP/tests/server/google-business-profile-business-info-field-sync-status.test.ts"
    },
    {
      "assertionResults": [
        {
          "ancestorTitles": ["google business profile business info label normalization"],
          "fullName": "google business profile business info label normalization humanizes provider identifiers with existing separators and casing",
          "status": "passed",
          "title": "humanizes provider identifiers with existing separators and casing",
          "duration": 0.8134999999999764,
          "failureMessages": [],
          "meta": {},
          "tags": []
        }
      ],
      "startTime": 1786274237514,
      "endTime": 1786274237514.8135,
      "status": "passed",
      "message": "",
      "name": "/Users/amankumarshrestha/LapenInns Project/nabatableLP/tests/server/google-business-profile-business-info-label-normalization.test.ts"
    },
    {
      "assertionResults": [
        {
          "ancestorTitles": ["google business profile business info normalization core"],
          "fullName": "google business profile business info normalization core normalizes text and string arrays",
          "status": "passed",
          "title": "normalizes text and string arrays",
          "duration": 0.771000000000015,
          "failureMessages": [],
          "meta": {},
          "tags": []
        },
        {
          "ancestorTitles": ["google business profile business info normalization core"],
          "fullName": "google business profile business info normalization core normalizes object records and nested text reads",
          "status": "passed",
          "title": "normalizes object records and nested text reads",
          "duration": 0.2086670000000197,
          "failureMessages": [],
          "meta": {},
          "tags": []
        },
        {
          "ancestorTitles": ["google business profile business info normalization core"],
          "fullName": "google business profile business info normalization core normalizes JSON arrays through a mapper",
          "status": "passed",
          "title": "normalizes JSON arrays through a mapper",
          "duration": 0.08804200000000151,
          "failureMessages": [],
          "meta": {},
          "tags": []
        },
        {
          "ancestorTitles": ["google business profile business info normalization core"],
          "fullName": "google business profile business info normalization core keeps unique strings in first-seen order",
          "status": "passed",
          "title": "keeps unique strings in first-seen order",
          "duration": 0.09158400000001166,
          "failureMessages": [],
          "meta": {},
          "tags": []
        },
        {
          "ancestorTitles": ["google business profile business info normalization core"],
          "fullName": "google business profile business info normalization core casts JSON payloads and hashes payloads stably",
          "status": "passed",
          "title": "casts JSON payloads and hashes payloads stably",
          "duration": 0.19295900000000188,
          "failureMessages": [],
          "meta": {},
          "tags": []
        }
      ],
      "startTime": 1786274230374,
      "endTime": 1786274230375.2087,
      "status": "passed",
      "message": "",
      "name": "/Users/amankumarshrestha/LapenInns Project/nabatableLP/tests/server/google-business-profile-business-info-normalization-core.test.ts"
    },
    {
      "assertionResults": [
        {
          "ancestorTitles": ["google business profile business info normalization"],
          "fullName": "google business profile business info normalization normalizes Google time and date payload shapes",
          "status": "passed",
          "title": "normalizes Google time and date payload shapes",
          "duration": 0.8427500000000236,
          "failureMessages": [],
          "meta": {},
          "tags": []
        },
        {
          "ancestorTitles": ["google business profile business info normalization"],
          "fullName": "google business profile business info normalization normalizes Google place identifiers from direct and nested payloads",
          "status": "passed",
          "title": "normalizes Google place identifiers from direct and nested payloads",
          "duration": 0.21391599999998334,
          "failureMessages": [],
          "meta": {},
          "tags": []
        },
        {
          "ancestorTitles": ["google business profile business info normalization"],
          "fullName": "google business profile business info normalization builds formatted addresses from populated storefront address parts",
          "status": "passed",
          "title": "builds formatted addresses from populated storefront address parts",
          "duration": 0.08470900000003212,
          "failureMessages": [],
          "meta": {},
          "tags": []
        },
        {
          "ancestorTitles": ["google business profile business info normalization"],
          "fullName": "google business profile business info normalization derives service item display fields and stable fallback keys",
          "status": "passed",
          "title": "derives service item display fields and stable fallback keys",
          "duration": 0.316915999999992,
          "failureMessages": [],
          "meta": {},
          "tags": []
        },
        {
          "ancestorTitles": ["google business profile business info normalization"],
          "fullName": "google business profile business info normalization respects optional service item fetch status from the location payload",
          "status": "passed",
          "title": "respects optional service item fetch status from the location payload",
          "duration": 0.07137499999998909,
          "failureMessages": [],
          "meta": {},
          "tags": []
        },
        {
          "ancestorTitles": ["google business profile business info normalization"],
          "fullName": "google business profile business info normalization humanizes provider identifiers for fallback labels",
          "status": "passed",
          "title": "humanizes provider identifiers for fallback labels",
          "duration": 0.08825000000001637,
          "failureMessages": [],
          "meta": {},
          "tags": []
        }
      ],
      "startTime": 1786274227893,
      "endTime": 1786274227895.317,
      "status": "passed",
      "message": "",
      "name": "/Users/amankumarshrestha/LapenInns Project/nabatableLP/tests/server/google-business-profile-business-info-normalization.test.ts"
    },
    {
      "assertionResults": [
        {
          "ancestorTitles": ["google business profile business info place normalization"],
          "fullName": "google business profile business info place normalization picks Google place resource names from direct and nested payloads",
          "status": "passed",
          "title": "picks Google place resource names from direct and nested payloads",
          "duration": 0.6642080000000021,
          "failureMessages": [],
          "meta": {},
          "tags": []
        },
        {
          "ancestorTitles": ["google business profile business info place normalization"],
          "fullName": "google business profile business info place normalization picks Google place IDs directly or from resource names",
          "status": "passed",
          "title": "picks Google place IDs directly or from resource names",
          "duration": 0.18224999999998204,
          "failureMessages": [],
          "meta": {},
          "tags": []
        },
        {
          "ancestorTitles": ["google business profile business info place normalization"],
          "fullName": "google business profile business info place normalization builds formatted storefront addresses from populated address parts",
          "status": "passed",
          "title": "builds formatted storefront addresses from populated address parts",
          "duration": 0.1277080000000126,
          "failureMessages": [],
          "meta": {},
          "tags": []
        }
      ],
      "startTime": 1786274235808,
      "endTime": 1786274235809.1821,
      "status": "passed",
      "message": "",
      "name": "/Users/amankumarshrestha/LapenInns Project/nabatableLP/tests/server/google-business-profile-business-info-place-normalization.test.ts"
    },
    {
      "assertionResults": [
        {
          "ancestorTitles": ["google business profile business info read model mappers"],
          "fullName": "google business profile business info read model mappers normalizes category more-hours metadata and preserves verification status",
          "status": "passed",
          "title": "normalizes category more-hours metadata and preserves verification status",
          "duration": 1.5502079999999978,
          "failureMessages": [],
          "meta": {},
          "tags": []
        },
        {
          "ancestorTitles": ["google business profile business info read model mappers"],
          "fullName": "google business profile business info read model mappers normalizes attribute arrays, value metadata, records, and verification drift",
          "status": "passed",
          "title": "normalizes attribute arrays, value metadata, records, and verification drift",
          "duration": 0.4483750000000555,
          "failureMessages": [],
          "meta": {},
          "tags": []
        }
      ],
      "startTime": 1786274231463,
      "endTime": 1786274231464.5503,
      "status": "passed",
      "message": "",
      "name": "/Users/amankumarshrestha/LapenInns Project/nabatableLP/tests/server/google-business-profile-business-info-read-model-mappers.test.ts"
    },
    {
      "assertionResults": [
        {
          "ancestorTitles": [
            "google business profile business info read model verification domain"
          ],
          "fullName": "google business profile business info read model verification domain builds lookup keys from field sync status rows",
          "status": "passed",
          "title": "builds lookup keys from field sync status rows",
          "duration": 0.7347499999999627,
          "failureMessages": [],
          "meta": {},
          "tags": []
        },
        {
          "ancestorTitles": [
            "google business profile business info read model verification domain"
          ],
          "fullName": "google business profile business info read model verification domain marks verification as synced only when provider hash matches the current value",
          "status": "passed",
          "title": "marks verification as synced only when provider hash matches the current value",
          "duration": 0.6389580000000024,
          "failureMessages": [],
          "meta": {},
          "tags": []
        },
        {
          "ancestorTitles": [
            "google business profile business info read model verification domain"
          ],
          "fullName": "google business profile business info read model verification domain returns the first drifted verification when combining field-level statuses",
          "status": "passed",
          "title": "returns the first drifted verification when combining field-level statuses",
          "duration": 0.13145900000000665,
          "failureMessages": [],
          "meta": {},
          "tags": []
        }
      ],
      "startTime": 1786274235270,
      "endTime": 1786274235271.639,
      "status": "passed",
      "message": "",
      "name": "/Users/amankumarshrestha/LapenInns Project/nabatableLP/tests/server/google-business-profile-business-info-read-model-verification.test.ts"
    },
    {
      "assertionResults": [
        {
          "ancestorTitles": ["google business profile business info read model"],
          "fullName": "google business profile business info read model marks field verification as drifted when provider and current values differ",
          "status": "passed",
          "title": "marks field verification as drifted when provider and current values differ",
          "duration": 0.9157079999999951,
          "failureMessages": [],
          "meta": {},
          "tags": []
        },
        {
          "ancestorTitles": ["google business profile business info read model"],
          "fullName": "google business profile business info read model prefers drifted verification when combining field statuses",
          "status": "passed",
          "title": "prefers drifted verification when combining field statuses",
          "duration": 0.286625000000015,
          "failureMessages": [],
          "meta": {},
          "tags": []
        },
        {
          "ancestorTitles": ["google business profile business info read model"],
          "fullName": "google business profile business info read model maps database rows and field sync statuses into the public read model",
          "status": "passed",
          "title": "maps database rows and field sync statuses into the public read model",
          "duration": 0.7413329999999974,
          "failureMessages": [],
          "meta": {},
          "tags": []
        }
      ],
      "startTime": 1786274223330,
      "endTime": 1786274223331.7412,
      "status": "passed",
      "message": "",
      "name": "/Users/amankumarshrestha/LapenInns Project/nabatableLP/tests/server/google-business-profile-business-info-read-model.test.ts"
    },
    {
      "assertionResults": [
        {
          "ancestorTitles": ["google business profile business info read persistence"],
          "fullName": "google business profile business info read persistence treats a missing field-sync-status table as optional during reads",
          "status": "passed",
          "title": "treats a missing field-sync-status table as optional during reads",
          "duration": 1.9503330000000005,
          "failureMessages": [],
          "meta": {},
          "tags": []
        },
        {
          "ancestorTitles": ["google business profile business info read persistence"],
          "fullName": "google business profile business info read persistence throws non-optional field-sync-status errors",
          "status": "passed",
          "title": "throws non-optional field-sync-status errors",
          "duration": 0.431083000000001,
          "failureMessages": [],
          "meta": {},
          "tags": []
        },
        {
          "ancestorTitles": ["google business profile business info read persistence"],
          "fullName": "google business profile business info read persistence throws provider table query errors",
          "status": "passed",
          "title": "throws provider table query errors",
          "duration": 0.26900000000000546,
          "failureMessages": [],
          "meta": {},
          "tags": []
        }
      ],
      "startTime": 1786274228172,
      "endTime": 1786274228174.4312,
      "status": "passed",
      "message": "",
      "name": "/Users/amankumarshrestha/LapenInns Project/nabatableLP/tests/server/google-business-profile-business-info-read-persistence.test.ts"
    },
    {
      "assertionResults": [
        {
          "ancestorTitles": ["google business profile business info schedule normalization"],
          "fullName": "google business profile business info schedule normalization normalizes more-hours type metadata while filtering empty entries",
          "status": "passed",
          "title": "normalizes more-hours type metadata while filtering empty entries",
          "duration": 0.790458000000001,
          "failureMessages": [],
          "meta": {},
          "tags": []
        },
        {
          "ancestorTitles": ["google business profile business info schedule normalization"],
          "fullName": "google business profile business info schedule normalization maps Google weekday strings to existing numeric values",
          "status": "passed",
          "title": "maps Google weekday strings to existing numeric values",
          "duration": 0.222500000000025,
          "failureMessages": [],
          "meta": {},
          "tags": []
        },
        {
          "ancestorTitles": ["google business profile business info schedule normalization"],
          "fullName": "google business profile business info schedule normalization normalizes Google time strings and object payloads",
          "status": "passed",
          "title": "normalizes Google time strings and object payloads",
          "duration": 0.18662499999999227,
          "failureMessages": [],
          "meta": {},
          "tags": []
        },
        {
          "ancestorTitles": ["google business profile business info schedule normalization"],
          "fullName": "google business profile business info schedule normalization normalizes Google date payloads",
          "status": "passed",
          "title": "normalizes Google date payloads",
          "duration": 0.07566600000001245,
          "failureMessages": [],
          "meta": {},
          "tags": []
        }
      ],
      "startTime": 1786274234994,
      "endTime": 1786274234996.0757,
      "status": "passed",
      "message": "",
      "name": "/Users/amankumarshrestha/LapenInns Project/nabatableLP/tests/server/google-business-profile-business-info-schedule-normalization.test.ts"
    },
    {
      "assertionResults": [
        {
          "ancestorTitles": ["google business profile business info service item normalization"],
          "fullName": "google business profile business info service item normalization respects optional service item fetch status",
          "status": "passed",
          "title": "respects optional service item fetch status",
          "duration": 0.5957089999999994,
          "failureMessages": [],
          "meta": {},
          "tags": []
        },
        {
          "ancestorTitles": ["google business profile business info service item normalization"],
          "fullName": "google business profile business info service item normalization picks service item display fields by existing candidate order",
          "status": "passed",
          "title": "picks service item display fields by existing candidate order",
          "duration": 0.17908300000001987,
          "failureMessages": [],
          "meta": {},
          "tags": []
        },
        {
          "ancestorTitles": ["google business profile business info service item normalization"],
          "fullName": "google business profile business info service item normalization derives service item keys from direct identifiers before fallback hashes",
          "status": "passed",
          "title": "derives service item keys from direct identifiers before fallback hashes",
          "duration": 0.25541699999999423,
          "failureMessages": [],
          "meta": {},
          "tags": []
        }
      ],
      "startTime": 1786274236333,
      "endTime": 1786274236334.2554,
      "status": "passed",
      "message": "",
      "name": "/Users/amankumarshrestha/LapenInns Project/nabatableLP/tests/server/google-business-profile-business-info-service-item-normalization.test.ts"
    },
    {
      "assertionResults": [
        {
          "ancestorTitles": ["google business profile business info status normalization"],
          "fullName": "google business profile business info status normalization maps known Google business statuses and rejects unknown values",
          "status": "passed",
          "title": "maps known Google business statuses and rejects unknown values",
          "duration": 0.6354169999999613,
          "failureMessages": [],
          "meta": {},
          "tags": []
        }
      ],
      "startTime": 1786274236864,
      "endTime": 1786274236864.6355,
      "status": "passed",
      "message": "",
      "name": "/Users/amankumarshrestha/LapenInns Project/nabatableLP/tests/server/google-business-profile-business-info-status-normalization.test.ts"
    },
    {
      "assertionResults": [
        {
          "ancestorTitles": ["google business profile business info sync orchestration"],
          "fullName": "google business profile business info sync orchestration preserves existing service items when the optional segment was unavailable",
          "status": "passed",
          "title": "preserves existing service items when the optional segment was unavailable",
          "duration": 1.855957999999987,
          "failureMessages": [],
          "meta": {},
          "tags": []
        },
        {
          "ancestorTitles": ["google business profile business info sync orchestration"],
          "fullName": "google business profile business info sync orchestration replaces service items when Google explicitly returns an empty fetched segment",
          "status": "passed",
          "title": "replaces service items when Google explicitly returns an empty fetched segment",
          "duration": 0.5017500000000155,
          "failureMessages": [],
          "meta": {},
          "tags": []
        }
      ],
      "startTime": 1786274221405,
      "endTime": 1786274221407.5017,
      "status": "passed",
      "message": "",
      "name": "/Users/amankumarshrestha/LapenInns Project/nabatableLP/tests/server/google-business-profile-business-info-sync-orchestration.test.ts"
    },
    {
      "assertionResults": [
        {
          "ancestorTitles": ["google business profile business info sync persistence"],
          "fullName": "google business profile business info sync persistence builds profile change-log rows only for synced populated tables",
          "status": "passed",
          "title": "builds profile change-log rows only for synced populated tables",
          "duration": 1.0507499999999936,
          "failureMessages": [],
          "meta": {},
          "tags": []
        },
        {
          "ancestorTitles": ["google business profile business info sync persistence"],
          "fullName": "google business profile business info sync persistence builds the canonical replacement RPC payload without changing optional segment semantics",
          "status": "passed",
          "title": "builds the canonical replacement RPC payload without changing optional segment semantics",
          "duration": 0.7799580000000219,
          "failureMessages": [],
          "meta": {},
          "tags": []
        }
      ],
      "startTime": 1786274227291,
      "endTime": 1786274227292.78,
      "status": "passed",
      "message": "",
      "name": "/Users/amankumarshrestha/LapenInns Project/nabatableLP/tests/server/google-business-profile-business-info-sync-persistence.test.ts"
    },
    {
      "assertionResults": [
        {
          "ancestorTitles": ["google business profile business info mapping"],
          "fullName": "google business profile business info mapping maps core location and attribute families into canonical rows",
          "status": "passed",
          "title": "maps core location and attribute families into canonical rows",
          "duration": 2.914457999999968,
          "failureMessages": [],
          "meta": {},
          "tags": []
        },
        {
          "ancestorTitles": ["google business profile business info mapping"],
          "fullName": "google business profile business info mapping links GBP attributes to matching provider definitions without changing flexible rows",
          "status": "passed",
          "title": "links GBP attributes to matching provider definitions without changing flexible rows",
          "duration": 0.21399999999999864,
          "failureMessages": [],
          "meta": {},
          "tags": []
        },
        {
          "ancestorTitles": ["google business profile business info mapping"],
          "fullName": "google business profile business info mapping keeps profile change logging best-effort before the change-log table is applied",
          "status": "passed",
          "title": "keeps profile change logging best-effort before the change-log table is applied",
          "duration": 0.2681670000000054,
          "failureMessages": [],
          "meta": {},
          "tags": []
        },
        {
          "ancestorTitles": ["google business profile business info mapping"],
          "fullName": "google business profile business info mapping preserves existing GBP service items when the optional segment was unavailable",
          "status": "passed",
          "title": "preserves existing GBP service items when the optional segment was unavailable",
          "duration": 0.7206660000000511,
          "failureMessages": [],
          "meta": {},
          "tags": []
        },
        {
          "ancestorTitles": ["google business profile business info mapping"],
          "fullName": "google business profile business info mapping replaces GBP service items when Google explicitly returns an empty segment",
          "status": "passed",
          "title": "replaces GBP service items when Google explicitly returns an empty segment",
          "duration": 0.2902090000000044,
          "failureMessages": [],
          "meta": {},
          "tags": []
        },
        {
          "ancestorTitles": ["google business profile business info mapping"],
          "fullName": "google business profile business info mapping builds deterministic field sync status rows for canonical GBP values",
          "status": "passed",
          "title": "builds deterministic field sync status rows for canonical GBP values",
          "duration": 0.37975000000000136,
          "failureMessages": [],
          "meta": {},
          "tags": []
        },
        {
          "ancestorTitles": ["google business profile business info mapping"],
          "fullName": "google business profile business info mapping prefers drifted verification when any tracked field no longer matches provider state",
          "status": "passed",
          "title": "prefers drifted verification when any tracked field no longer matches provider state",
          "duration": 0.100166999999999,
          "failureMessages": [],
          "meta": {},
          "tags": []
        },
        {
          "ancestorTitles": ["google business profile business info mapping"],
          "fullName": "google business profile business info mapping upserts GBP business details by provider ownership key",
          "status": "passed",
          "title": "upserts GBP business details by provider ownership key",
          "duration": 0.13125000000002274,
          "failureMessages": [],
          "meta": {},
          "tags": []
        },
        {
          "ancestorTitles": ["google business profile business info mapping"],
          "fullName": "google business profile business info mapping reads only GBP-owned provider rows for business information snapshots",
          "status": "passed",
          "title": "reads only GBP-owned provider rows for business information snapshots",
          "duration": 1.151125000000036,
          "failureMessages": [],
          "meta": {},
          "tags": []
        },
        {
          "ancestorTitles": ["google business profile business info mapping"],
          "fullName": "google business profile business info mapping keeps provider and Nabatable primary rows separated in the foundation migration",
          "status": "passed",
          "title": "keeps provider and Nabatable primary rows separated in the foundation migration",
          "duration": 0.24950000000001182,
          "failureMessages": [],
          "meta": {},
          "tags": []
        },
        {
          "ancestorTitles": ["google business profile business info mapping"],
          "fullName": "google business profile business info mapping declares additive profile provenance, attribute dictionary, and change-log migration objects",
          "status": "passed",
          "title": "declares additive profile provenance, attribute dictionary, and change-log migration objects",
          "duration": 0.1472079999999778,
          "failureMessages": [],
          "meta": {},
          "tags": []
        },
        {
          "ancestorTitles": ["google business profile business info mapping"],
          "fullName": "google business profile business info mapping declares Sprint 1 GBP coverage schema fixes additively",
          "status": "passed",
          "title": "declares Sprint 1 GBP coverage schema fixes additively",
          "duration": 0.102374999999995,
          "failureMessages": [],
          "meta": {},
          "tags": []
        },
        {
          "ancestorTitles": ["google business profile business info mapping"],
          "fullName": "google business profile business info mapping declares atomic GBP canonical business-info replacement RPC",
          "status": "passed",
          "title": "declares atomic GBP canonical business-info replacement RPC",
          "duration": 0.1132910000000038,
          "failureMessages": [],
          "meta": {},
          "tags": []
        },
        {
          "ancestorTitles": ["google business profile business info mapping"],
          "fullName": "google business profile business info mapping documents repeatable backfills for place IDs, provenance, definitions, and links",
          "status": "passed",
          "title": "documents repeatable backfills for place IDs, provenance, definitions, and links",
          "duration": 0.06895900000000665,
          "failureMessages": [],
          "meta": {},
          "tags": []
        },
        {
          "ancestorTitles": ["google business profile business info mapping"],
          "fullName": "google business profile business info mapping skips provider verification persistence when the field sync status table is unavailable",
          "status": "passed",
          "title": "skips provider verification persistence when the field sync status table is unavailable",
          "duration": 0.1296249999999759,
          "failureMessages": [],
          "meta": {},
          "tags": []
        }
      ],
      "startTime": 1786274210896,
      "endTime": 1786274210903.2495,
      "status": "passed",
      "message": "",
      "name": "/Users/amankumarshrestha/LapenInns Project/nabatableLP/tests/server/google-business-profile-business-info.test.ts"
    },
    {
      "assertionResults": [
        {
          "ancestorTitles": ["google business profile callback route"],
          "fullName": "google business profile callback route uses the trusted app origin on successful authorization",
          "status": "passed",
          "title": "uses the trusted app origin on successful authorization",
          "duration": 6.666165999999976,
          "failureMessages": [],
          "meta": {},
          "tags": []
        },
        {
          "ancestorTitles": ["google business profile callback route"],
          "fullName": "google business profile callback route ignores forwarded host headers for error redirects",
          "status": "passed",
          "title": "ignores forwarded host headers for error redirects",
          "duration": 0.745584000000008,
          "failureMessages": [],
          "meta": {},
          "tags": []
        },
        {
          "ancestorTitles": ["google business profile callback route"],
          "fullName": "google business profile callback route rejects incomplete callbacks before session or OAuth completion",
          "status": "passed",
          "title": "rejects incomplete callbacks before session or OAuth completion",
          "duration": 0.3982920000000263,
          "failureMessages": [],
          "meta": {},
          "tags": []
        },
        {
          "ancestorTitles": ["google business profile callback route"],
          "fullName": "google business profile callback route rejects callbacks without the initiating browser state cookie before completing OAuth",
          "status": "passed",
          "title": "rejects callbacks without the initiating browser state cookie before completing OAuth",
          "duration": 0.2732910000000288,
          "failureMessages": [],
          "meta": {},
          "tags": []
        },
        {
          "ancestorTitles": ["google business profile callback route"],
          "fullName": "google business profile callback route rejects callbacks with a mismatched browser state cookie before completing OAuth",
          "status": "passed",
          "title": "rejects callbacks with a mismatched browser state cookie before completing OAuth",
          "duration": 0.6377909999999929,
          "failureMessages": [],
          "meta": {},
          "tags": []
        },
        {
          "ancestorTitles": ["google business profile callback route"],
          "fullName": "google business profile callback route rejects callbacks without a Nabatable session before completing OAuth",
          "status": "passed",
          "title": "rejects callbacks without a Nabatable session before completing OAuth",
          "duration": 0.29649999999998045,
          "failureMessages": [],
          "meta": {},
          "tags": []
        },
        {
          "ancestorTitles": ["google business profile callback route"],
          "fullName": "google business profile callback route redirects safely and clears state when OAuth completion rejects the stored state",
          "status": "passed",
          "title": "redirects safely and clears state when OAuth completion rejects the stored state",
          "duration": 0.466542000000004,
          "failureMessages": [],
          "meta": {},
          "tags": []
        },
        {
          "ancestorTitles": ["google business profile callback route"],
          "fullName": "google business profile callback route redirects safely and clears state when Google returns an invalid grant",
          "status": "passed",
          "title": "redirects safely and clears state when Google returns an invalid grant",
          "duration": 0.2975839999999721,
          "failureMessages": [],
          "meta": {},
          "tags": []
        },
        {
          "ancestorTitles": ["google business profile callback route"],
          "fullName": "google business profile callback route binds legacy per-restaurant callbacks to the route restaurant before completing OAuth",
          "status": "passed",
          "title": "binds legacy per-restaurant callbacks to the route restaurant before completing OAuth",
          "duration": 1.2605419999999867,
          "failureMessages": [],
          "meta": {},
          "tags": []
        },
        {
          "ancestorTitles": ["google business profile callback route"],
          "fullName": "google business profile callback route rejects legacy callbacks when the completed state belongs to another restaurant",
          "status": "passed",
          "title": "rejects legacy callbacks when the completed state belongs to another restaurant",
          "duration": 0.70474999999999,
          "failureMessages": [],
          "meta": {},
          "tags": []
        }
      ],
      "startTime": 1786274208733,
      "endTime": 1786274208744.7048,
      "status": "passed",
      "message": "",
      "name": "/Users/amankumarshrestha/LapenInns Project/nabatableLP/tests/server/google-business-profile-callback-route.test.ts"
    },
    {
      "assertionResults": [
        {
          "ancestorTitles": ["google business profile client"],
          "fullName": "google business profile client retires legacy validateOnly location patches before network dispatch",
          "status": "passed",
          "title": "retires legacy validateOnly location patches before network dispatch",
          "duration": 1.6173339999999712,
          "failureMessages": [],
          "meta": {},
          "tags": []
        },
        {
          "ancestorTitles": ["google business profile client"],
          "fullName": "google business profile client retires legacy real location patches before network dispatch",
          "status": "passed",
          "title": "retires legacy real location patches before network dispatch",
          "duration": 0.24650000000002592,
          "failureMessages": [],
          "meta": {},
          "tags": []
        },
        {
          "ancestorTitles": ["google business profile client"],
          "fullName": "google business profile client requests the exact GBP and OIDC scopes for consent",
          "status": "passed",
          "title": "requests the exact GBP and OIDC scopes for consent",
          "duration": 0.3384580000000028,
          "failureMessages": [],
          "meta": {},
          "tags": []
        },
        {
          "ancestorTitles": ["google business profile client"],
          "fullName": "google business profile client builds account-scoped FoodMenus resource names from ids or resource names",
          "status": "passed",
          "title": "builds account-scoped FoodMenus resource names from ids or resource names",
          "duration": 0.2124170000000163,
          "failureMessages": [],
          "meta": {},
          "tags": []
        },
        {
          "ancestorTitles": ["google business profile client"],
          "fullName": "google business profile client surfaces Google FoodMenus eligibility from location metadata",
          "status": "passed",
          "title": "surfaces Google FoodMenus eligibility from location metadata",
          "duration": 2.605542000000014,
          "failureMessages": [],
          "meta": {},
          "tags": []
        },
        {
          "ancestorTitles": ["google business profile client"],
          "fullName": "google business profile client reads FoodMenus with an optional top-level readMask",
          "status": "passed",
          "title": "reads FoodMenus with an optional top-level readMask",
          "duration": 0.7738749999999754,
          "failureMessages": [],
          "meta": {},
          "tags": []
        },
        {
          "ancestorTitles": ["google business profile client"],
          "fullName": "google business profile client retires legacy FoodMenus updates before network dispatch",
          "status": "passed",
          "title": "retires legacy FoodMenus updates before network dispatch",
          "duration": 0.19579099999998562,
          "failureMessages": [],
          "meta": {},
          "tags": []
        },
        {
          "ancestorTitles": ["google business profile client"],
          "fullName": "google business profile client marks service items unavailable when the optional fetch fails",
          "status": "passed",
          "title": "marks service items unavailable when the optional fetch fails",
          "duration": 165.147667,
          "failureMessages": [],
          "meta": {},
          "tags": []
        },
        {
          "ancestorTitles": ["google business profile client"],
          "fullName": "google business profile client marks service items fetched when Google returns an explicit empty segment",
          "status": "passed",
          "title": "marks service items fetched when Google returns an explicit empty segment",
          "duration": 1.9407919999999876,
          "failureMessages": [],
          "meta": {},
          "tags": []
        }
      ],
      "startTime": 1786274205600,
      "endTime": 1786274205772.9407,
      "status": "passed",
      "message": "",
      "name": "/Users/amankumarshrestha/LapenInns Project/nabatableLP/tests/server/google-business-profile-client.test.ts"
    },
    {
      "assertionResults": [
        {
          "ancestorTitles": ["google business profile core normalization service periods"],
          "fullName": "google business profile core normalization service periods normalizes explicit meal-labelled more-hours rows and detects drift",
          "status": "passed",
          "title": "normalizes explicit meal-labelled more-hours rows and detects drift",
          "duration": 6.307999999999993,
          "failureMessages": [],
          "meta": {},
          "tags": []
        },
        {
          "ancestorTitles": ["google business profile core normalization service periods"],
          "fullName": "google business profile core normalization service periods infers lunch and dinner from two unlabeled kitchen windows",
          "status": "passed",
          "title": "infers lunch and dinner from two unlabeled kitchen windows",
          "duration": 0.32841700000000174,
          "failureMessages": [],
          "meta": {},
          "tags": []
        },
        {
          "ancestorTitles": ["google business profile core normalization service periods"],
          "fullName": "google business profile core normalization service periods splits one kitchen window only when it spans the 17:00 meal boundary",
          "status": "passed",
          "title": "splits one kitchen window only when it spans the 17:00 meal boundary",
          "duration": 0.1887919999999781,
          "failureMessages": [],
          "meta": {},
          "tags": []
        },
        {
          "ancestorTitles": ["google business profile core normalization service periods"],
          "fullName": "google business profile core normalization service periods keeps booking-hours verification partial when GBP has only envelope inputs",
          "status": "passed",
          "title": "keeps booking-hours verification partial when GBP has only envelope inputs",
          "duration": 0.14895799999999326,
          "failureMessages": [],
          "meta": {},
          "tags": []
        }
      ],
      "startTime": 1786274213807,
      "endTime": 1786274213814.3284,
      "status": "passed",
      "message": "",
      "name": "/Users/amankumarshrestha/LapenInns Project/nabatableLP/tests/server/google-business-profile-core-normalization-service-periods.test.ts"
    },
    {
      "assertionResults": [
        {
          "ancestorTitles": ["google business profile core normalization"],
          "fullName": "google business profile core normalization uses public hours for the operating envelope and kitchen windows for service periods",
          "status": "passed",
          "title": "uses public hours for the operating envelope and kitchen windows for service periods",
          "duration": 7.025833999999975,
          "failureMessages": [],
          "meta": {},
          "tags": []
        },
        {
          "ancestorTitles": ["google business profile core normalization"],
          "fullName": "google business profile core normalization normalizes special hours without treating kitchen more-hours as operating drift",
          "status": "passed",
          "title": "normalizes special hours without treating kitchen more-hours as operating drift",
          "duration": 0.6336660000000052,
          "failureMessages": [],
          "meta": {},
          "tags": []
        },
        {
          "ancestorTitles": ["google business profile core normalization"],
          "fullName": "google business profile core normalization normalizes meal-labelled more hours into service periods and detects drift",
          "status": "passed",
          "title": "normalizes meal-labelled more hours into service periods and detects drift",
          "duration": 0.14387500000003683,
          "failureMessages": [],
          "meta": {},
          "tags": []
        },
        {
          "ancestorTitles": ["google business profile core normalization"],
          "fullName": "google business profile core normalization infers lunch and dinner from split kitchen windows when labels are missing",
          "status": "passed",
          "title": "infers lunch and dinner from split kitchen windows when labels are missing",
          "duration": 0.17799999999999727,
          "failureMessages": [],
          "meta": {},
          "tags": []
        },
        {
          "ancestorTitles": ["google business profile core normalization"],
          "fullName": "google business profile core normalization infers lunch and dinner from a single kitchen window when it spans the 17:00 split",
          "status": "passed",
          "title": "infers lunch and dinner from a single kitchen window when it spans the 17:00 split",
          "duration": 0.22383400000001075,
          "failureMessages": [],
          "meta": {},
          "tags": []
        }
      ],
      "startTime": 1786274210573,
      "endTime": 1786274210581.2239,
      "status": "passed",
      "message": "",
      "name": "/Users/amankumarshrestha/LapenInns Project/nabatableLP/tests/server/google-business-profile-core-normalization.test.ts"
    },
    {
      "assertionResults": [
        {
          "ancestorTitles": ["google business profile core sync operating-hours domain"],
          "fullName": "google business profile core sync operating-hours domain builds verification summaries from operating-hours normalization state",
          "status": "passed",
          "title": "builds verification summaries from operating-hours normalization state",
          "duration": 0.8733330000000024,
          "failureMessages": [],
          "meta": {},
          "tags": []
        },
        {
          "ancestorTitles": ["google business profile core sync operating-hours domain"],
          "fullName": "google business profile core sync operating-hours domain builds selected push patches while preserving provider rows outside the selection",
          "status": "passed",
          "title": "builds selected push patches while preserving provider rows outside the selection",
          "duration": 5.801540999999986,
          "failureMessages": [],
          "meta": {},
          "tags": []
        }
      ],
      "startTime": 1786274214695,
      "endTime": 1786274214701.8015,
      "status": "passed",
      "message": "",
      "name": "/Users/amankumarshrestha/LapenInns Project/nabatableLP/tests/server/google-business-profile-core-sync-operating-hours.test.ts"
    },
    {
      "assertionResults": [
        {
          "ancestorTitles": ["google business profile core-sync profile domain"],
          "fullName": "google business profile core-sync profile domain builds verified profile summaries when normalized profile fields match",
          "status": "passed",
          "title": "builds verified profile summaries when normalized profile fields match",
          "duration": 1.3860839999999826,
          "failureMessages": [],
          "meta": {},
          "tags": []
        },
        {
          "ancestorTitles": ["google business profile core-sync profile domain"],
          "fullName": "google business profile core-sync profile domain detects drift and recommends the newer push direction for editable fields",
          "status": "passed",
          "title": "detects drift and recommends the newer push direction for editable fields",
          "duration": 0.274249999999995,
          "failureMessages": [],
          "meta": {},
          "tags": []
        },
        {
          "ancestorTitles": ["google business profile core-sync profile domain"],
          "fullName": "google business profile core-sync profile domain builds pull patches from selected Google-owned profile values",
          "status": "passed",
          "title": "builds pull patches from selected Google-owned profile values",
          "duration": 0.11220800000000963,
          "failureMessages": [],
          "meta": {},
          "tags": []
        },
        {
          "ancestorTitles": ["google business profile core-sync profile domain"],
          "fullName": "google business profile core-sync profile domain builds push patches for supported editable fields and rejects address exports",
          "status": "passed",
          "title": "builds push patches for supported editable fields and rejects address exports",
          "duration": 0.40187499999996135,
          "failureMessages": [],
          "meta": {},
          "tags": []
        }
      ],
      "startTime": 1786274226469,
      "endTime": 1786274226471.4019,
      "status": "passed",
      "message": "",
      "name": "/Users/amankumarshrestha/LapenInns Project/nabatableLP/tests/server/google-business-profile-core-sync-profile.test.ts"
    },
    {
      "assertionResults": [
        {
          "ancestorTitles": ["google business profile core sync service periods domain"],
          "fullName": "google business profile core sync service periods domain builds verification summaries from service-period normalization state",
          "status": "passed",
          "title": "builds verification summaries from service-period normalization state",
          "duration": 0.7874160000000074,
          "failureMessages": [],
          "meta": {},
          "tags": []
        },
        {
          "ancestorTitles": ["google business profile core sync service periods domain"],
          "fullName": "google business profile core sync service periods domain detects writable kitchen more-hours capability from existing rows or category types",
          "status": "passed",
          "title": "detects writable kitchen more-hours capability from existing rows or category types",
          "duration": 0.2575420000000008,
          "failureMessages": [],
          "meta": {},
          "tags": []
        },
        {
          "ancestorTitles": ["google business profile core sync service periods domain"],
          "fullName": "google business profile core sync service periods domain returns null when no kitchen hours type can be resolved for a push patch",
          "status": "passed",
          "title": "returns null when no kitchen hours type can be resolved for a push patch",
          "duration": 0.10933400000001825,
          "failureMessages": [],
          "meta": {},
          "tags": []
        }
      ],
      "startTime": 1786274236072,
      "endTime": 1786274236073.2576,
      "status": "passed",
      "message": "",
      "name": "/Users/amankumarshrestha/LapenInns Project/nabatableLP/tests/server/google-business-profile-core-sync-service-periods.test.ts"
    },
    {
      "assertionResults": [
        {
          "ancestorTitles": ["google business profile food menus canonical domain"],
          "fullName": "google business profile food menus canonical domain maps canonical menu items into local FoodMenus import items",
          "status": "passed",
          "title": "maps canonical menu items into local FoodMenus import items",
          "duration": 6.641374999999982,
          "failureMessages": [],
          "meta": {},
          "tags": []
        },
        {
          "ancestorTitles": ["google business profile food menus canonical domain"],
          "fullName": "google business profile food menus canonical domain builds canonical update payloads from suggested patches",
          "status": "passed",
          "title": "builds canonical update payloads from suggested patches",
          "duration": 0.9981660000000261,
          "failureMessages": [],
          "meta": {},
          "tags": []
        },
        {
          "ancestorTitles": ["google business profile food menus canonical domain"],
          "fullName": "google business profile food menus canonical domain builds canonical create inputs with target-aware item kind and import metadata",
          "status": "passed",
          "title": "builds canonical create inputs with target-aware item kind and import metadata",
          "duration": 0.44391600000000153,
          "failureMessages": [],
          "meta": {},
          "tags": []
        }
      ],
      "startTime": 1786274211560,
      "endTime": 1786274211567.4438,
      "status": "passed",
      "message": "",
      "name": "/Users/amankumarshrestha/LapenInns Project/nabatableLP/tests/server/google-business-profile-food-menus-canonical-domain.test.ts"
    },
    {
      "assertionResults": [
        {
          "ancestorTitles": ["google business profile food menus canonical normalization"],
          "fullName": "google business profile food menus canonical normalization normalizes text and sorted string values",
          "status": "passed",
          "title": "normalizes text and sorted string values",
          "duration": 5.401374999999973,
          "failureMessages": [],
          "meta": {},
          "tags": []
        },
        {
          "ancestorTitles": ["google business profile food menus canonical normalization"],
          "fullName": "google business profile food menus canonical normalization maps spice, allergen, dietary, and preparation text in both directions",
          "status": "passed",
          "title": "maps spice, allergen, dietary, and preparation text in both directions",
          "duration": 0.6072500000000218,
          "failureMessages": [],
          "meta": {},
          "tags": []
        },
        {
          "ancestorTitles": ["google business profile food menus canonical normalization"],
          "fullName": "google business profile food menus canonical normalization converts nutrition amounts between supported units",
          "status": "passed",
          "title": "converts nutrition amounts between supported units",
          "duration": 0.23099999999999454,
          "failureMessages": [],
          "meta": {},
          "tags": []
        }
      ],
      "startTime": 1786274214397,
      "endTime": 1786274214403.231,
      "status": "passed",
      "message": "",
      "name": "/Users/amankumarshrestha/LapenInns Project/nabatableLP/tests/server/google-business-profile-food-menus-canonical-normalization.test.ts"
    },
    {
      "assertionResults": [
        {
          "ancestorTitles": ["google business profile food menus canonical patches"],
          "fullName": "google business profile food menus canonical patches builds canonical update payloads from suggested patches",
          "status": "passed",
          "title": "builds canonical update payloads from suggested patches",
          "duration": 6.968208000000004,
          "failureMessages": [],
          "meta": {},
          "tags": []
        },
        {
          "ancestorTitles": ["google business profile food menus canonical patches"],
          "fullName": "google business profile food menus canonical patches builds canonical create inputs with target-aware menu and item kinds",
          "status": "passed",
          "title": "builds canonical create inputs with target-aware menu and item kinds",
          "duration": 0.6200830000000224,
          "failureMessages": [],
          "meta": {},
          "tags": []
        }
      ],
      "startTime": 1786274213195,
      "endTime": 1786274213202.62,
      "status": "passed",
      "message": "",
      "name": "/Users/amankumarshrestha/LapenInns Project/nabatableLP/tests/server/google-business-profile-food-menus-canonical-patches.test.ts"
    },
    {
      "assertionResults": [
        {
          "ancestorTitles": ["google business profile food menus canonical projection"],
          "fullName": "google business profile food menus canonical projection builds canonical Google attributes while filtering unusable media URLs",
          "status": "passed",
          "title": "builds canonical Google attributes while filtering unusable media URLs",
          "duration": 6.280582999999979,
          "failureMessages": [],
          "meta": {},
          "tags": []
        },
        {
          "ancestorTitles": ["google business profile food menus canonical projection"],
          "fullName": "google business profile food menus canonical projection detects option display modes and builds parent-only from-price rows",
          "status": "passed",
          "title": "detects option display modes and builds parent-only from-price rows",
          "duration": 4.0031660000000215,
          "failureMessages": [],
          "meta": {},
          "tags": []
        },
        {
          "ancestorTitles": ["google business profile food menus canonical projection"],
          "fullName": "google business profile food menus canonical projection builds expanded option rows with inherited parent attributes",
          "status": "passed",
          "title": "builds expanded option rows with inherited parent attributes",
          "duration": 0.24566599999997152,
          "failureMessages": [],
          "meta": {},
          "tags": []
        },
        {
          "ancestorTitles": ["google business profile food menus canonical projection"],
          "fullName": "google business profile food menus canonical projection builds canonical option paths and skips inactive canonical items",
          "status": "passed",
          "title": "builds canonical option paths and skips inactive canonical items",
          "duration": 0.5121660000000361,
          "failureMessages": [],
          "meta": {},
          "tags": []
        }
      ],
      "startTime": 1786274209409,
      "endTime": 1786274209419.5122,
      "status": "passed",
      "message": "",
      "name": "/Users/amankumarshrestha/LapenInns Project/nabatableLP/tests/server/google-business-profile-food-menus-canonical-projection.test.ts"
    },
    {
      "assertionResults": [
        {
          "ancestorTitles": ["Google Business Profile FoodMenus context"],
          "fullName": "Google Business Profile FoodMenus context returns FoodMenus eligibility from the linked Google location metadata",
          "status": "passed",
          "title": "returns FoodMenus eligibility from the linked Google location metadata",
          "duration": 76.50166700000005,
          "failureMessages": [],
          "meta": {},
          "tags": []
        },
        {
          "ancestorTitles": ["Google Business Profile FoodMenus context"],
          "fullName": "Google Business Profile FoodMenus context blocks FoodMenus context when Google marks the location as ineligible",
          "status": "passed",
          "title": "blocks FoodMenus context when Google marks the location as ineligible",
          "duration": 0.5857910000000288,
          "failureMessages": [],
          "meta": {},
          "tags": []
        }
      ],
      "startTime": 1786274206079,
      "endTime": 1786274206156.5857,
      "status": "passed",
      "message": "",
      "name": "/Users/amankumarshrestha/LapenInns Project/nabatableLP/tests/server/google-business-profile-food-menus-context.test.ts"
    },
    {
      "assertionResults": [
        {
          "ancestorTitles": ["google business profile food menus import decision domain"],
          "fullName": "google business profile food menus import decision domain parses suggested item patches with normalization and conservative filtering",
          "status": "passed",
          "title": "parses suggested item patches with normalization and conservative filtering",
          "duration": 0.9417920000000208,
          "failureMessages": [],
          "meta": {},
          "tags": []
        },
        {
          "ancestorTitles": ["google business profile food menus import decision domain"],
          "fullName": "google business profile food menus import decision domain returns null for non-object or empty scalar-only suggested patches",
          "status": "passed",
          "title": "returns null for non-object or empty scalar-only suggested patches",
          "duration": 0.19037499999996044,
          "failureMessages": [],
          "meta": {},
          "tags": []
        },
        {
          "ancestorTitles": ["google business profile food menus import decision domain"],
          "fullName": "google business profile food menus import decision domain drops invalid numeric values from suggested patches",
          "status": "passed",
          "title": "drops invalid numeric values from suggested patches",
          "duration": 0.0645420000000172,
          "failureMessages": [],
          "meta": {},
          "tags": []
        },
        {
          "ancestorTitles": ["google business profile food menus import decision domain"],
          "fullName": "google business profile food menus import decision domain normalizes modifier numeric fields so patches cannot create negative option prices",
          "status": "passed",
          "title": "normalizes modifier numeric fields so patches cannot create negative option prices",
          "duration": 0.12633399999998574,
          "failureMessages": [],
          "meta": {},
          "tags": []
        },
        {
          "ancestorTitles": ["google business profile food menus import decision domain"],
          "fullName": "google business profile food menus import decision domain validates create suggestions by required item fields and non-negative price",
          "status": "passed",
          "title": "validates create suggestions by required item fields and non-negative price",
          "duration": 0.15441699999996672,
          "failureMessages": [],
          "meta": {},
          "tags": []
        },
        {
          "ancestorTitles": ["google business profile food menus import decision domain"],
          "fullName": "google business profile food menus import decision domain parses menu metadata patches while preserving explicit null clears",
          "status": "passed",
          "title": "parses menu metadata patches while preserving explicit null clears",
          "duration": 0.08933300000001054,
          "failureMessages": [],
          "meta": {},
          "tags": []
        },
        {
          "ancestorTitles": ["google business profile food menus import decision domain"],
          "fullName": "google business profile food menus import decision domain detects present patch keys separately from truthiness",
          "status": "passed",
          "title": "detects present patch keys separately from truthiness",
          "duration": 0.07795800000002373,
          "failureMessages": [],
          "meta": {},
          "tags": []
        }
      ],
      "startTime": 1786274227621,
      "endTime": 1786274227622.1904,
      "status": "passed",
      "message": "",
      "name": "/Users/amankumarshrestha/LapenInns Project/nabatableLP/tests/server/google-business-profile-food-menus-import-decision-domain.test.ts"
    },
    {
      "assertionResults": [
        {
          "ancestorTitles": ["google business profile food menus import mapping"],
          "fullName": "google business profile food menus import mapping maps Google dietary and allergen enums to Nabatable tags",
          "status": "passed",
          "title": "maps Google dietary and allergen enums to Nabatable tags",
          "duration": 0.7547500000000014,
          "failureMessages": [],
          "meta": {},
          "tags": []
        },
        {
          "ancestorTitles": ["google business profile food menus import mapping"],
          "fullName": "google business profile food menus import mapping maps Google spiciness into local spice levels",
          "status": "passed",
          "title": "maps Google spiciness into local spice levels",
          "duration": 0.1887909999999806,
          "failureMessages": [],
          "meta": {},
          "tags": []
        },
        {
          "ancestorTitles": ["google business profile food menus import mapping"],
[...]
          "status": "passed",
          "title": "unwraps only the authorization URL from createGoogleBusinessProfileAuthorizationUrl @contract",
          "duration": 0.26583400000004076,
          "failureMessages": [],
          "meta": {},
          "tags": []
        },
        {
          "ancestorTitles": ["servicePublic facade"],
          "fullName": "servicePublic facade completes authorizations with state token, code, and tenant expectation @contract @security",
          "status": "passed",
          "title": "completes authorizations with state token, code, and tenant expectation @contract @security",
          "duration": 0.16995900000000574,
          "failureMessages": [],
          "meta": {},
          "tags": []
        },
        {
          "ancestorTitles": ["servicePublic facade"],
          "fullName": "servicePublic facade reads connection state with default and explicit options @contract",
          "status": "passed",
          "title": "reads connection state with default and explicit options @contract",
          "duration": 0.2697080000000369,
          "failureMessages": [],
          "meta": {},
          "tags": []
        },
        {
          "ancestorTitles": ["servicePublic facade"],
          "fullName": "servicePublic facade passes forceRefresh through and returns empty location lists untouched @contract",
          "status": "passed",
          "title": "passes forceRefresh through and returns empty location lists untouched @contract",
          "duration": 0.2140410000000088,
          "failureMessages": [],
          "meta": {},
          "tags": []
        },
        {
          "ancestorTitles": ["servicePublic facade"],
          "fullName": "servicePublic facade forwards business information sync run kinds @contract",
          "status": "passed",
          "title": "forwards business information sync run kinds @contract",
          "duration": 0.6349999999999909,
          "failureMessages": [],
          "meta": {},
          "tags": []
        },
        {
          "ancestorTitles": ["servicePublic facade"],
          "fullName": "servicePublic facade forwards profile sync direction, fields, and approved profile @contract",
          "status": "passed",
          "title": "forwards profile sync direction, fields, and approved profile @contract",
          "duration": 0.32570900000001757,
          "failureMessages": [],
          "meta": {},
          "tags": []
        },
        {
          "ancestorTitles": ["servicePublic facade"],
          "fullName": "servicePublic facade forwards operating hours selection and approved snapshot @contract",
          "status": "passed",
          "title": "forwards operating hours selection and approved snapshot @contract",
          "duration": 0.24016699999998536,
          "failureMessages": [],
          "meta": {},
          "tags": []
        },
        {
          "ancestorTitles": ["servicePublic facade"],
          "fullName": "servicePublic facade forwards service period selection and approved periods @contract",
          "status": "passed",
          "title": "forwards service period selection and approved periods @contract",
          "duration": 0.11158299999999599,
          "failureMessages": [],
          "meta": {},
          "tags": []
        },
        {
          "ancestorTitles": ["servicePublic facade"],
          "fullName": "servicePublic facade forwards location and attribute patches with their masks @contract",
          "status": "passed",
          "title": "forwards location and attribute patches with their masks @contract",
          "duration": 0.10279100000002472,
          "failureMessages": [],
          "meta": {},
          "tags": []
        },
        {
          "ancestorTitles": ["servicePublic facade"],
          "fullName": "servicePublic facade links and disconnects locations for the given restaurant @contract @security",
          "status": "passed",
          "title": "links and disconnects locations for the given restaurant @contract @security",
          "duration": 0.341542000000004,
          "failureMessages": [],
          "meta": {},
          "tags": []
        },
        {
          "ancestorTitles": ["servicePublic facade"],
          "fullName": "servicePublic facade fails closed when disconnect has no authenticated server operator @contract @security",
          "status": "passed",
          "title": "fails closed when disconnect has no authenticated server operator @contract @security",
          "duration": 0.35575000000000045,
          "failureMessages": [],
          "meta": {},
          "tags": []
        },
        {
          "ancestorTitles": ["servicePublic facade"],
          "fullName": "servicePublic facade propagates runtime errors unchanged to callers @contract",
          "status": "passed",
          "title": "propagates runtime errors unchanged to callers @contract",
          "duration": 0.11954200000002402,
          "failureMessages": [],
          "meta": {},
          "tags": []
        }
      ],
      "startTime": 1786274215051,
      "endTime": 1786274215058.3557,
      "status": "passed",
      "message": "",
      "name": "/Users/amankumarshrestha/LapenInns Project/nabatableLP/tests/server/google-business-profile/service-public.test.ts"
    },
    {
      "assertionResults": [
        {
          "ancestorTitles": ["Wave 1C provider foundations"],
          "fullName": "Wave 1C provider foundations rejects a caller-supplied protected header before dispatch",
          "status": "passed",
          "title": "rejects a caller-supplied protected header before dispatch",
          "duration": 1.5272079999999733,
          "failureMessages": [],
          "meta": {},
          "tags": []
        },
        {
          "ancestorTitles": ["Wave 1C provider foundations"],
          "fullName": "Wave 1C provider foundations caps a streamed response with content-length undefined",
          "status": "passed",
          "title": "caps a streamed response with content-length undefined",
          "duration": 1.799000000000035,
          "failureMessages": [],
          "meta": {},
          "tags": []
        },
        {
          "ancestorTitles": ["Wave 1C provider foundations"],
          "fullName": "Wave 1C provider foundations caps a streamed response with content-length 0",
          "status": "passed",
          "title": "caps a streamed response with content-length 0",
          "duration": 0.49166700000000674,
          "failureMessages": [],
          "meta": {},
          "tags": []
        },
        {
          "ancestorTitles": ["Wave 1C provider foundations"],
          "fullName": "Wave 1C provider foundations rejects malformed JSON and schema-invalid JSON at the response boundary",
          "status": "passed",
          "title": "rejects malformed JSON and schema-invalid JSON at the response boundary",
          "duration": 1.5946670000000154,
          "failureMessages": [],
          "meta": {},
          "tags": []
        },
        {
          "ancestorTitles": ["Wave 1C provider foundations"],
          "fullName": "Wave 1C provider foundations applies the outer deadline while a response body is stalled",
          "status": "passed",
          "title": "applies the outer deadline while a response body is stalled",
          "duration": 1.678875000000005,
          "failureMessages": [],
          "meta": {},
          "tags": []
        },
        {
          "ancestorTitles": ["Wave 1C provider foundations"],
          "fullName": "Wave 1C provider foundations never retries mutations",
          "status": "passed",
          "title": "never retries mutations",
          "duration": 1.8748749999999745,
          "failureMessages": [],
          "meta": {},
          "tags": []
        },
        {
          "ancestorTitles": ["Wave 1C provider foundations"],
          "fullName": "Wave 1C provider foundations does not shorten Retry-After beyond the retry ceiling",
          "status": "passed",
          "title": "does not shorten Retry-After beyond the retry ceiling",
          "duration": 0.4544580000000451,
          "failureMessages": [],
          "meta": {},
          "tags": []
        },
        {
          "ancestorTitles": ["Wave 1C provider foundations"],
          "fullName": "Wave 1C provider foundations retries a GET at most twice for retryable network failures",
          "status": "passed",
          "title": "retries a GET at most twice for retryable network failures",
          "duration": 1.6202089999999885,
          "failureMessages": [],
          "meta": {},
          "tags": []
        },
        {
          "ancestorTitles": ["Wave 1C provider foundations"],
          "fullName": "Wave 1C provider foundations binds credential envelopes to profile and column AAD",
          "status": "passed",
          "title": "binds credential envelopes to profile and column AAD",
          "duration": 0.9463329999999814,
          "failureMessages": [],
          "meta": {},
          "tags": []
        },
        {
          "ancestorTitles": ["Wave 1C provider foundations"],
          "fullName": "Wave 1C provider foundations keeps rotation dry-run-first and caps a batch at 100",
          "status": "passed",
          "title": "keeps rotation dry-run-first and caps a batch at 100",
          "duration": 1.603416999999979,
          "failureMessages": [],
          "meta": {},
          "tags": []
        },
        {
          "ancestorTitles": ["Wave 1C provider foundations"],
          "fullName": "Wave 1C provider foundations normalizes known masks and fails all on an unknown provider path",
          "status": "passed",
          "title": "normalizes known masks and fails all on an unknown provider path",
          "duration": 0.26124999999996135,
          "failureMessages": [],
          "meta": {},
          "tags": []
        },
        {
          "ancestorTitles": ["Wave 1C provider foundations"],
          "fullName": "Wave 1C provider foundations uses stable request hashes for canonical JSON",
          "status": "passed",
          "title": "uses stable request hashes for canonical JSON",
          "duration": 0.16075000000000728,
          "failureMessages": [],
          "meta": {},
          "tags": []
        },
        {
          "ancestorTitles": ["Wave 1C provider foundations"],
          "fullName": "Wave 1C provider foundations rejects a missing OIDC ID token before identity persistence",
          "status": "passed",
          "title": "rejects a missing OIDC ID token before identity persistence",
          "duration": 0.1832499999999868,
          "failureMessages": [],
          "meta": {},
          "tags": []
        },
        {
          "ancestorTitles": ["Wave 1C provider foundations"],
          "fullName": "Wave 1C provider foundations dispatches a matching permit before the provider and finalizes consumed",
          "status": "passed",
          "title": "dispatches a matching permit before the provider and finalizes consumed",
          "duration": 1.7216250000000173,
          "failureMessages": [],
          "meta": {},
          "tags": []
        },
        {
          "ancestorTitles": ["Wave 1C provider foundations"],
          "fullName": "Wave 1C provider foundations rejects a conflicting notification topic without overwriting settings",
          "status": "passed",
          "title": "rejects a conflicting notification topic without overwriting settings",
          "duration": 0.6422919999999976,
          "failureMessages": [],
          "meta": {},
          "tags": []
        }
      ],
      "startTime": 1786274206847,
      "endTime": 1786274206863.7217,
      "status": "passed",
      "message": "",
      "name": "/Users/amankumarshrestha/LapenInns Project/nabatableLP/tests/server/google-business-profile/wave1c-provider.test.ts"
    },
    {
      "assertionResults": [
        {
          "ancestorTitles": ["retryGoogleBusinessProfileWorkflowGooglePushState"],
          "fullName": "retryGoogleBusinessProfileWorkflowGooglePushState rejects retries for unknown publish jobs before touching anything @contract",
          "status": "passed",
          "title": "rejects retries for unknown publish jobs before touching anything @contract",
          "duration": 2.569500000000005,
          "failureMessages": [],
          "meta": {},
          "tags": []
        },
        {
          "ancestorTitles": ["retryGoogleBusinessProfileWorkflowGooglePushState"],
          "fullName": "retryGoogleBusinessProfileWorkflowGooglePushState rejects retries for nabatable-only jobs @contract",
          "status": "passed",
          "title": "rejects retries for nabatable-only jobs @contract",
          "duration": 0.5833329999999819,
          "failureMessages": [],
          "meta": {},
          "tags": []
        },
        {
          "ancestorTitles": ["retryGoogleBusinessProfileWorkflowGooglePushState"],
          "fullName": "retryGoogleBusinessProfileWorkflowGooglePushState rejects retries when no valid Google update masks survive normalization @contract",
          "status": "passed",
          "title": "rejects retries when no valid Google update masks survive normalization @contract",
          "duration": 0.286042000000009,
          "failureMessages": [],
          "meta": {},
          "tags": []
        },
        {
          "ancestorTitles": ["retryGoogleBusinessProfileWorkflowGooglePushState"],
          "fullName": "retryGoogleBusinessProfileWorkflowGooglePushState rejects retries for jobs outside the retryable statuses @contract",
          "status": "passed",
          "title": "rejects retries for jobs outside the retryable statuses @contract",
          "duration": 0.16449999999997544,
          "failureMessages": [],
          "meta": {},
          "tags": []
        },
        {
          "ancestorTitles": ["retryGoogleBusinessProfileWorkflowGooglePushState"],
          "fullName": "retryGoogleBusinessProfileWorkflowGooglePushState gives up permanently when prior errors carry non-retryable evidence @contract",
          "status": "passed",
          "title": "gives up permanently when prior errors carry non-retryable evidence @contract",
          "duration": 0.3446670000000154,
          "failureMessages": [],
          "meta": {},
          "tags": []
        },
        {
          "ancestorTitles": ["retryGoogleBusinessProfileWorkflowGooglePushState"],
          "fullName": "retryGoogleBusinessProfileWorkflowGooglePushState fails when the backing draft row is missing @contract",
          "status": "passed",
          "title": "fails when the backing draft row is missing @contract",
          "duration": 0.3681670000000281,
          "failureMessages": [],
          "meta": {},
          "tags": []
        },
        {
          "ancestorTitles": ["retryGoogleBusinessProfileWorkflowGooglePushState"],
          "fullName": "retryGoogleBusinessProfileWorkflowGooglePushState blocks the retry when Nabatable core data changed after the publish @contract",
          "status": "passed",
          "title": "blocks the retry when Nabatable core data changed after the publish @contract",
          "duration": 0.46050000000002456,
          "failureMessages": [],
          "meta": {},
          "tags": []
        },
        {
          "ancestorTitles": ["retryGoogleBusinessProfileWorkflowGooglePushState"],
          "fullName": "retryGoogleBusinessProfileWorkflowGooglePushState refuses to push when Google writes are disabled for the linked profile @contract @security",
          "status": "passed",
          "title": "refuses to push when Google writes are disabled for the linked profile @contract @security",
          "duration": 0.2842499999999859,
          "failureMessages": [],
          "meta": {},
          "tags": []
        },
        {
          "ancestorTitles": ["retryGoogleBusinessProfileWorkflowGooglePushState"],
          "fullName": "retryGoogleBusinessProfileWorkflowGooglePushState records a reconciliation-required failure when core changes land between check and claim @contract",
          "status": "passed",
          "title": "records a reconciliation-required failure when core changes land between check and claim @contract",
          "duration": 0.8729170000000295,
          "failureMessages": [],
          "meta": {},
          "tags": []
        },
        {
          "ancestorTitles": ["retryGoogleBusinessProfileWorkflowGooglePushState"],
          "fullName": "retryGoogleBusinessProfileWorkflowGooglePushState propagates claim conflicts without pushing to Google @contract",
          "status": "passed",
          "title": "propagates claim conflicts without pushing to Google @contract",
          "duration": 0.251041999999984,
          "failureMessages": [],
          "meta": {},
          "tags": []
        },
        {
          "ancestorTitles": ["retryGoogleBusinessProfileWorkflowGooglePushState"],
          "fullName": "retryGoogleBusinessProfileWorkflowGooglePushState marks the job google_failed with the classified error when the push fails @contract @external-mock",
          "status": "passed",
          "title": "marks the job google_failed with the classified error when the push fails @contract @external-mock",
          "duration": 0.2839999999999918,
          "failureMessages": [],
          "meta": {},
          "tags": []
        },
        {
          "ancestorTitles": ["retryGoogleBusinessProfileWorkflowGooglePushState"],
          "fullName": "retryGoogleBusinessProfileWorkflowGooglePushState classifies unclassified push failures as retryable and keeps the previous event id @contract @external-mock",
          "status": "passed",
          "title": "classifies unclassified push failures as retryable and keeps the previous event id @contract @external-mock",
          "duration": 0.42704200000002857,
          "failureMessages": [],
          "meta": {},
          "tags": []
        },
        {
          "ancestorTitles": ["retryGoogleBusinessProfileWorkflowGooglePushState"],
          "fullName": "retryGoogleBusinessProfileWorkflowGooglePushState preserves an explicit null classification from the push failure @contract @external-mock",
          "status": "passed",
          "title": "preserves an explicit null classification from the push failure @contract @external-mock",
          "duration": 0.43179200000002993,
          "failureMessages": [],
          "meta": {},
          "tags": []
        },
        {
          "ancestorTitles": ["retryGoogleBusinessProfileWorkflowGooglePushState"],
          "fullName": "retryGoogleBusinessProfileWorkflowGooglePushState publishes the job and draft with pinned timestamps on a successful retry @contract @external-mock",
          "status": "passed",
          "title": "publishes the job and draft with pinned timestamps on a successful retry @contract @external-mock",
          "duration": 0.39837499999998727,
          "failureMessages": [],
          "meta": {},
          "tags": []
        },
        {
          "ancestorTitles": ["retryGoogleBusinessProfileWorkflowGooglePushState"],
          "fullName": "retryGoogleBusinessProfileWorkflowGooglePushState flags reconciliation when the local status update fails after Google succeeded @contract @external-mock",
          "status": "passed",
          "title": "flags reconciliation when the local status update fails after Google succeeded @contract @external-mock",
          "duration": 0.19874999999996135,
          "failureMessages": [],
          "meta": {},
          "tags": []
        }
      ],
      "startTime": 1786274211205,
      "endTime": 1786274211213.3984,
      "status": "passed",
      "message": "",
      "name": "/Users/amankumarshrestha/LapenInns Project/nabatableLP/tests/server/google-business-profile/workflow-publish-retry-service.test.ts"
    }
  ]
}
