{
  "numTotalTestSuites": 227,
  "numPassedTestSuites": 227,
  "numFailedTestSuites": 0,
  "numPendingTestSuites": 0,
  "numTotalTests": 660,
  "numPassedTests": 660,
  "numFailedTests": 0,
  "numPendingTests": 0,
  "numTodoTests": 0,
  "snapshot": {
    "added": 0,
    "failure": false,
    "filesAdded": 0,
    "filesRemoved": 0,
    "filesRemovedList": [],
    "filesUnmatched": 0,
    "filesUpdated": 0,
    "matched": 0,
    "total": 0,
    "unchecked": 0,
    "uncheckedKeysByFile": [],
    "unmatched": 0,
    "updated": 0,
    "didUpdate": false
  },
  "startTime": 1786278705198,
  "success": true,
  "testResults": [
    {
      "assertionResults": [
        {
          "ancestorTitles": ["google business profile business info attribute normalization"],
          "fullName": "google business profile business info attribute normalization normalizes attribute value metadata while filtering empty entries",
          "status": "passed",
          "title": "normalizes attribute value metadata while filtering empty entries",
          "duration": 0.8516250000000127,
          "failureMessages": [],
          "meta": {},
          "tags": []
        },
        {
          "ancestorTitles": ["google business profile business info attribute normalization"],
          "fullName": "google business profile business info attribute normalization builds raw attribute value JSON with stable defaults",
          "status": "passed",
          "title": "builds raw attribute value JSON with stable defaults",
          "duration": 0.22179199999999355,
          "failureMessages": [],
          "meta": {},
          "tags": []
        },
        {
          "ancestorTitles": ["google business profile business info attribute normalization"],
          "fullName": "google business profile business info attribute normalization builds raw enum and display value payloads",
          "status": "passed",
          "title": "builds raw enum and display value payloads",
          "duration": 0.11783300000001873,
          "failureMessages": [],
          "meta": {},
          "tags": []
        }
      ],
      "startTime": 1786278735587,
      "endTime": 1786278735588.2217,
      "status": "passed",
      "message": "",
      "name": "/Users/amankumarshrestha/LapenInns Project/nabatableLP/tests/server/google-business-profile-business-info-attribute-normalization.test.ts"
    },
    {
      "assertionResults": [
        {
          "ancestorTitles": ["google business profile business info canonical attributes"],
          "fullName": "google business profile business info canonical attributes builds normalized attribute rows and derived URI links",
          "status": "passed",
          "title": "builds normalized attribute rows and derived URI links",
          "duration": 1.6578329999999823,
          "failureMessages": [],
          "meta": {},
          "tags": []
        },
        {
          "ancestorTitles": ["google business profile business info canonical attributes"],
          "fullName": "google business profile business info canonical attributes returns empty rows when attributes are unavailable",
          "status": "passed",
          "title": "returns empty rows when attributes are unavailable",
          "duration": 0.14687500000002274,
          "failureMessages": [],
          "meta": {},
          "tags": []
        }
      ],
      "startTime": 1786278731923,
      "endTime": 1786278731924.6577,
      "status": "passed",
      "message": "",
      "name": "/Users/amankumarshrestha/LapenInns Project/nabatableLP/tests/server/google-business-profile-business-info-canonical-attributes.test.ts"
    },
    {
      "assertionResults": [
        {
          "ancestorTitles": ["google business profile business info canonical categories"],
          "fullName": "google business profile business info canonical categories builds primary and additional category rows",
          "status": "passed",
          "title": "builds primary and additional category rows",
          "duration": 1.0056249999999523,
          "failureMessages": [],
          "meta": {},
          "tags": []
        },
        {
          "ancestorTitles": ["google business profile business info canonical categories"],
          "fullName": "google business profile business info canonical categories returns empty rows when categories are unavailable",
          "status": "passed",
          "title": "returns empty rows when categories are unavailable",
          "duration": 0.22420800000003283,
          "failureMessages": [],
          "meta": {},
          "tags": []
        }
      ],
      "startTime": 1786278735030,
      "endTime": 1786278735031.224,
      "status": "passed",
      "message": "",
      "name": "/Users/amankumarshrestha/LapenInns Project/nabatableLP/tests/server/google-business-profile-business-info-canonical-categories.test.ts"
    },
    {
      "assertionResults": [
        {
          "ancestorTitles": ["google business profile business info canonical contact"],
          "fullName": "google business profile business info canonical contact builds storefront address, phone, and base link rows",
          "status": "passed",
          "title": "builds storefront address, phone, and base link rows",
          "duration": 1.6083750000000236,
          "failureMessages": [],
          "meta": {},
          "tags": []
        },
        {
          "ancestorTitles": ["google business profile business info canonical contact"],
          "fullName": "google business profile business info canonical contact returns empty rows when contact payloads are unavailable",
          "status": "passed",
          "title": "returns empty rows when contact payloads are unavailable",
          "duration": 0.20562499999999773,
          "failureMessages": [],
          "meta": {},
          "tags": []
        }
      ],
      "startTime": 1786278737259,
      "endTime": 1786278737260.6084,
      "status": "passed",
      "message": "",
      "name": "/Users/amankumarshrestha/LapenInns Project/nabatableLP/tests/server/google-business-profile-business-info-canonical-contact.test.ts"
    },
    {
      "assertionResults": [
        {
          "ancestorTitles": ["google business profile business info canonical details"],
          "fullName": "google business profile business info canonical details builds a normalized business details row",
          "status": "passed",
          "title": "builds a normalized business details row",
          "duration": 1.4245410000000334,
          "failureMessages": [],
          "meta": {},
          "tags": []
        },
        {
          "ancestorTitles": ["google business profile business info canonical details"],
          "fullName": "google business profile business info canonical details emits a details row for service-area-only locations",
          "status": "passed",
          "title": "emits a details row for service-area-only locations",
          "duration": 0.21562499999998863,
          "failureMessages": [],
          "meta": {},
          "tags": []
        },
        {
          "ancestorTitles": ["google business profile business info canonical details"],
          "fullName": "google business profile business info canonical details returns null when no canonical details fields are available",
          "status": "passed",
          "title": "returns null when no canonical details fields are available",
          "duration": 0.07883400000002894,
          "failureMessages": [],
          "meta": {},
          "tags": []
        }
      ],
      "startTime": 1786278737878,
      "endTime": 1786278737879.4246,
      "status": "passed",
      "message": "",
      "name": "/Users/amankumarshrestha/LapenInns Project/nabatableLP/tests/server/google-business-profile-business-info-canonical-details.test.ts"
    },
    {
      "assertionResults": [
        {
          "ancestorTitles": ["google business profile business info canonical hours"],
          "fullName": "google business profile business info canonical hours builds public, special, and service hour rows",
          "status": "passed",
          "title": "builds public, special, and service hour rows",
          "duration": 1.1737080000000333,
          "failureMessages": [],
          "meta": {},
          "tags": []
        },
        {
          "ancestorTitles": ["google business profile business info canonical hours"],
          "fullName": "google business profile business info canonical hours returns empty rows when the location has no hours payloads",
          "status": "passed",
          "title": "returns empty rows when the location has no hours payloads",
          "duration": 0.12262500000002774,
          "failureMessages": [],
          "meta": {},
          "tags": []
        }
      ],
      "startTime": 1786278736709,
      "endTime": 1786278736710.1738,
      "status": "passed",
      "message": "",
      "name": "/Users/amankumarshrestha/LapenInns Project/nabatableLP/tests/server/google-business-profile-business-info-canonical-hours.test.ts"
    },
    {
      "assertionResults": [
        {
          "ancestorTitles": ["google business profile business info canonical rows"],
          "fullName": "google business profile business info canonical rows normalizes helper values used by canonical row construction",
          "status": "passed",
          "title": "normalizes helper values used by canonical row construction",
          "duration": 0.7420000000000186,
          "failureMessages": [],
          "meta": {},
          "tags": []
        },
        {
          "ancestorTitles": ["google business profile business info canonical rows"],
          "fullName": "google business profile business info canonical rows builds display text for boolean, enum, text, and uri attributes",
          "status": "passed",
          "title": "builds display text for boolean, enum, text, and uri attributes",
          "duration": 0.31450000000000955,
          "failureMessages": [],
          "meta": {},
          "tags": []
        },
        {
          "ancestorTitles": ["google business profile business info canonical rows"],
          "fullName": "google business profile business info canonical rows maps a Google location and attributes payload into canonical insert rows",
          "status": "passed",
          "title": "maps a Google location and attributes payload into canonical insert rows",
          "duration": 1.5829579999999623,
          "failureMessages": [],
          "meta": {},
          "tags": []
        }
      ],
      "startTime": 1786278724493,
      "endTime": 1786278724495.583,
      "status": "passed",
      "message": "",
      "name": "/Users/amankumarshrestha/LapenInns Project/nabatableLP/tests/server/google-business-profile-business-info-canonical-rows.test.ts"
    },
    {
      "assertionResults": [
        {
          "ancestorTitles": ["google business profile business info canonical service areas"],
          "fullName": "google business profile business info canonical service areas builds service-area place rows from place infos",
          "status": "passed",
          "title": "builds service-area place rows from place infos",
          "duration": 1.2395419999999717,
          "failureMessages": [],
          "meta": {},
          "tags": []
        },
        {
          "ancestorTitles": ["google business profile business info canonical service areas"],
          "fullName": "google business profile business info canonical service areas falls back to a region row when place rows are unavailable",
          "status": "passed",
          "title": "falls back to a region row when place rows are unavailable",
          "duration": 0.24733399999996664,
          "failureMessages": [],
          "meta": {},
          "tags": []
        },
        {
          "ancestorTitles": ["google business profile business info canonical service areas"],
          "fullName": "google business profile business info canonical service areas returns empty rows when service-area payload is unavailable",
          "status": "passed",
          "title": "returns empty rows when service-area payload is unavailable",
          "duration": 0.05870799999996734,
          "failureMessages": [],
          "meta": {},
          "tags": []
        }
      ],
      "startTime": 1786278733613,
      "endTime": 1786278733614.2473,
      "status": "passed",
      "message": "",
      "name": "/Users/amankumarshrestha/LapenInns Project/nabatableLP/tests/server/google-business-profile-business-info-canonical-service-areas.test.ts"
    },
    {
      "assertionResults": [
        {
          "ancestorTitles": ["google business profile business info canonical service items"],
          "fullName": "google business profile business info canonical service items builds canonical service item rows from structured items",
          "status": "passed",
          "title": "builds canonical service item rows from structured items",
          "duration": 0.8952500000000327,
          "failureMessages": [],
          "meta": {},
          "tags": []
        },
        {
          "ancestorTitles": ["google business profile business info canonical service items"],
          "fullName": "google business profile business info canonical service items uses fallback keys for sparse service item payloads",
          "status": "passed",
          "title": "uses fallback keys for sparse service item payloads",
          "duration": 0.614750000000015,
          "failureMessages": [],
          "meta": {},
          "tags": []
        },
        {
          "ancestorTitles": ["google business profile business info canonical service items"],
          "fullName": "google business profile business info canonical service items returns empty rows when service items are unavailable",
          "status": "passed",
          "title": "returns empty rows when service items are unavailable",
          "duration": 0.05787499999996726,
          "failureMessages": [],
          "meta": {},
          "tags": []
        }
      ],
      "startTime": 1786278732206,
      "endTime": 1786278732207.6147,
      "status": "passed",
      "message": "",
      "name": "/Users/amankumarshrestha/LapenInns Project/nabatableLP/tests/server/google-business-profile-business-info-canonical-service-items.test.ts"
    },
    {
      "assertionResults": [
        {
          "ancestorTitles": ["google business profile business info field sync statuses"],
          "fullName": "google business profile business info field sync statuses builds stable entity and lookup keys",
          "status": "passed",
          "title": "builds stable entity and lookup keys",
          "duration": 0.7172090000000253,
          "failureMessages": [],
          "meta": {},
          "tags": []
        },
        {
          "ancestorTitles": ["google business profile business info field sync statuses"],
          "fullName": "google business profile business info field sync statuses builds a verified synced field status with provider and canonical value hashes",
          "status": "passed",
          "title": "builds a verified synced field status with provider and canonical value hashes",
          "duration": 0.6416670000000408,
          "failureMessages": [],
          "meta": {},
          "tags": []
        },
        {
          "ancestorTitles": ["google business profile business info field sync statuses"],
          "fullName": "google business profile business info field sync statuses creates detail and address field statuses from canonical rows",
          "status": "passed",
          "title": "creates detail and address field statuses from canonical rows",
          "duration": 0.8147500000000036,
          "failureMessages": [],
          "meta": {},
          "tags": []
        },
        {
          "ancestorTitles": ["google business profile business info field sync statuses"],
          "fullName": "google business profile business info field sync statuses can omit service item statuses when the optional Google section was unavailable",
          "status": "passed",
          "title": "can omit service item statuses when the optional Google section was unavailable",
          "duration": 0.25508400000001075,
          "failureMessages": [],
          "meta": {},
          "tags": []
        }
      ],
      "startTime": 1786278726716,
      "endTime": 1786278726718.8147,
      "status": "passed",
      "message": "",
      "name": "/Users/amankumarshrestha/LapenInns Project/nabatableLP/tests/server/google-business-profile-business-info-field-sync-status.test.ts"
    },
    {
      "assertionResults": [
        {
          "ancestorTitles": ["google business profile business info label normalization"],
          "fullName": "google business profile business info label normalization humanizes provider identifiers with existing separators and casing",
          "status": "passed",
          "title": "humanizes provider identifiers with existing separators and casing",
          "duration": 0.6922079999999937,
          "failureMessages": [],
          "meta": {},
          "tags": []
        }
      ],
      "startTime": 1786278739731,
      "endTime": 1786278739731.6921,
      "status": "passed",
      "message": "",
      "name": "/Users/amankumarshrestha/LapenInns Project/nabatableLP/tests/server/google-business-profile-business-info-label-normalization.test.ts"
    },
    {
      "assertionResults": [
        {
          "ancestorTitles": ["google business profile business info normalization core"],
          "fullName": "google business profile business info normalization core normalizes text and string arrays",
          "status": "passed",
          "title": "normalizes text and string arrays",
          "duration": 0.8309999999999604,
          "failureMessages": [],
          "meta": {},
          "tags": []
        },
        {
          "ancestorTitles": ["google business profile business info normalization core"],
          "fullName": "google business profile business info normalization core normalizes object records and nested text reads",
          "status": "passed",
          "title": "normalizes object records and nested text reads",
          "duration": 0.24883299999999053,
          "failureMessages": [],
          "meta": {},
          "tags": []
        },
        {
          "ancestorTitles": ["google business profile business info normalization core"],
          "fullName": "google business profile business info normalization core normalizes JSON arrays through a mapper",
          "status": "passed",
          "title": "normalizes JSON arrays through a mapper",
          "duration": 0.09370799999999235,
          "failureMessages": [],
          "meta": {},
          "tags": []
        },
        {
          "ancestorTitles": ["google business profile business info normalization core"],
          "fullName": "google business profile business info normalization core keeps unique strings in first-seen order",
          "status": "passed",
          "title": "keeps unique strings in first-seen order",
          "duration": 0.08729099999999335,
          "failureMessages": [],
          "meta": {},
          "tags": []
        },
        {
          "ancestorTitles": ["google business profile business info normalization core"],
          "fullName": "google business profile business info normalization core casts JSON payloads and hashes payloads stably",
          "status": "passed",
          "title": "casts JSON payloads and hashes payloads stably",
          "duration": 0.2040829999999687,
          "failureMessages": [],
          "meta": {},
          "tags": []
        }
      ],
      "startTime": 1786278734173,
      "endTime": 1786278734174.204,
      "status": "passed",
      "message": "",
      "name": "/Users/amankumarshrestha/LapenInns Project/nabatableLP/tests/server/google-business-profile-business-info-normalization-core.test.ts"
    },
    {
      "assertionResults": [
        {
          "ancestorTitles": ["google business profile business info normalization"],
          "fullName": "google business profile business info normalization normalizes Google time and date payload shapes",
          "status": "passed",
          "title": "normalizes Google time and date payload shapes",
          "duration": 0.8585830000000101,
          "failureMessages": [],
          "meta": {},
          "tags": []
        },
        {
          "ancestorTitles": ["google business profile business info normalization"],
          "fullName": "google business profile business info normalization normalizes Google place identifiers from direct and nested payloads",
          "status": "passed",
          "title": "normalizes Google place identifiers from direct and nested payloads",
          "duration": 0.21125000000000682,
          "failureMessages": [],
          "meta": {},
          "tags": []
        },
        {
          "ancestorTitles": ["google business profile business info normalization"],
          "fullName": "google business profile business info normalization builds formatted addresses from populated storefront address parts",
          "status": "passed",
          "title": "builds formatted addresses from populated storefront address parts",
          "duration": 0.07433300000002419,
          "failureMessages": [],
          "meta": {},
          "tags": []
        },
        {
          "ancestorTitles": ["google business profile business info normalization"],
          "fullName": "google business profile business info normalization derives service item display fields and stable fallback keys",
          "status": "passed",
          "title": "derives service item display fields and stable fallback keys",
          "duration": 0.33287500000000136,
          "failureMessages": [],
          "meta": {},
          "tags": []
        },
        {
          "ancestorTitles": ["google business profile business info normalization"],
          "fullName": "google business profile business info normalization respects optional service item fetch status from the location payload",
          "status": "passed",
          "title": "respects optional service item fetch status from the location payload",
          "duration": 0.06625000000002501,
          "failureMessages": [],
          "meta": {},
          "tags": []
        },
        {
          "ancestorTitles": ["google business profile business info normalization"],
          "fullName": "google business profile business info normalization humanizes provider identifiers for fallback labels",
          "status": "passed",
          "title": "humanizes provider identifiers for fallback labels",
          "duration": 0.08062499999999773,
          "failureMessages": [],
          "meta": {},
          "tags": []
        }
      ],
      "startTime": 1786278729110,
      "endTime": 1786278729111.3328,
      "status": "passed",
      "message": "",
      "name": "/Users/amankumarshrestha/LapenInns Project/nabatableLP/tests/server/google-business-profile-business-info-normalization.test.ts"
    },
    {
      "assertionResults": [
        {
          "ancestorTitles": ["google business profile business info place normalization"],
          "fullName": "google business profile business info place normalization picks Google place resource names from direct and nested payloads",
          "status": "passed",
          "title": "picks Google place resource names from direct and nested payloads",
          "duration": 0.9769169999999576,
          "failureMessages": [],
          "meta": {},
          "tags": []
        },
        {
          "ancestorTitles": ["google business profile business info place normalization"],
          "fullName": "google business profile business info place normalization picks Google place IDs directly or from resource names",
          "status": "passed",
          "title": "picks Google place IDs directly or from resource names",
          "duration": 0.22362500000002683,
          "failureMessages": [],
          "meta": {},
          "tags": []
        },
        {
          "ancestorTitles": ["google business profile business info place normalization"],
          "fullName": "google business profile business info place normalization builds formatted storefront addresses from populated address parts",
          "status": "passed",
          "title": "builds formatted storefront addresses from populated address parts",
          "duration": 0.13762499999995725,
          "failureMessages": [],
          "meta": {},
          "tags": []
        }
      ],
      "startTime": 1786278739084,
      "endTime": 1786278739085.2236,
      "status": "passed",
      "message": "",
      "name": "/Users/amankumarshrestha/LapenInns Project/nabatableLP/tests/server/google-business-profile-business-info-place-normalization.test.ts"
    },
    {
      "assertionResults": [
        {
          "ancestorTitles": ["google business profile business info read model mappers"],
          "fullName": "google business profile business info read model mappers normalizes category more-hours metadata and preserves verification status",
          "status": "passed",
          "title": "normalizes category more-hours metadata and preserves verification status",
          "duration": 1.3988330000000246,
          "failureMessages": [],
          "meta": {},
          "tags": []
        },
        {
          "ancestorTitles": ["google business profile business info read model mappers"],
          "fullName": "google business profile business info read model mappers normalizes attribute arrays, value metadata, records, and verification drift",
          "status": "passed",
          "title": "normalizes attribute arrays, value metadata, records, and verification drift",
          "duration": 0.37979100000001154,
          "failureMessages": [],
          "meta": {},
          "tags": []
        }
      ],
      "startTime": 1786278730533,
      "endTime": 1786278730535.38,
      "status": "passed",
      "message": "",
      "name": "/Users/amankumarshrestha/LapenInns Project/nabatableLP/tests/server/google-business-profile-business-info-read-model-mappers.test.ts"
    },
    {
      "assertionResults": [
        {
          "ancestorTitles": [
            "google business profile business info read model verification domain"
          ],
          "fullName": "google business profile business info read model verification domain builds lookup keys from field sync status rows",
          "status": "passed",
          "title": "builds lookup keys from field sync status rows",
          "duration": 0.7350420000000213,
          "failureMessages": [],
          "meta": {},
          "tags": []
        },
        {
          "ancestorTitles": [
            "google business profile business info read model verification domain"
          ],
          "fullName": "google business profile business info read model verification domain marks verification as synced only when provider hash matches the current value",
          "status": "passed",
          "title": "marks verification as synced only when provider hash matches the current value",
          "duration": 0.5128750000000082,
          "failureMessages": [],
          "meta": {},
          "tags": []
        },
        {
          "ancestorTitles": [
            "google business profile business info read model verification domain"
          ],
          "fullName": "google business profile business info read model verification domain returns the first drifted verification when combining field-level statuses",
          "status": "passed",
          "title": "returns the first drifted verification when combining field-level statuses",
          "duration": 0.10287500000004002,
          "failureMessages": [],
          "meta": {},
          "tags": []
        }
      ],
      "startTime": 1786278736144,
      "endTime": 1786278736145.513,
      "status": "passed",
      "message": "",
      "name": "/Users/amankumarshrestha/LapenInns Project/nabatableLP/tests/server/google-business-profile-business-info-read-model-verification.test.ts"
    },
    {
      "assertionResults": [
        {
          "ancestorTitles": ["google business profile business info read model"],
          "fullName": "google business profile business info read model marks field verification as drifted when provider and current values differ",
          "status": "passed",
          "title": "marks field verification as drifted when provider and current values differ",
          "duration": 1.021874999999966,
          "failureMessages": [],
          "meta": {},
          "tags": []
        },
        {
          "ancestorTitles": ["google business profile business info read model"],
          "fullName": "google business profile business info read model prefers drifted verification when combining field statuses",
          "status": "passed",
          "title": "prefers drifted verification when combining field statuses",
          "duration": 0.35558299999996734,
          "failureMessages": [],
          "meta": {},
          "tags": []
        },
        {
          "ancestorTitles": ["google business profile business info read model"],
          "fullName": "google business profile business info read model maps database rows and field sync statuses into the public read model",
          "status": "passed",
          "title": "maps database rows and field sync statuses into the public read model",
          "duration": 0.8538750000000164,
          "failureMessages": [],
          "meta": {},
          "tags": []
        }
      ],
      "startTime": 1786278727591,
      "endTime": 1786278727592.8538,
      "status": "passed",
      "message": "",
      "name": "/Users/amankumarshrestha/LapenInns Project/nabatableLP/tests/server/google-business-profile-business-info-read-model.test.ts"
    },
    {
      "assertionResults": [
        {
          "ancestorTitles": ["google business profile business info read persistence"],
          "fullName": "google business profile business info read persistence treats a missing field-sync-status table as optional during reads",
          "status": "passed",
          "title": "treats a missing field-sync-status table as optional during reads",
          "duration": 1.5703329999999482,
          "failureMessages": [],
          "meta": {},
          "tags": []
        },
        {
          "ancestorTitles": ["google business profile business info read persistence"],
          "fullName": "google business profile business info read persistence throws non-optional field-sync-status errors",
          "status": "passed",
          "title": "throws non-optional field-sync-status errors",
          "duration": 0.4087910000000079,
          "failureMessages": [],
          "meta": {},
          "tags": []
        },
        {
          "ancestorTitles": ["google business profile business info read persistence"],
          "fullName": "google business profile business info read persistence throws provider table query errors",
          "status": "passed",
          "title": "throws provider table query errors",
          "duration": 0.10300000000000864,
          "failureMessages": [],
          "meta": {},
          "tags": []
        }
      ],
      "startTime": 1786278726124,
      "endTime": 1786278726126.4087,
      "status": "passed",
      "message": "",
      "name": "/Users/amankumarshrestha/LapenInns Project/nabatableLP/tests/server/google-business-profile-business-info-read-persistence.test.ts"
    },
    {
      "assertionResults": [
        {
          "ancestorTitles": ["google business profile business info schedule normalization"],
          "fullName": "google business profile business info schedule normalization normalizes more-hours type metadata while filtering empty entries",
          "status": "passed",
          "title": "normalizes more-hours type metadata while filtering empty entries",
          "duration": 0.9716249999999604,
          "failureMessages": [],
          "meta": {},
          "tags": []
        },
        {
          "ancestorTitles": ["google business profile business info schedule normalization"],
          "fullName": "google business profile business info schedule normalization maps Google weekday strings to existing numeric values",
          "status": "passed",
          "title": "maps Google weekday strings to existing numeric values",
          "duration": 0.22483299999998962,
          "failureMessages": [],
          "meta": {},
          "tags": []
        },
        {
          "ancestorTitles": ["google business profile business info schedule normalization"],
          "fullName": "google business profile business info schedule normalization normalizes Google time strings and object payloads",
          "status": "passed",
          "title": "normalizes Google time strings and object payloads",
          "duration": 0.20212500000002365,
          "failureMessages": [],
          "meta": {},
          "tags": []
        },
        {
          "ancestorTitles": ["google business profile business info schedule normalization"],
          "fullName": "google business profile business info schedule normalization normalizes Google date payloads",
          "status": "passed",
          "title": "normalizes Google date payloads",
          "duration": 0.08754099999998743,
          "failureMessages": [],
          "meta": {},
          "tags": []
        }
      ],
      "startTime": 1786278734753,
      "endTime": 1786278734754.2249,
      "status": "passed",
      "message": "",
      "name": "/Users/amankumarshrestha/LapenInns Project/nabatableLP/tests/server/google-business-profile-business-info-schedule-normalization.test.ts"
    },
    {
      "assertionResults": [
        {
          "ancestorTitles": ["google business profile business info service item normalization"],
          "fullName": "google business profile business info service item normalization respects optional service item fetch status",
          "status": "passed",
          "title": "respects optional service item fetch status",
          "duration": 0.8292500000000018,
          "failureMessages": [],
          "meta": {},
          "tags": []
        },
        {
          "ancestorTitles": ["google business profile business info service item normalization"],
          "fullName": "google business profile business info service item normalization picks service item display fields by existing candidate order",
          "status": "passed",
          "title": "picks service item display fields by existing candidate order",
          "duration": 0.1834999999999809,
          "failureMessages": [],
          "meta": {},
          "tags": []
        },
        {
          "ancestorTitles": ["google business profile business info service item normalization"],
          "fullName": "google business profile business info service item normalization derives service item keys from direct identifiers before fallback hashes",
          "status": "passed",
          "title": "derives service item keys from direct identifiers before fallback hashes",
          "duration": 0.2712909999999624,
          "failureMessages": [],
          "meta": {},
          "tags": []
        }
      ],
      "startTime": 1786278736422,
      "endTime": 1786278736423.2712,
      "status": "passed",
      "message": "",
      "name": "/Users/amankumarshrestha/LapenInns Project/nabatableLP/tests/server/google-business-profile-business-info-service-item-normalization.test.ts"
    },
    {
      "assertionResults": [
        {
          "ancestorTitles": ["google business profile business info status normalization"],
          "fullName": "google business profile business info status normalization maps known Google business statuses and rejects unknown values",
          "status": "passed",
          "title": "maps known Google business statuses and rejects unknown values",
          "duration": 0.6402499999999804,
          "failureMessages": [],
          "meta": {},
          "tags": []
        }
      ],
      "startTime": 1786278740009,
      "endTime": 1786278740009.6401,
      "status": "passed",
      "message": "",
      "name": "/Users/amankumarshrestha/LapenInns Project/nabatableLP/tests/server/google-business-profile-business-info-status-normalization.test.ts"
    },
    {
      "assertionResults": [
        {
          "ancestorTitles": ["google business profile business info sync orchestration"],
          "fullName": "google business profile business info sync orchestration preserves existing service items when the optional segment was unavailable",
          "status": "passed",
          "title": "preserves existing service items when the optional segment was unavailable",
          "duration": 1.864832999999976,
          "failureMessages": [],
          "meta": {},
          "tags": []
        },
        {
          "ancestorTitles": ["google business profile business info sync orchestration"],
          "fullName": "google business profile business info sync orchestration replaces service items when Google explicitly returns an empty fetched segment",
          "status": "passed",
          "title": "replaces service items when Google explicitly returns an empty fetched segment",
          "duration": 0.5499589999999444,
          "failureMessages": [],
          "meta": {},
          "tags": []
        }
      ],
      "startTime": 1786278726411,
      "endTime": 1786278726412.8647,
      "status": "passed",
      "message": "",
      "name": "/Users/amankumarshrestha/LapenInns Project/nabatableLP/tests/server/google-business-profile-business-info-sync-orchestration.test.ts"
    },
    {
      "assertionResults": [
        {
          "ancestorTitles": ["google business profile business info sync persistence"],
          "fullName": "google business profile business info sync persistence builds profile change-log rows only for synced populated tables",
          "status": "passed",
          "title": "builds profile change-log rows only for synced populated tables",
          "duration": 1.0996659999999565,
          "failureMessages": [],
          "meta": {},
          "tags": []
        },
        {
          "ancestorTitles": ["google business profile business info sync persistence"],
          "fullName": "google business profile business info sync persistence builds the canonical replacement RPC payload without changing optional segment semantics",
          "status": "passed",
          "title": "builds the canonical replacement RPC payload without changing optional segment semantics",
          "duration": 0.753832999999986,
          "failureMessages": [],
          "meta": {},
          "tags": []
        }
      ],
      "startTime": 1786278731087,
      "endTime": 1786278731088.754,
      "status": "passed",
      "message": "",
      "name": "/Users/amankumarshrestha/LapenInns Project/nabatableLP/tests/server/google-business-profile-business-info-sync-persistence.test.ts"
    },
    {
      "assertionResults": [
        {
          "ancestorTitles": ["google business profile business info mapping"],
          "fullName": "google business profile business info mapping maps core location and attribute families into canonical rows",
          "status": "passed",
          "title": "maps core location and attribute families into canonical rows",
          "duration": 3.0976249999999936,
          "failureMessages": [],
          "meta": {},
          "tags": []
        },
        {
          "ancestorTitles": ["google business profile business info mapping"],
          "fullName": "google business profile business info mapping links GBP attributes to matching provider definitions without changing flexible rows",
          "status": "passed",
          "title": "links GBP attributes to matching provider definitions without changing flexible rows",
          "duration": 0.21916699999997036,
          "failureMessages": [],
          "meta": {},
          "tags": []
        },
        {
          "ancestorTitles": ["google business profile business info mapping"],
          "fullName": "google business profile business info mapping keeps profile change logging best-effort before the change-log table is applied",
          "status": "passed",
          "title": "keeps profile change logging best-effort before the change-log table is applied",
          "duration": 0.30245800000000145,
          "failureMessages": [],
          "meta": {},
          "tags": []
        },
        {
          "ancestorTitles": ["google business profile business info mapping"],
          "fullName": "google business profile business info mapping preserves existing GBP service items when the optional segment was unavailable",
          "status": "passed",
          "title": "preserves existing GBP service items when the optional segment was unavailable",
          "duration": 0.7405420000000049,
          "failureMessages": [],
          "meta": {},
          "tags": []
        },
        {
          "ancestorTitles": ["google business profile business info mapping"],
          "fullName": "google business profile business info mapping replaces GBP service items when Google explicitly returns an empty segment",
          "status": "passed",
          "title": "replaces GBP service items when Google explicitly returns an empty segment",
          "duration": 0.3046250000000441,
          "failureMessages": [],
          "meta": {},
          "tags": []
        },
        {
          "ancestorTitles": ["google business profile business info mapping"],
          "fullName": "google business profile business info mapping builds deterministic field sync status rows for canonical GBP values",
          "status": "passed",
          "title": "builds deterministic field sync status rows for canonical GBP values",
          "duration": 0.42399999999997817,
          "failureMessages": [],
          "meta": {},
          "tags": []
        },
        {
          "ancestorTitles": ["google business profile business info mapping"],
          "fullName": "google business profile business info mapping prefers drifted verification when any tracked field no longer matches provider state",
          "status": "passed",
          "title": "prefers drifted verification when any tracked field no longer matches provider state",
          "duration": 0.109375,
          "failureMessages": [],
          "meta": {},
          "tags": []
        },
        {
          "ancestorTitles": ["google business profile business info mapping"],
          "fullName": "google business profile business info mapping upserts GBP business details by provider ownership key",
          "status": "passed",
          "title": "upserts GBP business details by provider ownership key",
          "duration": 0.1519999999999868,
          "failureMessages": [],
          "meta": {},
          "tags": []
        },
        {
          "ancestorTitles": ["google business profile business info mapping"],
          "fullName": "google business profile business info mapping reads only GBP-owned provider rows for business information snapshots",
          "status": "passed",
          "title": "reads only GBP-owned provider rows for business information snapshots",
          "duration": 1.2960410000000024,
          "failureMessages": [],
          "meta": {},
          "tags": []
        },
        {
          "ancestorTitles": ["google business profile business info mapping"],
          "fullName": "google business profile business info mapping keeps provider and Nabatable primary rows separated in the foundation migration",
          "status": "passed",
          "title": "keeps provider and Nabatable primary rows separated in the foundation migration",
          "duration": 0.2270000000000323,
          "failureMessages": [],
          "meta": {},
          "tags": []
        },
        {
          "ancestorTitles": ["google business profile business info mapping"],
          "fullName": "google business profile business info mapping declares additive profile provenance, attribute dictionary, and change-log migration objects",
          "status": "passed",
          "title": "declares additive profile provenance, attribute dictionary, and change-log migration objects",
          "duration": 0.1540000000000532,
          "failureMessages": [],
          "meta": {},
          "tags": []
        },
        {
          "ancestorTitles": ["google business profile business info mapping"],
          "fullName": "google business profile business info mapping declares Sprint 1 GBP coverage schema fixes additively",
          "status": "passed",
          "title": "declares Sprint 1 GBP coverage schema fixes additively",
          "duration": 0.12016599999998334,
          "failureMessages": [],
          "meta": {},
          "tags": []
        },
        {
          "ancestorTitles": ["google business profile business info mapping"],
          "fullName": "google business profile business info mapping declares atomic GBP canonical business-info replacement RPC",
          "status": "passed",
          "title": "declares atomic GBP canonical business-info replacement RPC",
          "duration": 0.12458399999997027,
          "failureMessages": [],
          "meta": {},
          "tags": []
        },
        {
          "ancestorTitles": ["google business profile business info mapping"],
          "fullName": "google business profile business info mapping documents repeatable backfills for place IDs, provenance, definitions, and links",
          "status": "passed",
          "title": "documents repeatable backfills for place IDs, provenance, definitions, and links",
          "duration": 0.08179200000000719,
          "failureMessages": [],
          "meta": {},
          "tags": []
        },
        {
          "ancestorTitles": ["google business profile business info mapping"],
          "fullName": "google business profile business info mapping skips provider verification persistence when the field sync status table is unavailable",
          "status": "passed",
          "title": "skips provider verification persistence when the field sync status table is unavailable",
          "duration": 0.15141600000004019,
          "failureMessages": [],
          "meta": {},
          "tags": []
        }
      ],
      "startTime": 1786278714654,
      "endTime": 1786278714661.227,
      "status": "passed",
      "message": "",
      "name": "/Users/amankumarshrestha/LapenInns Project/nabatableLP/tests/server/google-business-profile-business-info.test.ts"
    },
    {
      "assertionResults": [
        {
          "ancestorTitles": ["google business profile callback route"],
          "fullName": "google business profile callback route uses the trusted app origin on successful authorization",
          "status": "passed",
          "title": "uses the trusted app origin on successful authorization",
          "duration": 5.043207999999993,
          "failureMessages": [],
          "meta": {},
          "tags": []
        },
        {
          "ancestorTitles": ["google business profile callback route"],
          "fullName": "google business profile callback route ignores forwarded host headers for error redirects",
          "status": "passed",
          "title": "ignores forwarded host headers for error redirects",
          "duration": 0.6205830000000105,
          "failureMessages": [],
          "meta": {},
          "tags": []
        },
        {
          "ancestorTitles": ["google business profile callback route"],
          "fullName": "google business profile callback route rejects incomplete callbacks before session or OAuth completion",
          "status": "passed",
          "title": "rejects incomplete callbacks before session or OAuth completion",
          "duration": 0.38008299999995643,
          "failureMessages": [],
          "meta": {},
          "tags": []
        },
        {
          "ancestorTitles": ["google business profile callback route"],
          "fullName": "google business profile callback route rejects callbacks without the initiating browser state cookie before completing OAuth",
          "status": "passed",
          "title": "rejects callbacks without the initiating browser state cookie before completing OAuth",
          "duration": 0.2582919999999831,
          "failureMessages": [],
          "meta": {},
          "tags": []
        },
        {
          "ancestorTitles": ["google business profile callback route"],
          "fullName": "google business profile callback route rejects callbacks with a mismatched browser state cookie before completing OAuth",
          "status": "passed",
          "title": "rejects callbacks with a mismatched browser state cookie before completing OAuth",
          "duration": 0.7217080000000351,
          "failureMessages": [],
          "meta": {},
          "tags": []
        },
        {
          "ancestorTitles": ["google business profile callback route"],
          "fullName": "google business profile callback route rejects callbacks without a Nabatable session before completing OAuth",
          "status": "passed",
          "title": "rejects callbacks without a Nabatable session before completing OAuth",
          "duration": 0.24112500000001091,
          "failureMessages": [],
          "meta": {},
          "tags": []
        },
        {
          "ancestorTitles": ["google business profile callback route"],
          "fullName": "google business profile callback route redirects safely and clears state when OAuth completion rejects the stored state",
          "status": "passed",
          "title": "redirects safely and clears state when OAuth completion rejects the stored state",
          "duration": 0.3799579999999878,
          "failureMessages": [],
          "meta": {},
          "tags": []
        },
        {
          "ancestorTitles": ["google business profile callback route"],
          "fullName": "google business profile callback route redirects safely and clears state when Google returns an invalid grant",
          "status": "passed",
          "title": "redirects safely and clears state when Google returns an invalid grant",
          "duration": 0.20925000000005411,
          "failureMessages": [],
          "meta": {},
          "tags": []
        },
        {
          "ancestorTitles": ["google business profile callback route"],
          "fullName": "google business profile callback route binds legacy per-restaurant callbacks to the route restaurant before completing OAuth",
          "status": "passed",
          "title": "binds legacy per-restaurant callbacks to the route restaurant before completing OAuth",
          "duration": 0.9534590000000094,
          "failureMessages": [],
          "meta": {},
          "tags": []
        },
        {
          "ancestorTitles": ["google business profile callback route"],
          "fullName": "google business profile callback route rejects legacy callbacks when the completed state belongs to another restaurant",
          "status": "passed",
          "title": "rejects legacy callbacks when the completed state belongs to another restaurant",
          "duration": 0.3236660000000029,
          "failureMessages": [],
          "meta": {},
          "tags": []
        }
      ],
      "startTime": 1786278711953,
      "endTime": 1786278711962.3237,
      "status": "passed",
      "message": "",
      "name": "/Users/amankumarshrestha/LapenInns Project/nabatableLP/tests/server/google-business-profile-callback-route.test.ts"
    },
    {
      "assertionResults": [
        {
          "ancestorTitles": ["google business profile client"],
          "fullName": "google business profile client retires legacy validateOnly location patches before network dispatch",
          "status": "passed",
          "title": "retires legacy validateOnly location patches before network dispatch",
          "duration": 1.633792000000028,
          "failureMessages": [],
          "meta": {},
          "tags": []
        },
        {
          "ancestorTitles": ["google business profile client"],
          "fullName": "google business profile client retires legacy real location patches before network dispatch",
          "status": "passed",
          "title": "retires legacy real location patches before network dispatch",
          "duration": 0.2567500000000109,
          "failureMessages": [],
          "meta": {},
          "tags": []
        },
        {
          "ancestorTitles": ["google business profile client"],
          "fullName": "google business profile client requests the exact GBP and OIDC scopes for consent",
          "status": "passed",
          "title": "requests the exact GBP and OIDC scopes for consent",
          "duration": 0.37420799999995324,
          "failureMessages": [],
          "meta": {},
          "tags": []
        },
        {
          "ancestorTitles": ["google business profile client"],
          "fullName": "google business profile client builds account-scoped FoodMenus resource names from ids or resource names",
          "status": "passed",
          "title": "builds account-scoped FoodMenus resource names from ids or resource names",
          "duration": 0.23383300000000418,
          "failureMessages": [],
          "meta": {},
          "tags": []
        },
        {
          "ancestorTitles": ["google business profile client"],
          "fullName": "google business profile client surfaces Google FoodMenus eligibility from location metadata",
          "status": "passed",
          "title": "surfaces Google FoodMenus eligibility from location metadata",
          "duration": 2.5505830000000174,
          "failureMessages": [],
          "meta": {},
          "tags": []
        },
        {
          "ancestorTitles": ["google business profile client"],
          "fullName": "google business profile client reads FoodMenus with an optional top-level readMask",
          "status": "passed",
          "title": "reads FoodMenus with an optional top-level readMask",
          "duration": 0.9028749999999945,
          "failureMessages": [],
          "meta": {},
          "tags": []
        },
        {
          "ancestorTitles": ["google business profile client"],
          "fullName": "google business profile client retires legacy FoodMenus updates before network dispatch",
          "status": "passed",
          "title": "retires legacy FoodMenus updates before network dispatch",
          "duration": 0.2795419999999922,
          "failureMessages": [],
          "meta": {},
          "tags": []
        },
        {
          "ancestorTitles": ["google business profile client"],
          "fullName": "google business profile client marks service items unavailable when the optional fetch fails",
          "status": "passed",
          "title": "marks service items unavailable when the optional fetch fails",
          "duration": 222.40474999999998,
          "failureMessages": [],
          "meta": {},
          "tags": []
        },
        {
          "ancestorTitles": ["google business profile client"],
          "fullName": "google business profile client marks service items fetched when Google returns an explicit empty segment",
          "status": "passed",
          "title": "marks service items fetched when Google returns an explicit empty segment",
          "duration": 1.6472499999999854,
          "failureMessages": [],
          "meta": {},
          "tags": []
        }
      ],
      "startTime": 1786278706510,
      "endTime": 1786278706740.6472,
      "status": "passed",
      "message": "",
      "name": "/Users/amankumarshrestha/LapenInns Project/nabatableLP/tests/server/google-business-profile-client.test.ts"
    },
    {
      "assertionResults": [
        {
          "ancestorTitles": ["google business profile core normalization service periods"],
          "fullName": "google business profile core normalization service periods normalizes explicit meal-labelled more-hours rows and detects drift",
          "status": "passed",
          "title": "normalizes explicit meal-labelled more-hours rows and detects drift",
          "duration": 6.087750000000028,
          "failureMessages": [],
          "meta": {},
          "tags": []
        },
        {
          "ancestorTitles": ["google business profile core normalization service periods"],
          "fullName": "google business profile core normalization service periods infers lunch and dinner from two unlabeled kitchen windows",
          "status": "passed",
          "title": "infers lunch and dinner from two unlabeled kitchen windows",
          "duration": 0.2891660000000229,
          "failureMessages": [],
          "meta": {},
          "tags": []
        },
        {
          "ancestorTitles": ["google business profile core normalization service periods"],
          "fullName": "google business profile core normalization service periods splits one kitchen window only when it spans the 17:00 meal boundary",
          "status": "passed",
          "title": "splits one kitchen window only when it spans the 17:00 meal boundary",
          "duration": 0.17349999999999,
          "failureMessages": [],
          "meta": {},
          "tags": []
        },
        {
          "ancestorTitles": ["google business profile core normalization service periods"],
          "fullName": "google business profile core normalization service periods keeps booking-hours verification partial when GBP has only envelope inputs",
          "status": "passed",
          "title": "keeps booking-hours verification partial when GBP has only envelope inputs",
          "duration": 0.1398749999999609,
          "failureMessages": [],
          "meta": {},
          "tags": []
        }
      ],
      "startTime": 1786278714931,
      "endTime": 1786278714938.289,
      "status": "passed",
      "message": "",
      "name": "/Users/amankumarshrestha/LapenInns Project/nabatableLP/tests/server/google-business-profile-core-normalization-service-periods.test.ts"
    },
    {
      "assertionResults": [
        {
          "ancestorTitles": ["google business profile core normalization"],
          "fullName": "google business profile core normalization uses public hours for the operating envelope and kitchen windows for service periods",
          "status": "passed",
          "title": "uses public hours for the operating envelope and kitchen windows for service periods",
          "duration": 6.585916999999995,
          "failureMessages": [],
          "meta": {},
          "tags": []
        },
        {
          "ancestorTitles": ["google business profile core normalization"],
          "fullName": "google business profile core normalization normalizes special hours without treating kitchen more-hours as operating drift",
          "status": "passed",
          "title": "normalizes special hours without treating kitchen more-hours as operating drift",
          "duration": 0.552250000000015,
          "failureMessages": [],
          "meta": {},
          "tags": []
        },
        {
          "ancestorTitles": ["google business profile core normalization"],
          "fullName": "google business profile core normalization normalizes meal-labelled more hours into service periods and detects drift",
          "status": "passed",
          "title": "normalizes meal-labelled more hours into service periods and detects drift",
          "duration": 0.13175000000001091,
          "failureMessages": [],
          "meta": {},
          "tags": []
        },
        {
          "ancestorTitles": ["google business profile core normalization"],
          "fullName": "google business profile core normalization infers lunch and dinner from split kitchen windows when labels are missing",
          "status": "passed",
          "title": "infers lunch and dinner from split kitchen windows when labels are missing",
          "duration": 0.14883300000002464,
          "failureMessages": [],
          "meta": {},
          "tags": []
        },
        {
          "ancestorTitles": ["google business profile core normalization"],
          "fullName": "google business profile core normalization infers lunch and dinner from a single kitchen window when it spans the 17:00 split",
          "status": "passed",
          "title": "infers lunch and dinner from a single kitchen window when it spans the 17:00 split",
          "duration": 0.2487080000000219,
          "failureMessages": [],
          "meta": {},
          "tags": []
        }
      ],
      "startTime": 1786278713759,
      "endTime": 1786278713767.2488,
      "status": "passed",
      "message": "",
      "name": "/Users/amankumarshrestha/LapenInns Project/nabatableLP/tests/server/google-business-profile-core-normalization.test.ts"
    },
    {
      "assertionResults": [
        {
          "ancestorTitles": ["google business profile core sync operating-hours domain"],
          "fullName": "google business profile core sync operating-hours domain builds verification summaries from operating-hours normalization state",
          "status": "passed",
          "title": "builds verification summaries from operating-hours normalization state",
          "duration": 0.7875000000000227,
          "failureMessages": [],
          "meta": {},
          "tags": []
        },
        {
          "ancestorTitles": ["google business profile core sync operating-hours domain"],
          "fullName": "google business profile core sync operating-hours domain builds selected push patches while preserving provider rows outside the selection",
          "status": "passed",
          "title": "builds selected push patches while preserving provider rows outside the selection",
          "duration": 5.62337500000001,
          "failureMessages": [],
          "meta": {},
          "tags": []
        }
      ],
      "startTime": 1786278715478,
      "endTime": 1786278715483.6233,
      "status": "passed",
      "message": "",
      "name": "/Users/amankumarshrestha/LapenInns Project/nabatableLP/tests/server/google-business-profile-core-sync-operating-hours.test.ts"
    },
    {
      "assertionResults": [
        {
          "ancestorTitles": ["google business profile core-sync profile domain"],
          "fullName": "google business profile core-sync profile domain builds verified profile summaries when normalized profile fields match",
          "status": "passed",
          "title": "builds verified profile summaries when normalized profile fields match",
          "duration": 1.69158299999998,
          "failureMessages": [],
          "meta": {},
          "tags": []
        },
        {
          "ancestorTitles": ["google business profile core-sync profile domain"],
          "fullName": "google business profile core-sync profile domain detects drift and recommends the newer push direction for editable fields",
          "status": "passed",
          "title": "detects drift and recommends the newer push direction for editable fields",
          "duration": 0.27308400000003985,
          "failureMessages": [],
          "meta": {},
          "tags": []
        },
        {
          "ancestorTitles": ["google business profile core-sync profile domain"],
          "fullName": "google business profile core-sync profile domain builds pull patches from selected Google-owned profile values",
          "status": "passed",
          "title": "builds pull patches from selected Google-owned profile values",
          "duration": 0.11887500000000273,
          "failureMessages": [],
          "meta": {},
          "tags": []
        },
        {
          "ancestorTitles": ["google business profile core-sync profile domain"],
          "fullName": "google business profile core-sync profile domain builds push patches for supported editable fields and rejects address exports",
          "status": "passed",
          "title": "builds push patches for supported editable fields and rejects address exports",
          "duration": 0.39987500000000864,
          "failureMessages": [],
          "meta": {},
          "tags": []
        }
      ],
      "startTime": 1786278728209,
      "endTime": 1786278728211.4,
      "status": "passed",
      "message": "",
      "name": "/Users/amankumarshrestha/LapenInns Project/nabatableLP/tests/server/google-business-profile-core-sync-profile.test.ts"
    },
    {
      "assertionResults": [
        {
          "ancestorTitles": ["google business profile core sync service periods domain"],
          "fullName": "google business profile core sync service periods domain builds verification summaries from service-period normalization state",
          "status": "passed",
          "title": "builds verification summaries from service-period normalization state",
          "duration": 0.8390410000000088,
          "failureMessages": [],
          "meta": {},
          "tags": []
        },
        {
          "ancestorTitles": ["google business profile core sync service periods domain"],
          "fullName": "google business profile core sync service periods domain detects writable kitchen more-hours capability from existing rows or category types",
          "status": "passed",
          "title": "detects writable kitchen more-hours capability from existing rows or category types",
          "duration": 0.27412499999996953,
          "failureMessages": [],
          "meta": {},
          "tags": []
        },
        {
          "ancestorTitles": ["google business profile core sync service periods domain"],
          "fullName": "google business profile core sync service periods domain returns null when no kitchen hours type can be resolved for a push patch",
          "status": "passed",
          "title": "returns null when no kitchen hours type can be resolved for a push patch",
          "duration": 0.11258300000002919,
          "failureMessages": [],
          "meta": {},
          "tags": []
        }
      ],
      "startTime": 1786278738196,
      "endTime": 1786278738197.2742,
      "status": "passed",
      "message": "",
      "name": "/Users/amankumarshrestha/LapenInns Project/nabatableLP/tests/server/google-business-profile-core-sync-service-periods.test.ts"
    },
    {
      "assertionResults": [
        {
          "ancestorTitles": ["google business profile food menus canonical domain"],
          "fullName": "google business profile food menus canonical domain maps canonical menu items into local FoodMenus import items",
          "status": "passed",
          "title": "maps canonical menu items into local FoodMenus import items",
          "duration": 6.461915999999974,
          "failureMessages": [],
          "meta": {},
          "tags": []
        },
        {
          "ancestorTitles": ["google business profile food menus canonical domain"],
          "fullName": "google business profile food menus canonical domain builds canonical update payloads from suggested patches",
          "status": "passed",
          "title": "builds canonical update payloads from suggested patches",
          "duration": 1.049541999999974,
          "failureMessages": [],
          "meta": {},
          "tags": []
        },
        {
          "ancestorTitles": ["google business profile food menus canonical domain"],
          "fullName": "google business profile food menus canonical domain builds canonical create inputs with target-aware item kind and import metadata",
          "status": "passed",
          "title": "builds canonical create inputs with target-aware item kind and import metadata",
          "duration": 0.470292000000029,
          "failureMessages": [],
          "meta": {},
          "tags": []
        }
      ],
      "startTime": 1786278713155,
      "endTime": 1786278713162.4702,
      "status": "passed",
      "message": "",
      "name": "/Users/amankumarshrestha/LapenInns Project/nabatableLP/tests/server/google-business-profile-food-menus-canonical-domain.test.ts"
    },
    {
      "assertionResults": [
        {
          "ancestorTitles": ["google business profile food menus canonical normalization"],
          "fullName": "google business profile food menus canonical normalization normalizes text and sorted string values",
          "status": "passed",
          "title": "normalizes text and sorted string values",
          "duration": 5.241375000000005,
          "failureMessages": [],
          "meta": {},
          "tags": []
        },
        {
          "ancestorTitles": ["google business profile food menus canonical normalization"],
          "fullName": "google business profile food menus canonical normalization maps spice, allergen, dietary, and preparation text in both directions",
          "status": "passed",
          "title": "maps spice, allergen, dietary, and preparation text in both directions",
          "duration": 0.3256250000000023,
          "failureMessages": [],
          "meta": {},
          "tags": []
        },
        {
          "ancestorTitles": ["google business profile food menus canonical normalization"],
          "fullName": "google business profile food menus canonical normalization converts nutrition amounts between supported units",
          "status": "passed",
          "title": "converts nutrition amounts between supported units",
          "duration": 0.19616600000000517,
          "failureMessages": [],
          "meta": {},
          "tags": []
        }
      ],
      "startTime": 1786278715765,
      "endTime": 1786278715771.3257,
      "status": "passed",
      "message": "",
      "name": "/Users/amankumarshrestha/LapenInns Project/nabatableLP/tests/server/google-business-profile-food-menus-canonical-normalization.test.ts"
    },
    {
      "assertionResults": [
        {
          "ancestorTitles": ["google business profile food menus canonical patches"],
          "fullName": "google business profile food menus canonical patches builds canonical update payloads from suggested patches",
          "status": "passed",
          "title": "builds canonical update payloads from suggested patches",
          "duration": 6.471000000000004,
          "failureMessages": [],
          "meta": {},
          "tags": []
        },
        {
          "ancestorTitles": ["google business profile food menus canonical patches"],
          "fullName": "google business profile food menus canonical patches builds canonical create inputs with target-aware menu and item kinds",
          "status": "passed",
          "title": "builds canonical create inputs with target-aware menu and item kinds",
          "duration": 0.5166659999999865,
          "failureMessages": [],
          "meta": {},
          "tags": []
        }
      ],
      "startTime": 1786278713464,
      "endTime": 1786278713471.5166,
      "status": "passed",
      "message": "",
      "name": "/Users/amankumarshrestha/LapenInns Project/nabatableLP/tests/server/google-business-profile-food-menus-canonical-patches.test.ts"
    },
    {
      "assertionResults": [
        {
          "ancestorTitles": ["google business profile food menus canonical projection"],
          "fullName": "google business profile food menus canonical projection builds canonical Google attributes while filtering unusable media URLs",
          "status": "passed",
          "title": "builds canonical Google attributes while filtering unusable media URLs",
          "duration": 6.240250000000003,
          "failureMessages": [],
          "meta": {},
          "tags": []
        },
        {
          "ancestorTitles": ["google business profile food menus canonical projection"],
          "fullName": "google business profile food menus canonical projection detects option display modes and builds parent-only from-price rows",
          "status": "passed",
          "title": "detects option display modes and builds parent-only from-price rows",
          "duration": 3.9994159999999965,
          "failureMessages": [],
          "meta": {},
          "tags": []
        },
        {
          "ancestorTitles": ["google business profile food menus canonical projection"],
          "fullName": "google business profile food menus canonical projection builds expanded option rows with inherited parent attributes",
          "status": "passed",
          "title": "builds expanded option rows with inherited parent attributes",
          "duration": 0.38095799999996416,
          "failureMessages": [],
          "meta": {},
          "tags": []
        },
        {
          "ancestorTitles": ["google business profile food menus canonical projection"],
          "fullName": "google business profile food menus canonical projection builds canonical option paths and skips inactive canonical items",
          "status": "passed",
          "title": "builds canonical option paths and skips inactive canonical items",
          "duration": 0.5054160000000252,
          "failureMessages": [],
          "meta": {},
          "tags": []
        }
      ],
      "startTime": 1786278710840,
      "endTime": 1786278710851.5054,
      "status": "passed",
      "message": "",
      "name": "/Users/amankumarshrestha/LapenInns Project/nabatableLP/tests/server/google-business-profile-food-menus-canonical-projection.test.ts"
    },
    {
      "assertionResults": [
        {
          "ancestorTitles": ["Google Business Profile FoodMenus context"],
          "fullName": "Google Business Profile FoodMenus context returns FoodMenus eligibility from the linked Google location metadata",
          "status": "passed",
          "title": "returns FoodMenus eligibility from the linked Google location metadata",
          "duration": 73.38774999999998,
          "failureMessages": [],
          "meta": {},
          "tags": []
        },
        {
          "ancestorTitles": ["Google Business Profile FoodMenus context"],
          "fullName": "Google Business Profile FoodMenus context blocks FoodMenus context when Google marks the location as ineligible",
          "status": "passed",
          "title": "blocks FoodMenus context when Google marks the location as ineligible",
          "duration": 0.5618329999999787,
          "failureMessages": [],
          "meta": {},
          "tags": []
        }
      ],
      "startTime": 1786278707043,
      "endTime": 1786278707117.5618,
      "status": "passed",
      "message": "",
      "name": "/Users/amankumarshrestha/LapenInns Project/nabatableLP/tests/server/google-business-profile-food-menus-context.test.ts"
    },
    {
      "assertionResults": [
        {
          "ancestorTitles": ["FoodMenus exact-consent route"],
          "fullName": "FoodMenus exact-consent route delegates only an exact-consent confirmation to the canonical permit-aware route",
          "status": "passed",
          "title": "delegates only an exact-consent confirmation to the canonical permit-aware route",
          "duration": 3.298084000000017,
          "failureMessages": [],
          "meta": {},
          "tags": []
        },
        {
          "ancestorTitles": ["FoodMenus exact-consent route"],
          "fullName": "FoodMenus exact-consent route keeps legacy and validate-only bypass payloads retired",
          "status": "passed",
          "title": "keeps legacy and validate-only bypass payloads retired",
          "duration": 0.7174170000000117,
          "failureMessages": [],
          "meta": {},
          "tags": []
        }
      ],
      "startTime": 1786278718616,
      "endTime": 1786278718619.7175,
      "status": "passed",
      "message": "",
      "name": "/Users/amankumarshrestha/LapenInns Project/nabatableLP/tests/server/google-business-profile-food-menus-exact-route.test.ts"
    },
    {
      "assertionResults": [
        {
          "ancestorTitles": ["google business profile food menus import decision domain"],
          "fullName": "google business profile food menus import decision domain parses suggested item patches with normalization and conservative filtering",
          "status": "passed",
          "title": "parses suggested item patches with normalization and conservative filtering",
          "duration": 1.0199170000000208,
          "failureMessages": [],
          "meta": {},
          "tags": []
        },
        {
          "ancestorTitles": ["google business profile food menus import decision domain"],
          "fullName": "google business profile food menus import decision domain returns null for non-object or empty scalar-only suggested patches",
          "status": "passed",
          "title": "returns null for non-object or empty scalar-only suggested patches",
          "duration": 0.1870829999999728,
          "failureMessages": [],
          "meta": {},
          "tags": []
        },
        {
          "ancestorTitles": ["google business profile food menus import decision domain"],
          "fullName": "google business profile food menus import decision domain drops invalid numeric values from suggested patches",
          "status": "passed",
          "title": "drops invalid numeric values from suggested patches",
          "duration": 0.06395800000001373,
          "failureMessages": [],
          "meta": {},
          "tags": []
        },
        {
          "ancestorTitles": ["google business profile food menus import decision domain"],
          "fullName": "google business profile food menus import decision domain normalizes modifier numeric fields so patches cannot create negative option prices",
          "status": "passed",
          "title": "normalizes modifier numeric fields so patches cannot create negative option prices",
          "duration": 0.14716699999996763,
          "failureMessages": [],
          "meta": {},
          "tags": []
        },
        {
          "ancestorTitles": ["google business profile food menus import decision domain"],
          "fullName": "google business profile food menus import decision domain validates create suggestions by required item fields and non-negative price",
          "status": "passed",
          "title": "validates create suggestions by required item fields and non-negative price",
          "duration": 0.2361670000000231,
          "failureMessages": [],
          "meta": {},
          "tags": []
        },
        {
          "ancestorTitles": ["google business profile food menus import decision domain"],
          "fullName": "google business profile food menus import decision domain parses menu metadata patches while preserving explicit null clears",
          "status": "passed",
          "title": "parses menu metadata patches while preserving explicit null clears",
          "duration": 0.14804199999997536,
          "failureMessages": [],
          "meta": {},
          "tags": []
        },
        {
          "ancestorTitles": ["google business profile food menus import decision domain"],
          "fullName": "google business profile food menus import decision domain detects present patch keys separately from truthiness",
          "status": "passed",
          "title": "detects present patch keys separately from truthiness",
          "duration": 0.10891599999996515,
          "failureMessages": [],
          "meta": {},
          "tags": []
        }
      ],
      "startTime": 1786278731365,
      "endTime": 1786278731367.236,
      "status": "passed",
      "message": "",
[...]
          "status": "passed",
          "title": "does not shorten Retry-After beyond the retry ceiling",
          "duration": 0.40200000000004366,
          "failureMessages": [],
          "meta": {},
          "tags": []
        },
        {
          "ancestorTitles": ["Wave 1C provider foundations"],
          "fullName": "Wave 1C provider foundations retries a GET at most twice for retryable network failures",
          "status": "passed",
          "title": "retries a GET at most twice for retryable network failures",
          "duration": 1.1774580000000014,
          "failureMessages": [],
          "meta": {},
          "tags": []
        },
        {
          "ancestorTitles": ["Wave 1C provider foundations"],
          "fullName": "Wave 1C provider foundations binds credential envelopes to profile and column AAD",
          "status": "passed",
          "title": "binds credential envelopes to profile and column AAD",
          "duration": 0.8642919999999776,
          "failureMessages": [],
          "meta": {},
          "tags": []
        },
        {
          "ancestorTitles": ["Wave 1C provider foundations"],
          "fullName": "Wave 1C provider foundations keeps rotation dry-run-first and caps a batch at 100",
          "status": "passed",
          "title": "keeps rotation dry-run-first and caps a batch at 100",
          "duration": 1.577875000000006,
          "failureMessages": [],
          "meta": {},
          "tags": []
        },
        {
          "ancestorTitles": ["Wave 1C provider foundations"],
          "fullName": "Wave 1C provider foundations normalizes known masks and fails all on an unknown provider path",
          "status": "passed",
          "title": "normalizes known masks and fails all on an unknown provider path",
          "duration": 0.11454200000002857,
          "failureMessages": [],
          "meta": {},
          "tags": []
        },
        {
          "ancestorTitles": ["Wave 1C provider foundations"],
          "fullName": "Wave 1C provider foundations uses stable request hashes for canonical JSON",
          "status": "passed",
          "title": "uses stable request hashes for canonical JSON",
          "duration": 0.1407920000000331,
          "failureMessages": [],
          "meta": {},
          "tags": []
        },
        {
          "ancestorTitles": ["Wave 1C provider foundations"],
          "fullName": "Wave 1C provider foundations rejects a missing OIDC ID token before identity persistence",
          "status": "passed",
          "title": "rejects a missing OIDC ID token before identity persistence",
          "duration": 0.15074999999995953,
          "failureMessages": [],
          "meta": {},
          "tags": []
        },
        {
          "ancestorTitles": ["Wave 1C provider foundations"],
          "fullName": "Wave 1C provider foundations dispatches a matching permit before the provider and finalizes consumed",
          "status": "passed",
          "title": "dispatches a matching permit before the provider and finalizes consumed",
          "duration": 2.1639170000000263,
          "failureMessages": [],
          "meta": {},
          "tags": []
        },
        {
          "ancestorTitles": ["Wave 1C provider foundations"],
          "fullName": "Wave 1C provider foundations rejects a conflicting notification topic without overwriting settings",
          "status": "passed",
          "title": "rejects a conflicting notification topic without overwriting settings",
          "duration": 0.5658750000000055,
          "failureMessages": [],
          "meta": {},
          "tags": []
        }
      ],
      "startTime": 1786278708540,
      "endTime": 1786278708555.566,
      "status": "passed",
      "message": "",
      "name": "/Users/amankumarshrestha/LapenInns Project/nabatableLP/tests/server/google-business-profile/wave1c-provider.test.ts"
    },
    {
      "assertionResults": [
        {
          "ancestorTitles": ["retryGoogleBusinessProfileWorkflowGooglePushState"],
          "fullName": "retryGoogleBusinessProfileWorkflowGooglePushState rejects retries for unknown publish jobs before touching anything @contract",
          "status": "passed",
          "title": "rejects retries for unknown publish jobs before touching anything @contract",
          "duration": 2.314624999999978,
          "failureMessages": [],
          "meta": {},
          "tags": []
        },
        {
          "ancestorTitles": ["retryGoogleBusinessProfileWorkflowGooglePushState"],
          "fullName": "retryGoogleBusinessProfileWorkflowGooglePushState rejects retries for nabatable-only jobs @contract",
          "status": "passed",
          "title": "rejects retries for nabatable-only jobs @contract",
          "duration": 0.4159590000000435,
          "failureMessages": [],
          "meta": {},
          "tags": []
        },
        {
          "ancestorTitles": ["retryGoogleBusinessProfileWorkflowGooglePushState"],
          "fullName": "retryGoogleBusinessProfileWorkflowGooglePushState rejects retries when no valid Google update masks survive normalization @contract",
          "status": "passed",
          "title": "rejects retries when no valid Google update masks survive normalization @contract",
          "duration": 0.2545420000000149,
          "failureMessages": [],
          "meta": {},
          "tags": []
        },
        {
          "ancestorTitles": ["retryGoogleBusinessProfileWorkflowGooglePushState"],
          "fullName": "retryGoogleBusinessProfileWorkflowGooglePushState rejects retries for jobs outside the retryable statuses @contract",
          "status": "passed",
          "title": "rejects retries for jobs outside the retryable statuses @contract",
          "duration": 0.14724999999998545,
          "failureMessages": [],
          "meta": {},
          "tags": []
        },
        {
          "ancestorTitles": ["retryGoogleBusinessProfileWorkflowGooglePushState"],
          "fullName": "retryGoogleBusinessProfileWorkflowGooglePushState gives up permanently when prior errors carry non-retryable evidence @contract",
          "status": "passed",
          "title": "gives up permanently when prior errors carry non-retryable evidence @contract",
          "duration": 0.45254099999999653,
          "failureMessages": [],
          "meta": {},
          "tags": []
        },
        {
          "ancestorTitles": ["retryGoogleBusinessProfileWorkflowGooglePushState"],
          "fullName": "retryGoogleBusinessProfileWorkflowGooglePushState fails when the backing draft row is missing @contract",
          "status": "passed",
          "title": "fails when the backing draft row is missing @contract",
          "duration": 0.34795800000000554,
          "failureMessages": [],
          "meta": {},
          "tags": []
        },
        {
          "ancestorTitles": ["retryGoogleBusinessProfileWorkflowGooglePushState"],
          "fullName": "retryGoogleBusinessProfileWorkflowGooglePushState blocks the retry when Nabatable core data changed after the publish @contract",
          "status": "passed",
          "title": "blocks the retry when Nabatable core data changed after the publish @contract",
          "duration": 0.42887499999994816,
          "failureMessages": [],
          "meta": {},
          "tags": []
        },
        {
          "ancestorTitles": ["retryGoogleBusinessProfileWorkflowGooglePushState"],
          "fullName": "retryGoogleBusinessProfileWorkflowGooglePushState refuses to push when Google writes are disabled for the linked profile @contract @security",
          "status": "passed",
          "title": "refuses to push when Google writes are disabled for the linked profile @contract @security",
          "duration": 0.26350000000002183,
          "failureMessages": [],
          "meta": {},
          "tags": []
        },
        {
          "ancestorTitles": ["retryGoogleBusinessProfileWorkflowGooglePushState"],
          "fullName": "retryGoogleBusinessProfileWorkflowGooglePushState records a reconciliation-required failure when core changes land between check and claim @contract",
          "status": "passed",
          "title": "records a reconciliation-required failure when core changes land between check and claim @contract",
          "duration": 0.7750420000000418,
          "failureMessages": [],
          "meta": {},
          "tags": []
        },
        {
          "ancestorTitles": ["retryGoogleBusinessProfileWorkflowGooglePushState"],
          "fullName": "retryGoogleBusinessProfileWorkflowGooglePushState propagates claim conflicts without pushing to Google @contract",
          "status": "passed",
          "title": "propagates claim conflicts without pushing to Google @contract",
          "duration": 0.5251250000000027,
          "failureMessages": [],
          "meta": {},
          "tags": []
        },
        {
          "ancestorTitles": ["retryGoogleBusinessProfileWorkflowGooglePushState"],
          "fullName": "retryGoogleBusinessProfileWorkflowGooglePushState marks the job google_failed with the classified error when the push fails @contract @external-mock",
          "status": "passed",
          "title": "marks the job google_failed with the classified error when the push fails @contract @external-mock",
          "duration": 0.28258399999998574,
          "failureMessages": [],
          "meta": {},
          "tags": []
        },
        {
          "ancestorTitles": ["retryGoogleBusinessProfileWorkflowGooglePushState"],
          "fullName": "retryGoogleBusinessProfileWorkflowGooglePushState classifies unclassified push failures as retryable and keeps the previous event id @contract @external-mock",
          "status": "passed",
          "title": "classifies unclassified push failures as retryable and keeps the previous event id @contract @external-mock",
          "duration": 0.42066600000003973,
          "failureMessages": [],
          "meta": {},
          "tags": []
        },
        {
          "ancestorTitles": ["retryGoogleBusinessProfileWorkflowGooglePushState"],
          "fullName": "retryGoogleBusinessProfileWorkflowGooglePushState preserves an explicit null classification from the push failure @contract @external-mock",
          "status": "passed",
          "title": "preserves an explicit null classification from the push failure @contract @external-mock",
          "duration": 0.18987499999997226,
          "failureMessages": [],
          "meta": {},
          "tags": []
        },
        {
          "ancestorTitles": ["retryGoogleBusinessProfileWorkflowGooglePushState"],
          "fullName": "retryGoogleBusinessProfileWorkflowGooglePushState publishes the job and draft with pinned timestamps on a successful retry @contract @external-mock",
          "status": "passed",
          "title": "publishes the job and draft with pinned timestamps on a successful retry @contract @external-mock",
          "duration": 0.3354580000000169,
          "failureMessages": [],
          "meta": {},
          "tags": []
        },
        {
          "ancestorTitles": ["retryGoogleBusinessProfileWorkflowGooglePushState"],
          "fullName": "retryGoogleBusinessProfileWorkflowGooglePushState flags reconciliation when the local status update fails after Google succeeded @contract @external-mock",
          "status": "passed",
          "title": "flags reconciliation when the local status update fails after Google succeeded @contract @external-mock",
          "duration": 0.17637500000000728,
          "failureMessages": [],
          "meta": {},
          "tags": []
        }
      ],
      "startTime": 1786278710261,
      "endTime": 1786278710268.3354,
      "status": "passed",
      "message": "",
      "name": "/Users/amankumarshrestha/LapenInns Project/nabatableLP/tests/server/google-business-profile/workflow-publish-retry-service.test.ts"
    },
    {
      "assertionResults": [
        {
          "ancestorTitles": ["claimed Google write permit bundles"],
          "fullName": "claimed Google write permit bundles issues ordered permits without making a second claim",
          "status": "passed",
          "title": "issues ordered permits without making a second claim",
          "duration": 2.214334000000008,
          "failureMessages": [],
          "meta": {},
          "tags": []
        },
        {
          "ancestorTitles": ["claimed Google write permit bundles"],
          "fullName": "claimed Google write permit bundles claims a queued complete bundle once and issues one permit per grant",
          "status": "passed",
          "title": "claims a queued complete bundle once and issues one permit per grant",
          "duration": 0.399833000000001,
          "failureMessages": [],
          "meta": {},
          "tags": []
        },
        {
          "ancestorTitles": ["claimed Google write permit bundles"],
          "fullName": "claimed Google write permit bundles rejects non-claimed status",
          "status": "passed",
          "title": "rejects non-claimed status",
          "duration": 0.42874999999997954,
          "failureMessages": [],
          "meta": {},
          "tags": []
        },
        {
          "ancestorTitles": ["claimed Google write permit bundles"],
          "fullName": "claimed Google write permit bundles rejects partial bundle",
          "status": "passed",
          "title": "rejects partial bundle",
          "duration": 0.15229199999998855,
          "failureMessages": [],
          "meta": {},
          "tags": []
        },
        {
          "ancestorTitles": ["claimed Google write permit bundles"],
          "fullName": "claimed Google write permit bundles rejects reordered rows",
          "status": "passed",
          "title": "rejects reordered rows",
          "duration": 0.39883300000002464,
          "failureMessages": [],
          "meta": {},
          "tags": []
        },
        {
          "ancestorTitles": ["claimed Google write permit bundles"],
          "fullName": "claimed Google write permit bundles rejects duplicate grant",
          "status": "passed",
          "title": "rejects duplicate grant",
          "duration": 0.15100000000001046,
          "failureMessages": [],
          "meta": {},
          "tags": []
        },
        {
          "ancestorTitles": ["claimed Google write permit bundles"],
          "fullName": "claimed Google write permit bundles rejects mismatched group",
          "status": "passed",
          "title": "rejects mismatched group",
          "duration": 0.17112500000001774,
          "failureMessages": [],
          "meta": {},
          "tags": []
        },
        {
          "ancestorTitles": ["claimed Google write permit bundles"],
          "fullName": "claimed Google write permit bundles rejects mismatched binding",
          "status": "passed",
          "title": "rejects mismatched binding",
          "duration": 0.129291999999964,
          "failureMessages": [],
          "meta": {},
          "tags": []
        },
        {
          "ancestorTitles": ["claimed Google write permit bundles"],
          "fullName": "claimed Google write permit bundles rejects an unknown content-bearing database field",
          "status": "passed",
          "title": "rejects an unknown content-bearing database field",
          "duration": 0.3769999999999527,
          "failureMessages": [],
          "meta": {},
          "tags": []
        },
        {
          "ancestorTitles": ["claimed Google write permit bundles"],
          "fullName": "claimed Google write permit bundles dispatches and finalizes each grant independently and rejects replay",
          "status": "passed",
          "title": "dispatches and finalizes each grant independently and rejects replay",
          "duration": 0.9500000000000455,
          "failureMessages": [],
          "meta": {},
          "tags": []
        },
        {
          "ancestorTitles": ["claimed Google write permit bundles"],
          "fullName": "claimed Google write permit bundles marks only a durably finalized ambiguous provider write as outcome unknown",
          "status": "passed",
          "title": "marks only a durably finalized ambiguous provider write as outcome unknown",
          "duration": 0.5227089999999635,
          "failureMessages": [],
          "meta": {},
          "tags": []
        },
        {
          "ancestorTitles": ["claimed Google write permit bundles"],
          "fullName": "claimed Google write permit bundles marks a FoodMenus eligibility timeout as pre-dispatch without consuming the permit",
          "status": "passed",
          "title": "marks a FoodMenus eligibility timeout as pre-dispatch without consuming the permit",
          "duration": 4.210874999999987,
          "failureMessages": [],
          "meta": {},
          "tags": []
        },
        {
          "ancestorTitles": ["claimed Google write permit bundles"],
          "fullName": "claimed Google write permit bundles marks malformed eligibility response as pre-dispatch without dispatch or finalize",
          "status": "passed",
          "title": "marks malformed eligibility response as pre-dispatch without dispatch or finalize",
          "duration": 1.6180830000000128,
          "failureMessages": [],
          "meta": {},
          "tags": []
        },
        {
          "ancestorTitles": ["claimed Google write permit bundles"],
          "fullName": "claimed Google write permit bundles marks ineligible location as pre-dispatch without dispatch or finalize",
          "status": "passed",
          "title": "marks ineligible location as pre-dispatch without dispatch or finalize",
          "duration": 0.4930840000000103,
          "failureMessages": [],
          "meta": {},
          "tags": []
        },
        {
          "ancestorTitles": ["claimed Google write permit bundles"],
          "fullName": "claimed Google write permit bundles redacts a post-dispatch response-schema failure behind the outcome marker",
          "status": "passed",
          "title": "redacts a post-dispatch response-schema failure behind the outcome marker",
          "duration": 0.5547500000000127,
          "failureMessages": [],
          "meta": {},
          "tags": []
        },
        {
          "ancestorTitles": ["claimed Google write permit bundles"],
          "fullName": "claimed Google write permit bundles does not emit an outcome marker when unknown finalization fails",
          "status": "passed",
          "title": "does not emit an outcome marker when unknown finalization fails",
          "duration": 0.37670799999995097,
          "failureMessages": [],
          "meta": {},
          "tags": []
        },
        {
          "ancestorTitles": ["claimed Google write permit bundles"],
          "fullName": "claimed Google write permit bundles propagates consumed finalization failure without a second finalization attempt",
          "status": "passed",
          "title": "propagates consumed finalization failure without a second finalization attempt",
          "duration": 0.17412500000000364,
          "failureMessages": [],
          "meta": {},
          "tags": []
        },
        {
          "ancestorTitles": ["claimed Google write permit bundles"],
          "fullName": "claimed Google write permit bundles uses per-grant dispatch and finalize RPC identities",
          "status": "passed",
          "title": "uses per-grant dispatch and finalize RPC identities",
          "duration": 0.1828329999999596,
          "failureMessages": [],
          "meta": {},
          "tags": []
        }
      ],
      "startTime": 1786278709238,
      "endTime": 1786278709252.1829,
      "status": "passed",
      "message": "",
      "name": "/Users/amankumarshrestha/LapenInns Project/nabatableLP/tests/server/google-business-profile/write-permit-bundle.test.ts"
    }
  ]
}
