{"total": {"lines":{"total":47615,"covered":32676,"skipped":0,"pct":68.62},"statements":{"total":50617,"covered":34202,"skipped":0,"pct":67.57},"functions":{"total":11024,"covered":8218,"skipped":0,"pct":74.54},"branches":{"total":44746,"covered":25728,"skipped":0,"pct":57.49},"branchesTrue":{"total":0,"covered":0,"skipped":0,"pct":100}}
,"/Users/amankumarshrestha/LapenInns Project/nabatableLP/cloudflare/booking-short-links/src/contracts.ts": {"lines":{"total":3,"covered":3,"skipped":0,"pct":100},"functions":{"total":0,"covered":0,"skipped":0,"pct":100},"statements":{"total":3,"covered":3,"skipped":0,"pct":100},"branches":{"total":0,"covered":0,"skipped":0,"pct":100}}
,"/Users/amankumarshrestha/LapenInns Project/nabatableLP/cloudflare/booking-short-links/src/core.ts": {"lines":{"total":69,"covered":57,"skipped":0,"pct":82.6},"functions":{"total":10,"covered":9,"skipped":0,"pct":90},"statements":{"total":70,"covered":58,"skipped":0,"pct":82.85},"branches":{"total":38,"covered":25,"skipped":0,"pct":65.78}}
,"/Users/amankumarshrestha/LapenInns Project/nabatableLP/cloudflare/booking-short-links/src/index.ts": {"lines":{"total":45,"covered":7,"skipped":0,"pct":15.55},"functions":{"total":6,"covered":2,"skipped":0,"pct":33.33},"statements":{"total":45,"covered":7,"skipped":0,"pct":15.55},"branches":{"total":39,"covered":4,"skipped":0,"pct":10.25}}
,"/Users/amankumarshrestha/LapenInns Project/nabatableLP/cloudflare/booking-short-links/src/storage.ts": {"lines":{"total":9,"covered":5,"skipped":0,"pct":55.55},"functions":{"total":6,"covered":3,"skipped":0,"pct":50},"statements":{"total":9,"covered":5,"skipped":0,"pct":55.55},"branches":{"total":26,"covered":12,"skipped":0,"pct":46.15}}
,"/Users/amankumarshrestha/LapenInns Project/nabatableLP/cloudflare/email-queue-gateway/src/gateway-router.mjs": {"lines":{"total":41,"covered":37,"skipped":0,"pct":90.24},"functions":{"total":6,"covered":6,"skipped":0,"pct":100},"statements":{"total":41,"covered":37,"skipped":0,"pct":90.24},"branches":{"total":36,"covered":30,"skipped":0,"pct":83.33}}
,"/Users/amankumarshrestha/LapenInns Project/nabatableLP/cloudflare/sms-summary-gateway/src/contracts.ts": {"lines":{"total":5,"covered":5,"skipped":0,"pct":100},"functions":{"total":0,"covered":0,"skipped":0,"pct":100},"statements":{"total":5,"covered":5,"skipped":0,"pct":100},"branches":{"total":0,"covered":0,"skipped":0,"pct":100}}
,"/Users/amankumarshrestha/LapenInns Project/nabatableLP/cloudflare/sms-summary-gateway/src/index.ts": {"lines":{"total":122,"covered":7,"skipped":0,"pct":5.73},"functions":{"total":34,"covered":2,"skipped":0,"pct":5.88},"statements":{"total":122,"covered":7,"skipped":0,"pct":5.73},"branches":{"total":88,"covered":4,"skipped":0,"pct":4.54}}
,"/Users/amankumarshrestha/LapenInns Project/nabatableLP/cloudflare/sms-summary-gateway/src/job.ts": {"lines":{"total":29,"covered":22,"skipped":0,"pct":75.86},"functions":{"total":3,"covered":1,"skipped":0,"pct":33.33},"statements":{"total":29,"covered":22,"skipped":0,"pct":75.86},"branches":{"total":14,"covered":11,"skipped":0,"pct":78.57}}
,"/Users/amankumarshrestha/LapenInns Project/nabatableLP/cloudflare/sms-summary-gateway/src/scheduling.ts": {"lines":{"total":14,"covered":12,"skipped":0,"pct":85.71},"functions":{"total":6,"covered":6,"skipped":0,"pct":100},"statements":{"total":14,"covered":12,"skipped":0,"pct":85.71},"branches":{"total":6,"covered":4,"skipped":0,"pct":66.66}}
,"/Users/amankumarshrestha/LapenInns Project/nabatableLP/cloudflare/sms-summary-gateway/src/supabase.ts": {"lines":{"total":28,"covered":0,"skipped":0,"pct":0},"functions":{"total":8,"covered":0,"skipped":0,"pct":0},"statements":{"total":28,"covered":0,"skipped":0,"pct":0},"branches":{"total":26,"covered":0,"skipped":0,"pct":0}}
,"/Users/amankumarshrestha/LapenInns Project/nabatableLP/cloudflare/sms-summary-gateway/src/twilio.ts": {"lines":{"total":0,"covered":0,"skipped":0,"pct":100},"functions":{"total":0,"covered":0,"skipped":0,"pct":100},"statements":{"total":0,"covered":0,"skipped":0,"pct":100},"branches":{"total":0,"covered":0,"skipped":0,"pct":100}}
,"/Users/amankumarshrestha/LapenInns Project/nabatableLP/components/auth/GuestSignInForm.tsx": {"lines":{"total":92,"covered":74,"skipped":0,"pct":80.43},"functions":{"total":21,"covered":15,"skipped":0,"pct":71.42},"statements":{"total":101,"covered":77,"skipped":0,"pct":76.23},"branches":{"total":91,"covered":54,"skipped":0,"pct":59.34}}
,"/Users/amankumarshrestha/LapenInns Project/nabatableLP/components/auth/ImplicitAuthHandler.tsx": {"lines":{"total":12,"covered":11,"skipped":0,"pct":91.66},"functions":{"total":3,"covered":3,"skipped":0,"pct":100},"statements":{"total":13,"covered":12,"skipped":0,"pct":92.3},"branches":{"total":11,"covered":9,"skipped":0,"pct":81.81}}
,"/Users/amankumarshrestha/LapenInns Project/nabatableLP/components/auth/OpsSignInForm.tsx": {"lines":{"total":100,"covered":51,"skipped":0,"pct":51},"functions":{"total":17,"covered":10,"skipped":0,"pct":58.82},"statements":{"total":106,"covered":54,"skipped":0,"pct":50.94},"branches":{"total":76,"covered":17,"skipped":0,"pct":22.36}}
,"/Users/amankumarshrestha/LapenInns Project/nabatableLP/components/invite/InviteAcceptanceClient.tsx": {"lines":{"total":33,"covered":29,"skipped":0,"pct":87.87},"functions":{"total":3,"covered":3,"skipped":0,"pct":100},"statements":{"total":33,"covered":29,"skipped":0,"pct":87.87},"branches":{"total":14,"covered":7,"skipped":0,"pct":50}}
,"/Users/amankumarshrestha/LapenInns Project/nabatableLP/components/ops/restaurants/RestaurantDetailsForm.tsx": {"lines":{"total":0,"covered":0,"skipped":0,"pct":100},"functions":{"total":0,"covered":0,"skipped":0,"pct":100},"statements":{"total":0,"covered":0,"skipped":0,"pct":100},"branches":{"total":0,"covered":0,"skipped":0,"pct":100}}
,"/Users/amankumarshrestha/LapenInns Project/nabatableLP/components/ops/restaurants/restaurantDetailsFormModel.ts": {"lines":{"total":163,"covered":125,"skipped":0,"pct":76.68},"functions":{"total":26,"covered":24,"skipped":0,"pct":92.3},"statements":{"total":165,"covered":127,"skipped":0,"pct":76.96},"branches":{"total":226,"covered":170,"skipped":0,"pct":75.22}}
,"/Users/amankumarshrestha/LapenInns Project/nabatableLP/components/ops/restaurants/details/AdvancedIdentitySubform.tsx": {"lines":{"total":26,"covered":13,"skipped":0,"pct":50},"functions":{"total":6,"covered":2,"skipped":0,"pct":33.33},"statements":{"total":26,"covered":13,"skipped":0,"pct":50},"branches":{"total":27,"covered":18,"skipped":0,"pct":66.66}}
,"/Users/amankumarshrestha/LapenInns Project/nabatableLP/components/ops/restaurants/details/BookingRulesSubform.tsx": {"lines":{"total":11,"covered":8,"skipped":0,"pct":72.72},"functions":{"total":8,"covered":5,"skipped":0,"pct":62.5},"statements":{"total":11,"covered":8,"skipped":0,"pct":72.72},"branches":{"total":25,"covered":13,"skipped":0,"pct":52}}
,"/Users/amankumarshrestha/LapenInns Project/nabatableLP/components/ops/restaurants/details/BrandIdentitySubform.tsx": {"lines":{"total":9,"covered":8,"skipped":0,"pct":88.88},"functions":{"total":5,"covered":4,"skipped":0,"pct":80},"statements":{"total":9,"covered":8,"skipped":0,"pct":88.88},"branches":{"total":13,"covered":7,"skipped":0,"pct":53.84}}
,"/Users/amankumarshrestha/LapenInns Project/nabatableLP/components/ops/restaurants/details/ContactLocationSubform.tsx": {"lines":{"total":30,"covered":18,"skipped":0,"pct":60},"functions":{"total":13,"covered":6,"skipped":0,"pct":46.15},"statements":{"total":30,"covered":18,"skipped":0,"pct":60},"branches":{"total":45,"covered":24,"skipped":0,"pct":53.33}}
,"/Users/amankumarshrestha/LapenInns Project/nabatableLP/components/ops/restaurants/details/ManagerNotificationsSubform.tsx": {"lines":{"total":12,"covered":12,"skipped":0,"pct":100},"functions":{"total":7,"covered":7,"skipped":0,"pct":100},"statements":{"total":12,"covered":12,"skipped":0,"pct":100},"branches":{"total":17,"covered":14,"skipped":0,"pct":82.35}}
,"/Users/amankumarshrestha/LapenInns Project/nabatableLP/components/ops/restaurants/details/RestaurantDetailsForm.tsx": {"lines":{"total":65,"covered":26,"skipped":0,"pct":40},"functions":{"total":34,"covered":9,"skipped":0,"pct":26.47},"statements":{"total":71,"covered":29,"skipped":0,"pct":40.84},"branches":{"total":108,"covered":55,"skipped":0,"pct":50.92}}
,"/Users/amankumarshrestha/LapenInns Project/nabatableLP/components/ops/restaurants/details/index.ts": {"lines":{"total":0,"covered":0,"skipped":0,"pct":100},"functions":{"total":0,"covered":0,"skipped":0,"pct":100},"statements":{"total":0,"covered":0,"skipped":0,"pct":100},"branches":{"total":0,"covered":0,"skipped":0,"pct":100}}
,"/Users/amankumarshrestha/LapenInns Project/nabatableLP/components/ops/restaurants/details/shared.tsx": {"lines":{"total":100,"covered":92,"skipped":0,"pct":92},"functions":{"total":29,"covered":28,"skipped":0,"pct":96.55},"statements":{"total":109,"covered":100,"skipped":0,"pct":91.74},"branches":{"total":74,"covered":58,"skipped":0,"pct":78.37}}
,"/Users/amankumarshrestha/LapenInns Project/nabatableLP/components/ui/accordion.tsx": {"lines":{"total":10,"covered":10,"skipped":0,"pct":100},"functions":{"total":3,"covered":3,"skipped":0,"pct":100},"statements":{"total":10,"covered":10,"skipped":0,"pct":100},"branches":{"total":0,"covered":0,"skipped":0,"pct":100}}
,"/Users/amankumarshrestha/LapenInns Project/nabatableLP/components/ui/alert-dialog.tsx": {"lines":{"total":27,"covered":27,"skipped":0,"pct":100},"functions":{"total":8,"covered":8,"skipped":0,"pct":100},"statements":{"total":27,"covered":27,"skipped":0,"pct":100},"branches":{"total":0,"covered":0,"skipped":0,"pct":100}}
,"/Users/amankumarshrestha/LapenInns Project/nabatableLP/components/ui/alert.tsx": {"lines":{"total":12,"covered":12,"skipped":0,"pct":100},"functions":{"total":4,"covered":4,"skipped":0,"pct":100},"statements":{"total":12,"covered":12,"skipped":0,"pct":100},"branches":{"total":0,"covered":0,"skipped":0,"pct":100}}
,"/Users/amankumarshrestha/LapenInns Project/nabatableLP/components/ui/avatar.tsx": {"lines":{"total":3,"covered":3,"skipped":0,"pct":100},"functions":{"total":3,"covered":3,"skipped":0,"pct":100},"statements":{"total":3,"covered":3,"skipped":0,"pct":100},"branches":{"total":0,"covered":0,"skipped":0,"pct":100}}
,"/Users/amankumarshrestha/LapenInns Project/nabatableLP/components/ui/badge.tsx": {"lines":{"total":2,"covered":2,"skipped":0,"pct":100},"functions":{"total":1,"covered":1,"skipped":0,"pct":100},"statements":{"total":2,"covered":2,"skipped":0,"pct":100},"branches":{"total":0,"covered":0,"skipped":0,"pct":100}}
,"/Users/amankumarshrestha/LapenInns Project/nabatableLP/components/ui/breadcrumb.tsx": {"lines":{"total":8,"covered":8,"skipped":0,"pct":100},"functions":{"total":7,"covered":7,"skipped":0,"pct":100},"statements":{"total":8,"covered":8,"skipped":0,"pct":100},"branches":{"total":4,"covered":3,"skipped":0,"pct":75}}
,"/Users/amankumarshrestha/LapenInns Project/nabatableLP/components/ui/button.tsx": {"lines":{"total":3,"covered":3,"skipped":0,"pct":100},"functions":{"total":1,"covered":1,"skipped":0,"pct":100},"statements":{"total":3,"covered":3,"skipped":0,"pct":100},"branches":{"total":7,"covered":7,"skipped":0,"pct":100}}
,"/Users/amankumarshrestha/LapenInns Project/nabatableLP/components/ui/calendar.tsx": {"lines":{"total":15,"covered":12,"skipped":0,"pct":80},"functions":{"total":7,"covered":5,"skipped":0,"pct":71.42},"statements":{"total":16,"covered":13,"skipped":0,"pct":81.25},"branches":{"total":15,"covered":13,"skipped":0,"pct":86.66}}
,"/Users/amankumarshrestha/LapenInns Project/nabatableLP/components/ui/card.tsx": {"lines":{"total":19,"covered":19,"skipped":0,"pct":100},"functions":{"total":6,"covered":6,"skipped":0,"pct":100},"statements":{"total":19,"covered":19,"skipped":0,"pct":100},"branches":{"total":0,"covered":0,"skipped":0,"pct":100}}
,"/Users/amankumarshrestha/LapenInns Project/nabatableLP/components/ui/checkbox.tsx": {"lines":{"total":3,"covered":3,"skipped":0,"pct":100},"functions":{"total":1,"covered":1,"skipped":0,"pct":100},"statements":{"total":3,"covered":3,"skipped":0,"pct":100},"branches":{"total":0,"covered":0,"skipped":0,"pct":100}}
,"/Users/amankumarshrestha/LapenInns Project/nabatableLP/components/ui/collapsible.tsx": {"lines":{"total":3,"covered":3,"skipped":0,"pct":100},"functions":{"total":3,"covered":3,"skipped":0,"pct":100},"statements":{"total":3,"covered":3,"skipped":0,"pct":100},"branches":{"total":0,"covered":0,"skipped":0,"pct":100}}
,"/Users/amankumarshrestha/LapenInns Project/nabatableLP/components/ui/command.tsx": {"lines":{"total":26,"covered":25,"skipped":0,"pct":96.15},"functions":{"total":9,"covered":8,"skipped":0,"pct":88.88},"statements":{"total":26,"covered":25,"skipped":0,"pct":96.15},"branches":{"total":0,"covered":0,"skipped":0,"pct":100}}
,"/Users/amankumarshrestha/LapenInns Project/nabatableLP/components/ui/copy-button.tsx": {"lines":{"total":6,"covered":5,"skipped":0,"pct":83.33},"functions":{"total":2,"covered":2,"skipped":0,"pct":100},"statements":{"total":6,"covered":5,"skipped":0,"pct":83.33},"branches":{"total":17,"covered":16,"skipped":0,"pct":94.11}}
,"/Users/amankumarshrestha/LapenInns Project/nabatableLP/components/ui/dialog.tsx": {"lines":{"total":22,"covered":22,"skipped":0,"pct":100},"functions":{"total":6,"covered":6,"skipped":0,"pct":100},"statements":{"total":22,"covered":22,"skipped":0,"pct":100},"branches":{"total":0,"covered":0,"skipped":0,"pct":100}}
,"/Users/amankumarshrestha/LapenInns Project/nabatableLP/components/ui/dropdown-menu.tsx": {"lines":{"total":15,"covered":9,"skipped":0,"pct":60},"functions":{"total":15,"covered":9,"skipped":0,"pct":60},"statements":{"total":15,"covered":9,"skipped":0,"pct":60},"branches":{"total":2,"covered":2,"skipped":0,"pct":100}}
,"/Users/amankumarshrestha/LapenInns Project/nabatableLP/components/ui/form.tsx": {"lines":{"total":40,"covered":39,"skipped":0,"pct":97.5},"functions":{"total":8,"covered":8,"skipped":0,"pct":100},"statements":{"total":40,"covered":39,"skipped":0,"pct":97.5},"branches":{"total":16,"covered":14,"skipped":0,"pct":87.5}}
,"/Users/amankumarshrestha/LapenInns Project/nabatableLP/components/ui/iframe.tsx": {"lines":{"total":3,"covered":3,"skipped":0,"pct":100},"functions":{"total":1,"covered":1,"skipped":0,"pct":100},"statements":{"total":3,"covered":3,"skipped":0,"pct":100},"branches":{"total":0,"covered":0,"skipped":0,"pct":100}}
,"/Users/amankumarshrestha/LapenInns Project/nabatableLP/components/ui/input.tsx": {"lines":{"total":1,"covered":1,"skipped":0,"pct":100},"functions":{"total":1,"covered":1,"skipped":0,"pct":100},"statements":{"total":1,"covered":1,"skipped":0,"pct":100},"branches":{"total":0,"covered":0,"skipped":0,"pct":100}}
,"/Users/amankumarshrestha/LapenInns Project/nabatableLP/components/ui/label.tsx": {"lines":{"total":1,"covered":1,"skipped":0,"pct":100},"functions":{"total":1,"covered":1,"skipped":0,"pct":100},"statements":{"total":1,"covered":1,"skipped":0,"pct":100},"branches":{"total":0,"covered":0,"skipped":0,"pct":100}}
,"/Users/amankumarshrestha/LapenInns Project/nabatableLP/components/ui/popover.tsx": {"lines":{"total":6,"covered":6,"skipped":0,"pct":100},"functions":{"total":1,"covered":1,"skipped":0,"pct":100},"statements":{"total":6,"covered":6,"skipped":0,"pct":100},"branches":{"total":2,"covered":2,"skipped":0,"pct":100}}
,"/Users/amankumarshrestha/LapenInns Project/nabatableLP/components/ui/progress.tsx": {"lines":{"total":4,"covered":4,"skipped":0,"pct":100},"functions":{"total":1,"covered":1,"skipped":0,"pct":100},"statements":{"total":4,"covered":4,"skipped":0,"pct":100},"branches":{"total":6,"covered":4,"skipped":0,"pct":66.66}}
,"/Users/amankumarshrestha/LapenInns Project/nabatableLP/components/ui/scroll-area.tsx": {"lines":{"total":7,"covered":7,"skipped":0,"pct":100},"functions":{"total":2,"covered":2,"skipped":0,"pct":100},"statements":{"total":7,"covered":7,"skipped":0,"pct":100},"branches":{"total":3,"covered":2,"skipped":0,"pct":66.66}}
,"/Users/amankumarshrestha/LapenInns Project/nabatableLP/components/ui/select.tsx": {"lines":{"total":21,"covered":21,"skipped":0,"pct":100},"functions":{"total":6,"covered":6,"skipped":0,"pct":100},"statements":{"total":21,"covered":21,"skipped":0,"pct":100},"branches":{"total":5,"covered":5,"skipped":0,"pct":100}}
,"/Users/amankumarshrestha/LapenInns Project/nabatableLP/components/ui/separator.tsx": {"lines":{"total":1,"covered":1,"skipped":0,"pct":100},"functions":{"total":1,"covered":1,"skipped":0,"pct":100},"statements":{"total":1,"covered":1,"skipped":0,"pct":100},"branches":{"total":2,"covered":2,"skipped":0,"pct":100}}
,"/Users/amankumarshrestha/LapenInns Project/nabatableLP/components/ui/sheet.tsx": {"lines":{"total":10,"covered":8,"skipped":0,"pct":80},"functions":{"total":10,"covered":8,"skipped":0,"pct":80},"statements":{"total":10,"covered":8,"skipped":0,"pct":80},"branches":{"total":12,"covered":11,"skipped":0,"pct":91.66}}
,"/Users/amankumarshrestha/LapenInns Project/nabatableLP/components/ui/sidebar.tsx": {"lines":{"total":79,"covered":63,"skipped":0,"pct":79.74},"functions":{"total":34,"covered":26,"skipped":0,"pct":76.47},"statements":{"total":82,"covered":65,"skipped":0,"pct":79.26},"branches":{"total":73,"covered":37,"skipped":0,"pct":50.68}}
,"/Users/amankumarshrestha/LapenInns Project/nabatableLP/components/ui/skeleton.tsx": {"lines":{"total":1,"covered":1,"skipped":0,"pct":100},"functions":{"total":1,"covered":1,"skipped":0,"pct":100},"statements":{"total":1,"covered":1,"skipped":0,"pct":100},"branches":{"total":0,"covered":0,"skipped":0,"pct":100}}
,"/Users/amankumarshrestha/LapenInns Project/nabatableLP/components/ui/skeletons.tsx": {"lines":{"total":9,"covered":9,"skipped":0,"pct":100},"functions":{"total":8,"covered":8,"skipped":0,"pct":100},"statements":{"total":9,"covered":9,"skipped":0,"pct":100},"branches":{"total":2,"covered":2,"skipped":0,"pct":100}}
,"/Users/amankumarshrestha/LapenInns Project/nabatableLP/components/ui/sonner.tsx": {"lines":{"total":1,"covered":1,"skipped":0,"pct":100},"functions":{"total":1,"covered":1,"skipped":0,"pct":100},"statements":{"total":1,"covered":1,"skipped":0,"pct":100},"branches":{"total":0,"covered":0,"skipped":0,"pct":100}}
,"/Users/amankumarshrestha/LapenInns Project/nabatableLP/components/ui/stale-boundary.tsx": {"lines":{"total":1,"covered":1,"skipped":0,"pct":100},"functions":{"total":1,"covered":1,"skipped":0,"pct":100},"statements":{"total":1,"covered":1,"skipped":0,"pct":100},"branches":{"total":4,"covered":4,"skipped":0,"pct":100}}
,"/Users/amankumarshrestha/LapenInns Project/nabatableLP/components/ui/switch.tsx": {"lines":{"total":3,"covered":3,"skipped":0,"pct":100},"functions":{"total":1,"covered":1,"skipped":0,"pct":100},"statements":{"total":3,"covered":3,"skipped":0,"pct":100},"branches":{"total":0,"covered":0,"skipped":0,"pct":100}}
,"/Users/amankumarshrestha/LapenInns Project/nabatableLP/components/ui/table.tsx": {"lines":{"total":24,"covered":24,"skipped":0,"pct":100},"functions":{"total":8,"covered":8,"skipped":0,"pct":100},"statements":{"total":24,"covered":24,"skipped":0,"pct":100},"branches":{"total":0,"covered":0,"skipped":0,"pct":100}}
,"/Users/amankumarshrestha/LapenInns Project/nabatableLP/components/ui/tabs.tsx": {"lines":{"total":10,"covered":10,"skipped":0,"pct":100},"functions":{"total":3,"covered":3,"skipped":0,"pct":100},"statements":{"total":10,"covered":10,"skipped":0,"pct":100},"branches":{"total":0,"covered":0,"skipped":0,"pct":100}}
,"/Users/amankumarshrestha/LapenInns Project/nabatableLP/components/ui/textarea.tsx": {"lines":{"total":3,"covered":3,"skipped":0,"pct":100},"functions":{"total":1,"covered":1,"skipped":0,"pct":100},"statements":{"total":3,"covered":3,"skipped":0,"pct":100},"branches":{"total":0,"covered":0,"skipped":0,"pct":100}}
,"/Users/amankumarshrestha/LapenInns Project/nabatableLP/components/ui/toggle-group.tsx": {"lines":{"total":8,"covered":8,"skipped":0,"pct":100},"functions":{"total":2,"covered":2,"skipped":0,"pct":100},"statements":{"total":8,"covered":8,"skipped":0,"pct":100},"branches":{"total":4,"covered":4,"skipped":0,"pct":100}}
,"/Users/amankumarshrestha/LapenInns Project/nabatableLP/components/ui/toggle.tsx": {"lines":{"total":2,"covered":2,"skipped":0,"pct":100},"functions":{"total":1,"covered":1,"skipped":0,"pct":100},"statements":{"total":2,"covered":2,"skipped":0,"pct":100},"branches":{"total":0,"covered":0,"skipped":0,"pct":100}}
,"/Users/amankumarshrestha/LapenInns Project/nabatableLP/components/ui/tooltip.tsx": {"lines":{"total":6,"covered":6,"skipped":0,"pct":100},"functions":{"total":2,"covered":2,"skipped":0,"pct":100},"statements":{"total":6,"covered":6,"skipped":0,"pct":100},"branches":{"total":2,"covered":2,"skipped":0,"pct":100}}
,"/Users/amankumarshrestha/LapenInns Project/nabatableLP/config/booking-state-machine.ts": {"lines":{"total":1,"covered":1,"skipped":0,"pct":100},"functions":{"total":0,"covered":0,"skipped":0,"pct":100},"statements":{"total":1,"covered":1,"skipped":0,"pct":100},"branches":{"total":0,"covered":0,"skipped":0,"pct":100}}
,"/Users/amankumarshrestha/LapenInns Project/nabatableLP/config/env.schema.ts": {"lines":{"total":31,"covered":31,"skipped":0,"pct":100},"functions":{"total":11,"covered":11,"skipped":0,"pct":100},"statements":{"total":33,"covered":33,"skipped":0,"pct":100},"branches":{"total":28,"covered":25,"skipped":0,"pct":89.28}}
,"/Users/amankumarshrestha/LapenInns Project/nabatableLP/config/index.ts": {"lines":{"total":0,"covered":0,"skipped":0,"pct":100},"functions":{"total":0,"covered":0,"skipped":0,"pct":100},"statements":{"total":0,"covered":0,"skipped":0,"pct":100},"branches":{"total":0,"covered":0,"skipped":0,"pct":100}}
,"/Users/amankumarshrestha/LapenInns Project/nabatableLP/config/sales-contact.ts": {"lines":{"total":4,"covered":4,"skipped":0,"pct":100},"functions":{"total":1,"covered":1,"skipped":0,"pct":100},"statements":{"total":4,"covered":4,"skipped":0,"pct":100},"branches":{"total":0,"covered":0,"skipped":0,"pct":100}}
,"/Users/amankumarshrestha/LapenInns Project/nabatableLP/hooks/use-mobile.ts": {"lines":{"total":14,"covered":13,"skipped":0,"pct":92.85},"functions":{"total":5,"covered":4,"skipped":0,"pct":80},"statements":{"total":14,"covered":13,"skipped":0,"pct":92.85},"branches":{"total":2,"covered":2,"skipped":0,"pct":100}}
,"/Users/amankumarshrestha/LapenInns Project/nabatableLP/hooks/useBookingHistory.ts": {"lines":{"total":4,"covered":3,"skipped":0,"pct":75},"functions":{"total":2,"covered":2,"skipped":0,"pct":100},"statements":{"total":4,"covered":3,"skipped":0,"pct":75},"branches":{"total":4,"covered":3,"skipped":0,"pct":75}}
,"/Users/amankumarshrestha/LapenInns Project/nabatableLP/hooks/useBookings.ts": {"lines":{"total":32,"covered":19,"skipped":0,"pct":59.37},"functions":{"total":5,"covered":5,"skipped":0,"pct":100},"statements":{"total":34,"covered":21,"skipped":0,"pct":61.76},"branches":{"total":25,"covered":10,"skipped":0,"pct":40}}
,"/Users/amankumarshrestha/LapenInns Project/nabatableLP/hooks/useBookingsTableState.ts": {"lines":{"total":32,"covered":32,"skipped":0,"pct":100},"functions":{"total":4,"covered":4,"skipped":0,"pct":100},"statements":{"total":33,"covered":33,"skipped":0,"pct":100},"branches":{"total":12,"covered":12,"skipped":0,"pct":100}}
,"/Users/amankumarshrestha/LapenInns Project/nabatableLP/hooks/useCancelBooking.ts": {"lines":{"total":36,"covered":34,"skipped":0,"pct":94.44},"functions":{"total":9,"covered":9,"skipped":0,"pct":100},"statements":{"total":37,"covered":35,"skipped":0,"pct":94.59},"branches":{"total":18,"covered":11,"skipped":0,"pct":61.11}}
,"/Users/amankumarshrestha/LapenInns Project/nabatableLP/hooks/useGuestPreferences.ts": {"lines":{"total":29,"covered":28,"skipped":0,"pct":96.55},"functions":{"total":8,"covered":8,"skipped":0,"pct":100},"statements":{"total":34,"covered":31,"skipped":0,"pct":91.17},"branches":{"total":18,"covered":15,"skipped":0,"pct":83.33}}
,"/Users/amankumarshrestha/LapenInns Project/nabatableLP/hooks/useOnlineStatus.ts": {"lines":{"total":15,"covered":13,"skipped":0,"pct":86.66},"functions":{"total":6,"covered":4,"skipped":0,"pct":66.66},"statements":{"total":18,"covered":14,"skipped":0,"pct":77.77},"branches":{"total":6,"covered":5,"skipped":0,"pct":83.33}}
,"/Users/amankumarshrestha/LapenInns Project/nabatableLP/hooks/useOpsBookings.ts": {"lines":{"total":27,"covered":27,"skipped":0,"pct":100},"functions":{"total":5,"covered":5,"skipped":0,"pct":100},"statements":{"total":29,"covered":29,"skipped":0,"pct":100},"branches":{"total":22,"covered":22,"skipped":0,"pct":100}}
,"/Users/amankumarshrestha/LapenInns Project/nabatableLP/hooks/useOpsCustomers.ts": {"lines":{"total":16,"covered":14,"skipped":0,"pct":87.5},"functions":{"total":5,"covered":5,"skipped":0,"pct":100},"statements":{"total":17,"covered":14,"skipped":0,"pct":82.35},"branches":{"total":24,"covered":17,"skipped":0,"pct":70.83}}
,"/Users/amankumarshrestha/LapenInns Project/nabatableLP/hooks/useProfile.ts": {"lines":{"total":48,"covered":48,"skipped":0,"pct":100},"functions":{"total":13,"covered":13,"skipped":0,"pct":100},"statements":{"total":48,"covered":48,"skipped":0,"pct":100},"branches":{"total":32,"covered":22,"skipped":0,"pct":68.75}}
,"/Users/amankumarshrestha/LapenInns Project/nabatableLP/hooks/useSupabaseSession.tsx": {"lines":{"total":84,"covered":67,"skipped":0,"pct":79.76},"functions":{"total":14,"covered":13,"skipped":0,"pct":92.85},"statements":{"total":92,"covered":70,"skipped":0,"pct":76.08},"branches":{"total":54,"covered":36,"skipped":0,"pct":66.66}}
,"/Users/amankumarshrestha/LapenInns Project/nabatableLP/hooks/useUpdateBooking.ts": {"lines":{"total":55,"covered":43,"skipped":0,"pct":78.18},"functions":{"total":16,"covered":13,"skipped":0,"pct":81.25},"statements":{"total":57,"covered":45,"skipped":0,"pct":78.94},"branches":{"total":59,"covered":27,"skipped":0,"pct":45.76}}
,"/Users/amankumarshrestha/LapenInns Project/nabatableLP/hooks/ops/useCreateRestaurant.ts": {"lines":{"total":4,"covered":4,"skipped":0,"pct":100},"functions":{"total":4,"covered":4,"skipped":0,"pct":100},"statements":{"total":4,"covered":4,"skipped":0,"pct":100},"branches":{"total":0,"covered":0,"skipped":0,"pct":100}}
,"/Users/amankumarshrestha/LapenInns Project/nabatableLP/hooks/ops/useDeleteRestaurant.ts": {"lines":{"total":18,"covered":17,"skipped":0,"pct":94.44},"functions":{"total":8,"covered":8,"skipped":0,"pct":100},"statements":{"total":19,"covered":17,"skipped":0,"pct":89.47},"branches":{"total":4,"covered":2,"skipped":0,"pct":50}}
,"/Users/amankumarshrestha/LapenInns Project/nabatableLP/hooks/ops/useOpsMenuHierarchy.ts": {"lines":{"total":0,"covered":0,"skipped":0,"pct":100},"functions":{"total":0,"covered":0,"skipped":0,"pct":100},"statements":{"total":0,"covered":0,"skipped":0,"pct":100},"branches":{"total":0,"covered":0,"skipped":0,"pct":100}}
,"/Users/amankumarshrestha/LapenInns Project/nabatableLP/hooks/ops/useRestaurants.ts": {"lines":{"total":9,"covered":9,"skipped":0,"pct":100},"functions":{"total":3,"covered":3,"skipped":0,"pct":100},"statements":{"total":13,"covered":13,"skipped":0,"pct":100},"branches":{"total":8,"covered":8,"skipped":0,"pct":100}}
,"/Users/amankumarshrestha/LapenInns Project/nabatableLP/hooks/ops/useUpdateRestaurant.ts": {"lines":{"total":20,"covered":14,"skipped":0,"pct":70},"functions":{"total":8,"covered":5,"skipped":0,"pct":62.5},"statements":{"total":21,"covered":15,"skipped":0,"pct":71.42},"branches":{"total":10,"covered":4,"skipped":0,"pct":40}}
,"/Users/amankumarshrestha/LapenInns Project/nabatableLP/hooks/owner/useOperatingHours.ts": {"lines":{"total":13,"covered":12,"skipped":0,"pct":92.3},"functions":{"total":5,"covered":5,"skipped":0,"pct":100},"statements":{"total":14,"covered":12,"skipped":0,"pct":85.71},"branches":{"total":8,"covered":6,"skipped":0,"pct":75}}
,"/Users/amankumarshrestha/LapenInns Project/nabatableLP/hooks/owner/useRestaurantDetails.ts": {"lines":{"total":13,"covered":12,"skipped":0,"pct":92.3},"functions":{"total":5,"covered":5,"skipped":0,"pct":100},"statements":{"total":14,"covered":12,"skipped":0,"pct":85.71},"branches":{"total":20,"covered":16,"skipped":0,"pct":80}}
,"/Users/amankumarshrestha/LapenInns Project/nabatableLP/hooks/owner/useRestaurantMemberships.ts": {"lines":{"total":4,"covered":4,"skipped":0,"pct":100},"functions":{"total":2,"covered":2,"skipped":0,"pct":100},"statements":{"total":4,"covered":4,"skipped":0,"pct":100},"branches":{"total":0,"covered":0,"skipped":0,"pct":100}}
,"/Users/amankumarshrestha/LapenInns Project/nabatableLP/hooks/owner/useServicePeriods.ts": {"lines":{"total":15,"covered":14,"skipped":0,"pct":93.33},"functions":{"total":5,"covered":5,"skipped":0,"pct":100},"statements":{"total":16,"covered":14,"skipped":0,"pct":87.5},"branches":{"total":8,"covered":6,"skipped":0,"pct":75}}
,"/Users/amankumarshrestha/LapenInns Project/nabatableLP/hooks/owner/useTeamInvitations.ts": {"lines":{"total":24,"covered":23,"skipped":0,"pct":95.83},"functions":{"total":10,"covered":9,"skipped":0,"pct":90},"statements":{"total":24,"covered":23,"skipped":0,"pct":95.83},"branches":{"total":12,"covered":11,"skipped":0,"pct":91.66}}
,"/Users/amankumarshrestha/LapenInns Project/nabatableLP/lib/analytics.ts": {"lines":{"total":29,"covered":18,"skipped":0,"pct":62.06},"functions":{"total":2,"covered":2,"skipped":0,"pct":100},"statements":{"total":31,"covered":19,"skipped":0,"pct":61.29},"branches":{"total":32,"covered":15,"skipped":0,"pct":46.87}}
,"/Users/amankumarshrestha/LapenInns Project/nabatableLP/lib/enums.ts": {"lines":{"total":23,"covered":16,"skipped":0,"pct":69.56},"functions":{"total":8,"covered":5,"skipped":0,"pct":62.5},"statements":{"total":26,"covered":18,"skipped":0,"pct":69.23},"branches":{"total":11,"covered":4,"skipped":0,"pct":36.36}}
,"/Users/amankumarshrestha/LapenInns Project/nabatableLP/lib/env-client.ts": {"lines":{"total":4,"covered":3,"skipped":0,"pct":75},"functions":{"total":1,"covered":1,"skipped":0,"pct":100},"statements":{"total":4,"covered":3,"skipped":0,"pct":75},"branches":{"total":17,"covered":15,"skipped":0,"pct":88.23}}
,"/Users/amankumarshrestha/LapenInns Project/nabatableLP/lib/env.ts": {"lines":{"total":113,"covered":77,"skipped":0,"pct":68.14},"functions":{"total":28,"covered":19,"skipped":0,"pct":67.85},"statements":{"total":120,"covered":82,"skipped":0,"pct":68.33},"branches":{"total":158,"covered":71,"skipped":0,"pct":44.93}}
,"/Users/amankumarshrestha/LapenInns Project/nabatableLP/lib/google-food-menu-cuisines.ts": {"lines":{"total":1,"covered":1,"skipped":0,"pct":100},"functions":{"total":0,"covered":0,"skipped":0,"pct":100},"statements":{"total":1,"covered":1,"skipped":0,"pct":100},"branches":{"total":0,"covered":0,"skipped":0,"pct":100}}
,"/Users/amankumarshrestha/LapenInns Project/nabatableLP/lib/google-food-menu-labels.ts": {"lines":{"total":11,"covered":10,"skipped":0,"pct":90.9},"functions":{"total":5,"covered":3,"skipped":0,"pct":60},"statements":{"total":12,"covered":10,"skipped":0,"pct":83.33},"branches":{"total":1,"covered":0,"skipped":0,"pct":0}}
,"/Users/amankumarshrestha/LapenInns Project/nabatableLP/lib/logger.ts": {"lines":{"total":102,"covered":90,"skipped":0,"pct":88.23},"functions":{"total":30,"covered":27,"skipped":0,"pct":90},"statements":{"total":111,"covered":94,"skipped":0,"pct":84.68},"branches":{"total":87,"covered":69,"skipped":0,"pct":79.31}}
,"/Users/amankumarshrestha/LapenInns Project/nabatableLP/lib/prefetchers.ts": {"lines":{"total":11,"covered":0,"skipped":0,"pct":0},"functions":{"total":2,"covered":0,"skipped":0,"pct":0},"statements":{"total":14,"covered":0,"skipped":0,"pct":0},"branches":{"total":15,"covered":0,"skipped":0,"pct":0}}
,"/Users/amankumarshrestha/LapenInns Project/nabatableLP/lib/site-url.ts": {"lines":{"total":41,"covered":38,"skipped":0,"pct":92.68},"functions":{"total":7,"covered":7,"skipped":0,"pct":100},"statements":{"total":41,"covered":38,"skipped":0,"pct":92.68},"branches":{"total":33,"covered":32,"skipped":0,"pct":96.96}}
,"/Users/amankumarshrestha/LapenInns Project/nabatableLP/lib/utils.ts": {"lines":{"total":1,"covered":1,"skipped":0,"pct":100},"functions":{"total":1,"covered":1,"skipped":0,"pct":100},"statements":{"total":1,"covered":1,"skipped":0,"pct":100},"branches":{"total":0,"covered":0,"skipped":0,"pct":100}}
,"/Users/amankumarshrestha/LapenInns Project/nabatableLP/lib/analytics/emit.ts": {"lines":{"total":132,"covered":40,"skipped":0,"pct":30.3},"functions":{"total":19,"covered":6,"skipped":0,"pct":31.57},"statements":{"total":139,"covered":41,"skipped":0,"pct":29.49},"branches":{"total":89,"covered":16,"skipped":0,"pct":17.97}}
,"/Users/amankumarshrestha/LapenInns Project/nabatableLP/lib/analytics/schema.ts": {"lines":{"total":18,"covered":12,"skipped":0,"pct":66.66},"functions":{"total":4,"covered":2,"skipped":0,"pct":50},"statements":{"total":21,"covered":13,"skipped":0,"pct":61.9},"branches":{"total":22,"covered":16,"skipped":0,"pct":72.72}}
,"/Users/amankumarshrestha/LapenInns Project/nabatableLP/lib/api/query-params.ts": {"lines":{"total":39,"covered":36,"skipped":0,"pct":92.3},"functions":{"total":11,"covered":11,"skipped":0,"pct":100},"statements":{"total":40,"covered":37,"skipped":0,"pct":92.5},"branches":{"total":29,"covered":26,"skipped":0,"pct":89.65}}
,"/Users/amankumarshrestha/LapenInns Project/nabatableLP/lib/auth/redirects.ts": {"lines":{"total":103,"covered":87,"skipped":0,"pct":84.46},"functions":{"total":20,"covered":18,"skipped":0,"pct":90},"statements":{"total":115,"covered":94,"skipped":0,"pct":81.73},"branches":{"total":88,"covered":56,"skipped":0,"pct":63.63}}
,"/Users/amankumarshrestha/LapenInns Project/nabatableLP/lib/auth/signin-redirect-guard.ts": {"lines":{"total":2,"covered":2,"skipped":0,"pct":100},"functions":{"total":1,"covered":1,"skipped":0,"pct":100},"statements":{"total":2,"covered":2,"skipped":0,"pct":100},"branches":{"total":4,"covered":4,"skipped":0,"pct":100}}
,"/Users/amankumarshrestha/LapenInns Project/nabatableLP/lib/bookings/messages.ts": {"lines":{"total":3,"covered":3,"skipped":0,"pct":100},"functions":{"total":0,"covered":0,"skipped":0,"pct":100},"statements":{"total":3,"covered":3,"skipped":0,"pct":100},"branches":{"total":0,"covered":0,"skipped":0,"pct":100}}
,"/Users/amankumarshrestha/LapenInns Project/nabatableLP/lib/bookings/partySize.ts": {"lines":{"total":4,"covered":4,"skipped":0,"pct":100},"functions":{"total":0,"covered":0,"skipped":0,"pct":100},"statements":{"total":4,"covered":4,"skipped":0,"pct":100},"branches":{"total":0,"covered":0,"skipped":0,"pct":100}}
,"/Users/amankumarshrestha/LapenInns Project/nabatableLP/lib/bookings/pendingLock.ts": {"lines":{"total":21,"covered":13,"skipped":0,"pct":61.9},"functions":{"total":3,"covered":3,"skipped":0,"pct":100},"statements":{"total":21,"covered":13,"skipped":0,"pct":61.9},"branches":{"total":13,"covered":6,"skipped":0,"pct":46.15}}
,"/Users/amankumarshrestha/LapenInns Project/nabatableLP/lib/dual-sync/compare-field.ts": {"lines":{"total":88,"covered":84,"skipped":0,"pct":95.45},"functions":{"total":22,"covered":22,"skipped":0,"pct":100},"statements":{"total":112,"covered":98,"skipped":0,"pct":87.5},"branches":{"total":152,"covered":110,"skipped":0,"pct":72.36}}
,"/Users/amankumarshrestha/LapenInns Project/nabatableLP/lib/dual-sync/field-key-meta.ts": {"lines":{"total":13,"covered":12,"skipped":0,"pct":92.3},"functions":{"total":2,"covered":2,"skipped":0,"pct":100},"statements":{"total":13,"covered":12,"skipped":0,"pct":92.3},"branches":{"total":9,"covered":8,"skipped":0,"pct":88.88}}
,"/Users/amankumarshrestha/LapenInns Project/nabatableLP/lib/export/csv.ts": {"lines":{"total":34,"covered":21,"skipped":0,"pct":61.76},"functions":{"total":6,"covered":5,"skipped":0,"pct":83.33},"statements":{"total":35,"covered":22,"skipped":0,"pct":62.85},"branches":{"total":16,"covered":14,"skipped":0,"pct":87.5}}
,"/Users/amankumarshrestha/LapenInns Project/nabatableLP/lib/google-business-profile/amenity-catalog.ts": {"lines":{"total":3,"covered":3,"skipped":0,"pct":100},"functions":{"total":2,"covered":2,"skipped":0,"pct":100},"statements":{"total":4,"covered":4,"skipped":0,"pct":100},"branches":{"total":0,"covered":0,"skipped":0,"pct":100}}
,"/Users/amankumarshrestha/LapenInns Project/nabatableLP/lib/http/errors.ts": {"lines":{"total":8,"covered":5,"skipped":0,"pct":62.5},"functions":{"total":2,"covered":1,"skipped":0,"pct":50},"statements":{"total":8,"covered":5,"skipped":0,"pct":62.5},"branches":{"total":14,"covered":2,"skipped":0,"pct":14.28}}
,"/Users/amankumarshrestha/LapenInns Project/nabatableLP/lib/http/fetchJson.ts": {"lines":{"total":32,"covered":24,"skipped":0,"pct":75},"functions":{"total":5,"covered":3,"skipped":0,"pct":60},"statements":{"total":34,"covered":25,"skipped":0,"pct":73.52},"branches":{"total":32,"covered":18,"skipped":0,"pct":56.25}}
,"/Users/amankumarshrestha/LapenInns Project/nabatableLP/lib/ops/booking-status.ts": {"lines":{"total":3,"covered":3,"skipped":0,"pct":100},"functions":{"total":1,"covered":1,"skipped":0,"pct":100},"statements":{"total":3,"covered":3,"skipped":0,"pct":100},"branches":{"total":2,"covered":1,"skipped":0,"pct":50}}
,"/Users/amankumarshrestha/LapenInns Project/nabatableLP/lib/ops/customer-history.ts": {"lines":{"total":92,"covered":88,"skipped":0,"pct":95.65},"functions":{"total":12,"covered":12,"skipped":0,"pct":100},"statements":{"total":94,"covered":89,"skipped":0,"pct":94.68},"branches":{"total":80,"covered":69,"skipped":0,"pct":86.25}}
,"/Users/amankumarshrestha/LapenInns Project/nabatableLP/lib/ops/customers.ts": {"lines":{"total":2,"covered":2,"skipped":0,"pct":100},"functions":{"total":0,"covered":0,"skipped":0,"pct":100},"statements":{"total":2,"covered":2,"skipped":0,"pct":100},"branches":{"total":0,"covered":0,"skipped":0,"pct":100}}
,"/Users/amankumarshrestha/LapenInns Project/nabatableLP/lib/ops/daily-booking-summary.ts": {"lines":{"total":44,"covered":43,"skipped":0,"pct":97.72},"functions":{"total":8,"covered":7,"skipped":0,"pct":87.5},"statements":{"total":44,"covered":43,"skipped":0,"pct":97.72},"branches":{"total":23,"covered":20,"skipped":0,"pct":86.95}}
,"/Users/amankumarshrestha/LapenInns Project/nabatableLP/lib/ops/realtime.ts": {"lines":{"total":4,"covered":4,"skipped":0,"pct":100},"functions":{"total":0,"covered":0,"skipped":0,"pct":100},"statements":{"total":4,"covered":4,"skipped":0,"pct":100},"branches":{"total":0,"covered":0,"skipped":0,"pct":100}}
,"/Users/amankumarshrestha/LapenInns Project/nabatableLP/lib/ops/restaurant-link-types.ts": {"lines":{"total":3,"covered":3,"skipped":0,"pct":100},"functions":{"total":1,"covered":1,"skipped":0,"pct":100},"statements":{"total":4,"covered":4,"skipped":0,"pct":100},"branches":{"total":0,"covered":0,"skipped":0,"pct":100}}
,"/Users/amankumarshrestha/LapenInns Project/nabatableLP/lib/ops/restaurant-setup-rules.ts": {"lines":{"total":11,"covered":11,"skipped":0,"pct":100},"functions":{"total":7,"covered":7,"skipped":0,"pct":100},"statements":{"total":15,"covered":15,"skipped":0,"pct":100},"branches":{"total":10,"covered":9,"skipped":0,"pct":90}}
,"/Users/amankumarshrestha/LapenInns Project/nabatableLP/lib/ops/session.ts": {"lines":{"total":27,"covered":20,"skipped":0,"pct":74.07},"functions":{"total":4,"covered":4,"skipped":0,"pct":100},"statements":{"total":27,"covered":20,"skipped":0,"pct":74.07},"branches":{"total":31,"covered":20,"skipped":0,"pct":64.51}}
,"/Users/amankumarshrestha/LapenInns Project/nabatableLP/lib/ops/status-tones.ts": {"lines":{"total":3,"covered":2,"skipped":0,"pct":66.66},"functions":{"total":1,"covered":0,"skipped":0,"pct":0},"statements":{"total":3,"covered":2,"skipped":0,"pct":66.66},"branches":{"total":0,"covered":0,"skipped":0,"pct":100}}
,"/Users/amankumarshrestha/LapenInns Project/nabatableLP/lib/ops/table-assignment-policy.ts": {"lines":{"total":10,"covered":10,"skipped":0,"pct":100},"functions":{"total":3,"covered":3,"skipped":0,"pct":100},"statements":{"total":12,"covered":11,"skipped":0,"pct":91.66},"branches":{"total":6,"covered":5,"skipped":0,"pct":83.33}}
,"/Users/amankumarshrestha/LapenInns Project/nabatableLP/lib/ops/table-inventory-reference.ts": {"lines":{"total":13,"covered":13,"skipped":0,"pct":100},"functions":{"total":2,"covered":2,"skipped":0,"pct":100},"statements":{"total":14,"covered":14,"skipped":0,"pct":100},"branches":{"total":0,"covered":0,"skipped":0,"pct":100}}
,"/Users/amankumarshrestha/LapenInns Project/nabatableLP/lib/owner/auth/roles.ts": {"lines":{"total":12,"covered":12,"skipped":0,"pct":100},"functions":{"total":4,"covered":4,"skipped":0,"pct":100},"statements":{"total":12,"covered":12,"skipped":0,"pct":100},"branches":{"total":4,"covered":4,"skipped":0,"pct":100}}
,"/Users/amankumarshrestha/LapenInns Project/nabatableLP/lib/owner/team/invite-links.ts": {"lines":{"total":3,"covered":3,"skipped":0,"pct":100},"functions":{"total":1,"covered":1,"skipped":0,"pct":100},"statements":{"total":3,"covered":3,"skipped":0,"pct":100},"branches":{"total":0,"covered":0,"skipped":0,"pct":100}}
,"/Users/amankumarshrestha/LapenInns Project/nabatableLP/lib/owner/team/schema.ts": {"lines":{"total":10,"covered":10,"skipped":0,"pct":100},"functions":{"total":0,"covered":0,"skipped":0,"pct":100},"statements":{"total":10,"covered":10,"skipped":0,"pct":100},"branches":{"total":0,"covered":0,"skipped":0,"pct":100}}
,"/Users/amankumarshrestha/LapenInns Project/nabatableLP/lib/posthog/error-filter.ts": {"lines":{"total":66,"covered":58,"skipped":0,"pct":87.87},"functions":{"total":13,"covered":13,"skipped":0,"pct":100},"statements":{"total":68,"covered":59,"skipped":0,"pct":86.76},"branches":{"total":42,"covered":30,"skipped":0,"pct":71.42}}
,"/Users/amankumarshrestha/LapenInns Project/nabatableLP/lib/posthog/server.ts": {"lines":{"total":36,"covered":27,"skipped":0,"pct":75},"functions":{"total":10,"covered":7,"skipped":0,"pct":70},"statements":{"total":42,"covered":30,"skipped":0,"pct":71.42},"branches":{"total":56,"covered":35,"skipped":0,"pct":62.5}}
,"/Users/amankumarshrestha/LapenInns Project/nabatableLP/lib/profile/schema.ts": {"lines":{"total":34,"covered":19,"skipped":0,"pct":55.88},"functions":{"total":7,"covered":3,"skipped":0,"pct":42.85},"statements":{"total":36,"covered":19,"skipped":0,"pct":52.77},"branches":{"total":27,"covered":12,"skipped":0,"pct":44.44}}
,"/Users/amankumarshrestha/LapenInns Project/nabatableLP/lib/profile/server.ts": {"lines":{"total":110,"covered":70,"skipped":0,"pct":63.63},"functions":{"total":12,"covered":6,"skipped":0,"pct":50},"statements":{"total":112,"covered":70,"skipped":0,"pct":62.5},"branches":{"total":145,"covered":78,"skipped":0,"pct":53.79}}
,"/Users/amankumarshrestha/LapenInns Project/nabatableLP/lib/query/keys.ts": {"lines":{"total":37,"covered":33,"skipped":0,"pct":89.18},"functions":{"total":36,"covered":32,"skipped":0,"pct":88.88},"statements":{"total":37,"covered":33,"skipped":0,"pct":89.18},"branches":{"total":11,"covered":9,"skipped":0,"pct":81.81}}
,"/Users/amankumarshrestha/LapenInns Project/nabatableLP/lib/query/persist.ts": {"lines":{"total":50,"covered":22,"skipped":0,"pct":44},"functions":{"total":14,"covered":3,"skipped":0,"pct":21.42},"statements":{"total":55,"covered":22,"skipped":0,"pct":40},"branches":{"total":40,"covered":24,"skipped":0,"pct":60}}
,"/Users/amankumarshrestha/LapenInns Project/nabatableLP/lib/query/swrUiState.ts": {"lines":{"total":2,"covered":2,"skipped":0,"pct":100},"functions":{"total":1,"covered":1,"skipped":0,"pct":100},"statements":{"total":2,"covered":2,"skipped":0,"pct":100},"branches":{"total":8,"covered":8,"skipped":0,"pct":100}}
,"/Users/amankumarshrestha/LapenInns Project/nabatableLP/lib/reservations/calendar-event.ts": {"lines":{"total":35,"covered":32,"skipped":0,"pct":91.42},"functions":{"total":10,"covered":9,"skipped":0,"pct":90},"statements":{"total":39,"covered":33,"skipped":0,"pct":84.61},"branches":{"total":50,"covered":30,"skipped":0,"pct":60}}
,"/Users/amankumarshrestha/LapenInns Project/nabatableLP/lib/reservations/share.ts": {"lines":{"total":52,"covered":1,"skipped":0,"pct":1.92},"functions":{"total":5,"covered":0,"skipped":0,"pct":0},"statements":{"total":54,"covered":1,"skipped":0,"pct":1.85},"branches":{"total":32,"covered":0,"skipped":0,"pct":0}}
,"/Users/amankumarshrestha/LapenInns Project/nabatableLP/lib/restaurants/defaults.ts": {"lines":{"total":1,"covered":1,"skipped":0,"pct":100},"functions":{"total":0,"covered":0,"skipped":0,"pct":100},"statements":{"total":1,"covered":1,"skipped":0,"pct":100},"branches":{"total":0,"covered":0,"skipped":0,"pct":100}}
,"/Users/amankumarshrestha/LapenInns Project/nabatableLP/lib/restaurants/email-template-defaults.ts": {"lines":{"total":1,"covered":1,"skipped":0,"pct":100},"functions":{"total":0,"covered":0,"skipped":0,"pct":100},"statements":{"total":1,"covered":1,"skipped":0,"pct":100},"branches":{"total":0,"covered":0,"skipped":0,"pct":100}}
,"/Users/amankumarshrestha/LapenInns Project/nabatableLP/lib/restaurants/email-templates.ts": {"lines":{"total":96,"covered":80,"skipped":0,"pct":83.33},"functions":{"total":36,"covered":29,"skipped":0,"pct":80.55},"statements":{"total":101,"covered":84,"skipped":0,"pct":83.16},"branches":{"total":89,"covered":52,"skipped":0,"pct":58.42}}
,"/Users/amankumarshrestha/LapenInns Project/nabatableLP/lib/restaurants/reservation-interval.ts": {"lines":{"total":2,"covered":2,"skipped":0,"pct":100},"functions":{"total":0,"covered":0,"skipped":0,"pct":100},"statements":{"total":2,"covered":2,"skipped":0,"pct":100},"branches":{"total":0,"covered":0,"skipped":0,"pct":100}}
,"/Users/amankumarshrestha/LapenInns Project/nabatableLP/lib/security/csrf.ts": {"lines":{"total":49,"covered":42,"skipped":0,"pct":85.71},"functions":{"total":9,"covered":8,"skipped":0,"pct":88.88},"statements":{"total":55,"covered":43,"skipped":0,"pct":78.18},"branches":{"total":43,"covered":28,"skipped":0,"pct":65.11}}
,"/Users/amankumarshrestha/LapenInns Project/nabatableLP/lib/security/passwordPolicy.ts": {"lines":{"total":11,"covered":10,"skipped":0,"pct":90.9},"functions":{"total":2,"covered":2,"skipped":0,"pct":100},"statements":{"total":11,"covered":10,"skipped":0,"pct":90.9},"branches":{"total":10,"covered":8,"skipped":0,"pct":80}}
,"/Users/amankumarshrestha/LapenInns Project/nabatableLP/lib/security/safe-url.ts": {"lines":{"total":50,"covered":48,"skipped":0,"pct":96},"functions":{"total":12,"covered":12,"skipped":0,"pct":100},"statements":{"total":51,"covered":49,"skipped":0,"pct":96.07},"branches":{"total":51,"covered":47,"skipped":0,"pct":92.15}}
,"/Users/amankumarshrestha/LapenInns Project/nabatableLP/lib/security/script-json.ts": {"lines":{"total":1,"covered":1,"skipped":0,"pct":100},"functions":{"total":1,"covered":1,"skipped":0,"pct":100},"statements":{"total":1,"covered":1,"skipped":0,"pct":100},"branches":{"total":2,"covered":1,"skipped":0,"pct":50}}
,"/Users/amankumarshrestha/LapenInns Project/nabatableLP/lib/security/url-redaction.ts": {"lines":{"total":26,"covered":22,"skipped":0,"pct":84.61},"functions":{"total":3,"covered":3,"skipped":0,"pct":100},"statements":{"total":27,"covered":23,"skipped":0,"pct":85.18},"branches":{"total":20,"covered":14,"skipped":0,"pct":70}}
,"/Users/amankumarshrestha/LapenInns Project/nabatableLP/lib/sms/phone-redaction.ts": {"lines":{"total":7,"covered":7,"skipped":0,"pct":100},"functions":{"total":1,"covered":1,"skipped":0,"pct":100},"statements":{"total":9,"covered":9,"skipped":0,"pct":100},"branches":{"total":8,"covered":7,"skipped":0,"pct":87.5}}
,"/Users/amankumarshrestha/LapenInns Project/nabatableLP/lib/supabase/auth-errors.ts": {"lines":{"total":4,"covered":4,"skipped":0,"pct":100},"functions":{"total":1,"covered":1,"skipped":0,"pct":100},"statements":{"total":5,"covered":4,"skipped":0,"pct":80},"branches":{"total":11,"covered":9,"skipped":0,"pct":81.81}}
,"/Users/amankumarshrestha/LapenInns Project/nabatableLP/lib/supabase/browser.ts": {"lines":{"total":18,"covered":12,"skipped":0,"pct":66.66},"functions":{"total":3,"covered":2,"skipped":0,"pct":66.66},"statements":{"total":21,"covered":12,"skipped":0,"pct":57.14},"branches":{"total":17,"covered":6,"skipped":0,"pct":35.29}}
,"/Users/amankumarshrestha/LapenInns Project/nabatableLP/lib/supabase/cookies.ts": {"lines":{"total":16,"covered":16,"skipped":0,"pct":100},"functions":{"total":2,"covered":2,"skipped":0,"pct":100},"statements":{"total":17,"covered":17,"skipped":0,"pct":100},"branches":{"total":21,"covered":18,"skipped":0,"pct":85.71}}
,"/Users/amankumarshrestha/LapenInns Project/nabatableLP/lib/supabase/realtime-client.ts": {"lines":{"total":1,"covered":1,"skipped":0,"pct":100},"functions":{"total":1,"covered":1,"skipped":0,"pct":100},"statements":{"total":1,"covered":1,"skipped":0,"pct":100},"branches":{"total":0,"covered":0,"skipped":0,"pct":100}}
,"/Users/amankumarshrestha/LapenInns Project/nabatableLP/lib/supabase/session-store.ts": {"lines":{"total":9,"covered":8,"skipped":0,"pct":88.88},"functions":{"total":5,"covered":3,"skipped":0,"pct":60},"statements":{"total":10,"covered":8,"skipped":0,"pct":80},"branches":{"total":0,"covered":0,"skipped":0,"pct":100}}
,"/Users/amankumarshrestha/LapenInns Project/nabatableLP/lib/supabase/signOut.ts": {"lines":{"total":22,"covered":0,"skipped":0,"pct":0},"functions":{"total":2,"covered":0,"skipped":0,"pct":0},"statements":{"total":22,"covered":0,"skipped":0,"pct":0},"branches":{"total":10,"covered":0,"skipped":0,"pct":0}}
,"/Users/amankumarshrestha/LapenInns Project/nabatableLP/lib/twilio/sms.ts": {"lines":{"total":133,"covered":92,"skipped":0,"pct":69.17},"functions":{"total":23,"covered":19,"skipped":0,"pct":82.6},"statements":{"total":144,"covered":98,"skipped":0,"pct":68.05},"branches":{"total":140,"covered":72,"skipped":0,"pct":51.42}}
,"/Users/amankumarshrestha/LapenInns Project/nabatableLP/lib/url/app-request-path.ts": {"lines":{"total":4,"covered":4,"skipped":0,"pct":100},"functions":{"total":2,"covered":2,"skipped":0,"pct":100},"statements":{"total":4,"covered":4,"skipped":0,"pct":100},"branches":{"total":8,"covered":6,"skipped":0,"pct":75}}
,"/Users/amankumarshrestha/LapenInns Project/nabatableLP/lib/url/opsHref.ts": {"lines":{"total":19,"covered":16,"skipped":0,"pct":84.21},"functions":{"total":3,"covered":3,"skipped":0,"pct":100},"statements":{"total":19,"covered":16,"skipped":0,"pct":84.21},"branches":{"total":20,"covered":14,"skipped":0,"pct":70}}
,"/Users/amankumarshrestha/LapenInns Project/nabatableLP/lib/url/safe-local-path.ts": {"lines":{"total":28,"covered":24,"skipped":0,"pct":85.71},"functions":{"total":3,"covered":3,"skipped":0,"pct":100},"statements":{"total":29,"covered":25,"skipped":0,"pct":86.2},"branches":{"total":31,"covered":27,"skipped":0,"pct":87.09}}
,"/Users/amankumarshrestha/LapenInns Project/nabatableLP/lib/url/withRedirectedFrom.ts": {"lines":{"total":12,"covered":8,"skipped":0,"pct":66.66},"functions":{"total":1,"covered":1,"skipped":0,"pct":100},"statements":{"total":12,"covered":8,"skipped":0,"pct":66.66},"branches":{"total":10,"covered":3,"skipped":0,"pct":30}}
,"/Users/amankumarshrestha/LapenInns Project/nabatableLP/lib/utils/datetime.ts": {"lines":{"total":56,"covered":36,"skipped":0,"pct":64.28},"functions":{"total":14,"covered":11,"skipped":0,"pct":78.57},"statements":{"total":62,"covered":37,"skipped":0,"pct":59.67},"branches":{"total":56,"covered":25,"skipped":0,"pct":44.64}}
,"/Users/amankumarshrestha/LapenInns Project/nabatableLP/lib/utils/idempotency.ts": {"lines":{"total":3,"covered":0,"skipped":0,"pct":0},"functions":{"total":1,"covered":0,"skipped":0,"pct":0},"statements":{"total":3,"covered":0,"skipped":0,"pct":0},"branches":{"total":4,"covered":0,"skipped":0,"pct":0}}
,"/Users/amankumarshrestha/LapenInns Project/nabatableLP/lib/utils/relative-time.ts": {"lines":{"total":35,"covered":17,"skipped":0,"pct":48.57},"functions":{"total":2,"covered":1,"skipped":0,"pct":50},"statements":{"total":35,"covered":17,"skipped":0,"pct":48.57},"branches":{"total":51,"covered":18,"skipped":0,"pct":35.29}}
,"/Users/amankumarshrestha/LapenInns Project/nabatableLP/libs/resend.ts": {"lines":{"total":118,"covered":79,"skipped":0,"pct":66.94},"functions":{"total":21,"covered":12,"skipped":0,"pct":57.14},"statements":{"total":125,"covered":82,"skipped":0,"pct":65.6},"branches":{"total":136,"covered":51,"skipped":0,"pct":37.5}}
,"/Users/amankumarshrestha/LapenInns Project/nabatableLP/reserve/app/index.tsx": {"lines":{"total":1,"covered":1,"skipped":0,"pct":100},"functions":{"total":1,"covered":1,"skipped":0,"pct":100},"statements":{"total":1,"covered":1,"skipped":0,"pct":100},"branches":{"total":0,"covered":0,"skipped":0,"pct":100}}
,"/Users/amankumarshrestha/LapenInns Project/nabatableLP/reserve/app/providers.tsx": {"lines":{"total":4,"covered":4,"skipped":0,"pct":100},"functions":{"total":2,"covered":2,"skipped":0,"pct":100},"statements":{"total":5,"covered":5,"skipped":0,"pct":100},"branches":{"total":4,"covered":3,"skipped":0,"pct":75}}
,"/Users/amankumarshrestha/LapenInns Project/nabatableLP/reserve/app/router.tsx": {"lines":{"total":8,"covered":6,"skipped":0,"pct":75},"functions":{"total":2,"covered":2,"skipped":0,"pct":100},"statements":{"total":8,"covered":6,"skipped":0,"pct":75},"branches":{"total":6,"covered":3,"skipped":0,"pct":50}}
,"/Users/amankumarshrestha/LapenInns Project/nabatableLP/reserve/app/routes.tsx": {"lines":{"total":6,"covered":4,"skipped":0,"pct":66.66},"functions":{"total":5,"covered":1,"skipped":0,"pct":20},"statements":{"total":8,"covered":4,"skipped":0,"pct":50},"branches":{"total":0,"covered":0,"skipped":0,"pct":100}}
,"/Users/amankumarshrestha/LapenInns Project/nabatableLP/reserve/entities/reservation/adapter.ts": {"lines":{"total":66,"covered":51,"skipped":0,"pct":77.27},"functions":{"total":10,"covered":9,"skipped":0,"pct":90},"statements":{"total":72,"covered":51,"skipped":0,"pct":70.83},"branches":{"total":108,"covered":46,"skipped":0,"pct":42.59}}
,"/Users/amankumarshrestha/LapenInns Project/nabatableLP/reserve/entities/reservation/reservation.schema.ts": {"lines":{"total":3,"covered":3,"skipped":0,"pct":100},"functions":{"total":0,"covered":0,"skipped":0,"pct":100},"statements":{"total":3,"covered":3,"skipped":0,"pct":100},"branches":{"total":0,"covered":0,"skipped":0,"pct":100}}
,"/Users/amankumarshrestha/LapenInns Project/nabatableLP/reserve/features/reservations/wizard/api/fetchBookingsByContact.ts": {"lines":{"total":7,"covered":7,"skipped":0,"pct":100},"functions":{"total":1,"covered":1,"skipped":0,"pct":100},"statements":{"total":7,"covered":7,"skipped":0,"pct":100},"branches":{"total":4,"covered":4,"skipped":0,"pct":100}}
,"/Users/amankumarshrestha/LapenInns Project/nabatableLP/reserve/features/reservations/wizard/api/fetchRestaurantBySlug.ts": {"lines":{"total":4,"covered":4,"skipped":0,"pct":100},"functions":{"total":1,"covered":1,"skipped":0,"pct":100},"statements":{"total":4,"covered":4,"skipped":0,"pct":100},"branches":{"total":2,"covered":2,"skipped":0,"pct":100}}
,"/Users/amankumarshrestha/LapenInns Project/nabatableLP/reserve/features/reservations/wizard/api/useCreateOpsReservation.ts": {"lines":{"total":27,"covered":24,"skipped":0,"pct":88.88},"functions":{"total":6,"covered":6,"skipped":0,"pct":100},"statements":{"total":28,"covered":24,"skipped":0,"pct":85.71},"branches":{"total":34,"covered":24,"skipped":0,"pct":70.58}}
,"/Users/amankumarshrestha/LapenInns Project/nabatableLP/reserve/features/reservations/wizard/api/useCreateReservation.ts": {"lines":{"total":29,"covered":26,"skipped":0,"pct":89.65},"functions":{"total":5,"covered":5,"skipped":0,"pct":100},"statements":{"total":30,"covered":26,"skipped":0,"pct":86.66},"branches":{"total":39,"covered":31,"skipped":0,"pct":79.48}}
,"/Users/amankumarshrestha/LapenInns Project/nabatableLP/reserve/features/reservations/wizard/api/useReservation.ts": {"lines":{"total":7,"covered":0,"skipped":0,"pct":0},"functions":{"total":2,"covered":0,"skipped":0,"pct":0},"statements":{"total":7,"covered":0,"skipped":0,"pct":0},"branches":{"total":4,"covered":0,"skipped":0,"pct":0}}
,"/Users/amankumarshrestha/LapenInns Project/nabatableLP/reserve/features/reservations/wizard/context/WizardContext.tsx": {"lines":{"total":31,"covered":22,"skipped":0,"pct":70.96},"functions":{"total":12,"covered":9,"skipped":0,"pct":75},"statements":{"total":31,"covered":22,"skipped":0,"pct":70.96},"branches":{"total":22,"covered":12,"skipped":0,"pct":54.54}}
,"/Users/amankumarshrestha/LapenInns Project/nabatableLP/reserve/features/reservations/wizard/di/context.tsx": {"lines":{"total":7,"covered":7,"skipped":0,"pct":100},"functions":{"total":3,"covered":3,"skipped":0,"pct":100},"statements":{"total":7,"covered":7,"skipped":0,"pct":100},"branches":{"total":10,"covered":10,"skipped":0,"pct":100}}
,"/Users/amankumarshrestha/LapenInns Project/nabatableLP/reserve/features/reservations/wizard/di/index.ts": {"lines":{"total":0,"covered":0,"skipped":0,"pct":100},"functions":{"total":0,"covered":0,"skipped":0,"pct":100},"statements":{"total":0,"covered":0,"skipped":0,"pct":100},"branches":{"total":0,"covered":0,"skipped":0,"pct":100}}
,"/Users/amankumarshrestha/LapenInns Project/nabatableLP/reserve/features/reservations/wizard/di/types.ts": {"lines":{"total":12,"covered":12,"skipped":0,"pct":100},"functions":{"total":5,"covered":5,"skipped":0,"pct":100},"statements":{"total":12,"covered":12,"skipped":0,"pct":100},"branches":{"total":6,"covered":3,"skipped":0,"pct":50}}
,"/Users/amankumarshrestha/LapenInns Project/nabatableLP/reserve/features/reservations/wizard/hooks/useConfirmationStep.ts": {"lines":{"total":120,"covered":84,"skipped":0,"pct":70},"functions":{"total":20,"covered":19,"skipped":0,"pct":95},"statements":{"total":124,"covered":88,"skipped":0,"pct":70.96},"branches":{"total":103,"covered":64,"skipped":0,"pct":62.13}}
,"/Users/amankumarshrestha/LapenInns Project/nabatableLP/reserve/features/reservations/wizard/hooks/useDetailsStepForm.ts": {"lines":{"total":56,"covered":51,"skipped":0,"pct":91.07},"functions":{"total":18,"covered":16,"skipped":0,"pct":88.88},"statements":{"total":57,"covered":52,"skipped":0,"pct":91.22},"branches":{"total":67,"covered":45,"skipped":0,"pct":67.16}}
,"/Users/amankumarshrestha/LapenInns Project/nabatableLP/reserve/features/reservations/wizard/hooks/usePlanStepForm.ts": {"lines":{"total":414,"covered":284,"skipped":0,"pct":68.59},"functions":{"total":62,"covered":50,"skipped":0,"pct":80.64},"statements":{"total":426,"covered":293,"skipped":0,"pct":68.77},"branches":{"total":322,"covered":177,"skipped":0,"pct":54.96}}
,"/Users/amankumarshrestha/LapenInns Project/nabatableLP/reserve/features/reservations/wizard/hooks/useRememberedContacts.ts": {"lines":{"total":60,"covered":56,"skipped":0,"pct":93.33},"functions":{"total":7,"covered":7,"skipped":0,"pct":100},"statements":{"total":64,"covered":60,"skipped":0,"pct":93.75},"branches":{"total":44,"covered":37,"skipped":0,"pct":84.09}}
,"/Users/amankumarshrestha/LapenInns Project/nabatableLP/reserve/features/reservations/wizard/hooks/useReservationWizard.ts": {"lines":{"total":263,"covered":14,"skipped":0,"pct":5.32},"functions":{"total":36,"covered":1,"skipped":0,"pct":2.77},"statements":{"total":272,"covered":14,"skipped":0,"pct":5.14},"branches":{"total":240,"covered":4,"skipped":0,"pct":1.66}}
,"/Users/amankumarshrestha/LapenInns Project/nabatableLP/reserve/features/reservations/wizard/hooks/useReviewStep.ts": {"lines":{"total":31,"covered":31,"skipped":0,"pct":100},"functions":{"total":8,"covered":8,"skipped":0,"pct":100},"statements":{"total":31,"covered":31,"skipped":0,"pct":100},"branches":{"total":26,"covered":24,"skipped":0,"pct":92.3}}
,"/Users/amankumarshrestha/LapenInns Project/nabatableLP/reserve/features/reservations/wizard/hooks/useWizardDraftStorage.ts": {"lines":{"total":141,"covered":98,"skipped":0,"pct":69.5},"functions":{"total":17,"covered":14,"skipped":0,"pct":82.35},"statements":{"total":143,"covered":100,"skipped":0,"pct":69.93},"branches":{"total":108,"covered":64,"skipped":0,"pct":59.25}}
,"/Users/amankumarshrestha/LapenInns Project/nabatableLP/reserve/features/reservations/wizard/model/reducer.ts": {"lines":{"total":30,"covered":29,"skipped":0,"pct":96.66},"functions":{"total":5,"covered":5,"skipped":0,"pct":100},"statements":{"total":33,"covered":32,"skipped":0,"pct":96.96},"branches":{"total":67,"covered":63,"skipped":0,"pct":94.02}}
,"/Users/amankumarshrestha/LapenInns Project/nabatableLP/reserve/features/reservations/wizard/model/schemas.ts": {"lines":{"total":36,"covered":35,"skipped":0,"pct":97.22},"functions":{"total":9,"covered":9,"skipped":0,"pct":100},"statements":{"total":37,"covered":36,"skipped":0,"pct":97.29},"branches":{"total":21,"covered":20,"skipped":0,"pct":95.23}}
,"/Users/amankumarshrestha/LapenInns Project/nabatableLP/reserve/features/reservations/wizard/model/selectors.ts": {"lines":{"total":7,"covered":7,"skipped":0,"pct":100},"functions":{"total":1,"covered":1,"skipped":0,"pct":100},"statements":{"total":7,"covered":7,"skipped":0,"pct":100},"branches":{"total":6,"covered":6,"skipped":0,"pct":100}}
,"/Users/amankumarshrestha/LapenInns Project/nabatableLP/reserve/features/reservations/wizard/model/store.ts": {"lines":{"total":25,"covered":18,"skipped":0,"pct":72},"functions":{"total":18,"covered":11,"skipped":0,"pct":61.11},"statements":{"total":27,"covered":20,"skipped":0,"pct":74.07},"branches":{"total":6,"covered":4,"skipped":0,"pct":66.66}}
,"/Users/amankumarshrestha/LapenInns Project/nabatableLP/reserve/features/reservations/wizard/model/transformers.ts": {"lines":{"total":19,"covered":18,"skipped":0,"pct":94.73},"functions":{"total":4,"covered":3,"skipped":0,"pct":75},"statements":{"total":20,"covered":18,"skipped":0,"pct":90},"branches":{"total":27,"covered":18,"skipped":0,"pct":66.66}}
,"/Users/amankumarshrestha/LapenInns Project/nabatableLP/reserve/features/reservations/wizard/services/index.ts": {"lines":{"total":0,"covered":0,"skipped":0,"pct":100},"functions":{"total":0,"covered":0,"skipped":0,"pct":100},"statements":{"total":0,"covered":0,"skipped":0,"pct":100},"branches":{"total":0,"covered":0,"skipped":0,"pct":100}}
,"/Users/amankumarshrestha/LapenInns Project/nabatableLP/reserve/features/reservations/wizard/services/schedule.ts": {"lines":{"total":58,"covered":41,"skipped":0,"pct":70.68},"functions":{"total":17,"covered":13,"skipped":0,"pct":76.47},"statements":{"total":58,"covered":41,"skipped":0,"pct":70.68},"branches":{"total":56,"covered":38,"skipped":0,"pct":67.85}}
,"/Users/amankumarshrestha/LapenInns Project/nabatableLP/reserve/features/reservations/wizard/services/timeSlots.ts": {"lines":{"total":5,"covered":5,"skipped":0,"pct":100},"functions":{"total":2,"covered":2,"skipped":0,"pct":100},"statements":{"total":5,"covered":5,"skipped":0,"pct":100},"branches":{"total":4,"covered":3,"skipped":0,"pct":75}}
,"/Users/amankumarshrestha/LapenInns Project/nabatableLP/reserve/features/reservations/wizard/services/useTimeSlots.ts": {"lines":{"total":30,"covered":29,"skipped":0,"pct":96.66},"functions":{"total":9,"covered":9,"skipped":0,"pct":100},"statements":{"total":34,"covered":33,"skipped":0,"pct":97.05},"branches":{"total":39,"covered":33,"skipped":0,"pct":84.61}}
,"/Users/amankumarshrestha/LapenInns Project/nabatableLP/reserve/features/reservations/wizard/ui/BookingConfirmationActions.tsx": {"lines":{"total":15,"covered":12,"skipped":0,"pct":80},"functions":{"total":8,"covered":6,"skipped":0,"pct":75},"statements":{"total":17,"covered":13,"skipped":0,"pct":76.47},"branches":{"total":4,"covered":2,"skipped":0,"pct":50}}
,"/Users/amankumarshrestha/LapenInns Project/nabatableLP/reserve/features/reservations/wizard/ui/BookingWizard.tsx": {"lines":{"total":88,"covered":74,"skipped":0,"pct":84.09},"functions":{"total":20,"covered":19,"skipped":0,"pct":95},"statements":{"total":92,"covered":78,"skipped":0,"pct":84.78},"branches":{"total":98,"covered":57,"skipped":0,"pct":58.16}}
,"/Users/amankumarshrestha/LapenInns Project/nabatableLP/reserve/features/reservations/wizard/ui/ErrorBoundary.tsx": {"lines":{"total":27,"covered":25,"skipped":0,"pct":92.59},"functions":{"total":12,"covered":10,"skipped":0,"pct":83.33},"statements":{"total":28,"covered":26,"skipped":0,"pct":92.85},"branches":{"total":22,"covered":18,"skipped":0,"pct":81.81}}
,"/Users/amankumarshrestha/LapenInns Project/nabatableLP/reserve/features/reservations/wizard/ui/ReservationWizard.tsx": {"lines":{"total":1,"covered":1,"skipped":0,"pct":100},"functions":{"total":1,"covered":1,"skipped":0,"pct":100},"statements":{"total":1,"covered":1,"skipped":0,"pct":100},"branches":{"total":4,"covered":4,"skipped":0,"pct":100}}
,"/Users/amankumarshrestha/LapenInns Project/nabatableLP/reserve/features/reservations/wizard/ui/StepSummary.tsx": {"lines":{"total":4,"covered":4,"skipped":0,"pct":100},"functions":{"total":1,"covered":1,"skipped":0,"pct":100},"statements":{"total":4,"covered":4,"skipped":0,"pct":100},"branches":{"total":9,"covered":7,"skipped":0,"pct":77.77}}
,"/Users/amankumarshrestha/LapenInns Project/nabatableLP/reserve/features/reservations/wizard/ui/WizardContainer.tsx": {"lines":{"total":13,"covered":13,"skipped":0,"pct":100},"functions":{"total":4,"covered":4,"skipped":0,"pct":100},"statements":{"total":13,"covered":13,"skipped":0,"pct":100},"branches":{"total":12,"covered":11,"skipped":0,"pct":91.66}}
,"/Users/amankumarshrestha/LapenInns Project/nabatableLP/reserve/features/reservations/wizard/ui/WizardLayout.tsx": {"lines":{"total":4,"covered":4,"skipped":0,"pct":100},"functions":{"total":1,"covered":1,"skipped":0,"pct":100},"statements":{"total":4,"covered":4,"skipped":0,"pct":100},"branches":{"total":16,"covered":16,"skipped":0,"pct":100}}
,"/Users/amankumarshrestha/LapenInns Project/nabatableLP/reserve/features/reservations/wizard/ui/WizardNavigation.tsx": {"lines":{"total":51,"covered":47,"skipped":0,"pct":92.15},"functions":{"total":14,"covered":12,"skipped":0,"pct":85.71},"statements":{"total":54,"covered":50,"skipped":0,"pct":92.59},"branches":{"total":56,"covered":44,"skipped":0,"pct":78.57}}
,"/Users/amankumarshrestha/LapenInns Project/nabatableLP/reserve/features/reservations/wizard/ui/WizardOfflineBanner.tsx": {"lines":{"total":3,"covered":3,"skipped":0,"pct":100},"functions":{"total":1,"covered":1,"skipped":0,"pct":100},"statements":{"total":3,"covered":3,"skipped":0,"pct":100},"branches":{"total":2,"covered":2,"skipped":0,"pct":100}}
,"/Users/amankumarshrestha/LapenInns Project/nabatableLP/reserve/features/reservations/wizard/ui/WizardPanel.tsx": {"lines":{"total":4,"covered":4,"skipped":0,"pct":100},"functions":{"total":4,"covered":4,"skipped":0,"pct":100},"statements":{"total":4,"covered":4,"skipped":0,"pct":100},"branches":{"total":13,"covered":12,"skipped":0,"pct":92.3}}
,"/Users/amankumarshrestha/LapenInns Project/nabatableLP/reserve/features/reservations/wizard/ui/WizardProgress.tsx": {"lines":{"total":12,"covered":12,"skipped":0,"pct":100},"functions":{"total":2,"covered":2,"skipped":0,"pct":100},"statements":{"total":12,"covered":12,"skipped":0,"pct":100},"branches":{"total":25,"covered":24,"skipped":0,"pct":96}}
,"/Users/amankumarshrestha/LapenInns Project/nabatableLP/reserve/features/reservations/wizard/ui/WizardSkeletons.tsx": {"lines":{"total":13,"covered":13,"skipped":0,"pct":100},"functions":{"total":11,"covered":11,"skipped":0,"pct":100},"statements":{"total":13,"covered":13,"skipped":0,"pct":100},"branches":{"total":13,"covered":11,"skipped":0,"pct":84.61}}
,"/Users/amankumarshrestha/LapenInns Project/nabatableLP/reserve/features/reservations/wizard/ui/WizardStep.tsx": {"lines":{"total":17,"covered":15,"skipped":0,"pct":88.23},"functions":{"total":5,"covered":4,"skipped":0,"pct":80},"statements":{"total":18,"covered":16,"skipped":0,"pct":88.88},"branches":{"total":12,"covered":11,"skipped":0,"pct":91.66}}
,"/Users/amankumarshrestha/LapenInns Project/nabatableLP/reserve/features/reservations/wizard/ui/wizardIcons.ts": {"lines":{"total":9,"covered":8,"skipped":0,"pct":88.88},"functions":{"total":1,"covered":1,"skipped":0,"pct":100},"statements":{"total":10,"covered":9,"skipped":0,"pct":90},"branches":{"total":6,"covered":5,"skipped":0,"pct":83.33}}
,"/Users/amankumarshrestha/LapenInns Project/nabatableLP/reserve/features/reservations/wizard/ui/steps/ConfirmationStep.tsx": {"lines":{"total":10,"covered":9,"skipped":0,"pct":90},"functions":{"total":4,"covered":3,"skipped":0,"pct":75},"statements":{"total":11,"covered":10,"skipped":0,"pct":90.9},"branches":{"total":25,"covered":18,"skipped":0,"pct":72}}
,"/Users/amankumarshrestha/LapenInns Project/nabatableLP/reserve/features/reservations/wizard/ui/steps/DetailsStep.tsx": {"lines":{"total":64,"covered":36,"skipped":0,"pct":56.25},"functions":{"total":22,"covered":9,"skipped":0,"pct":40.9},"statements":{"total":66,"covered":37,"skipped":0,"pct":56.06},"branches":{"total":52,"covered":39,"skipped":0,"pct":75}}
,"/Users/amankumarshrestha/LapenInns Project/nabatableLP/reserve/features/reservations/wizard/ui/steps/PlanStep.tsx": {"lines":{"total":25,"covered":20,"skipped":0,"pct":80},"functions":{"total":7,"covered":6,"skipped":0,"pct":85.71},"statements":{"total":28,"covered":23,"skipped":0,"pct":82.14},"branches":{"total":19,"covered":14,"skipped":0,"pct":73.68}}
,"/Users/amankumarshrestha/LapenInns Project/nabatableLP/reserve/features/reservations/wizard/ui/steps/ReviewStep.tsx": {"lines":{"total":15,"covered":14,"skipped":0,"pct":93.33},"functions":{"total":9,"covered":6,"skipped":0,"pct":66.66},"statements":{"total":17,"covered":14,"skipped":0,"pct":82.35},"branches":{"total":38,"covered":21,"skipped":0,"pct":55.26}}
,"/Users/amankumarshrestha/LapenInns Project/nabatableLP/reserve/features/reservations/wizard/ui/steps/plan-step/PlanStepForm.tsx": {"lines":{"total":27,"covered":16,"skipped":0,"pct":59.25},"functions":{"total":11,"covered":4,"skipped":0,"pct":36.36},"statements":{"total":27,"covered":16,"skipped":0,"pct":59.25},"branches":{"total":30,"covered":23,"skipped":0,"pct":76.66}}
,"/Users/amankumarshrestha/LapenInns Project/nabatableLP/reserve/features/reservations/wizard/ui/steps/plan-step/components/Calendar24Field.tsx": {"lines":{"total":85,"covered":75,"skipped":0,"pct":88.23},"functions":{"total":23,"covered":21,"skipped":0,"pct":91.3},"statements":{"total":87,"covered":77,"skipped":0,"pct":88.5},"branches":{"total":102,"covered":90,"skipped":0,"pct":88.23}}
,"/Users/amankumarshrestha/LapenInns Project/nabatableLP/reserve/features/reservations/wizard/ui/steps/plan-step/components/NotesField.tsx": {"lines":{"total":8,"covered":8,"skipped":0,"pct":100},"functions":{"total":4,"covered":4,"skipped":0,"pct":100},"statements":{"total":9,"covered":9,"skipped":0,"pct":100},"branches":{"total":2,"covered":2,"skipped":0,"pct":100}}
,"/Users/amankumarshrestha/LapenInns Project/nabatableLP/reserve/features/reservations/wizard/ui/steps/plan-step/components/OccasionPicker.tsx": {"lines":{"total":10,"covered":10,"skipped":0,"pct":100},"functions":{"total":5,"covered":5,"skipped":0,"pct":100},"statements":{"total":12,"covered":12,"skipped":0,"pct":100},"branches":{"total":6,"covered":5,"skipped":0,"pct":83.33}}
,"/Users/amankumarshrestha/LapenInns Project/nabatableLP/reserve/features/reservations/wizard/ui/steps/plan-step/components/PartySizeField.tsx": {"lines":{"total":18,"covered":16,"skipped":0,"pct":88.88},"functions":{"total":5,"covered":4,"skipped":0,"pct":80},"statements":{"total":19,"covered":16,"skipped":0,"pct":84.21},"branches":{"total":14,"covered":12,"skipped":0,"pct":85.71}}
,"/Users/amankumarshrestha/LapenInns Project/nabatableLP/reserve/features/reservations/wizard/ui/steps/plan-step/components/TimeSlotGrid.tsx": {"lines":{"total":35,"covered":25,"skipped":0,"pct":71.42},"functions":{"total":9,"covered":9,"skipped":0,"pct":100},"statements":{"total":36,"covered":26,"skipped":0,"pct":72.22},"branches":{"total":31,"covered":22,"skipped":0,"pct":70.96}}
,"/Users/amankumarshrestha/LapenInns Project/nabatableLP/reserve/features/reservations/wizard/ui/steps/plan-step/components/index.ts": {"lines":{"total":0,"covered":0,"skipped":0,"pct":100},"functions":{"total":0,"covered":0,"skipped":0,"pct":100},"statements":{"total":0,"covered":0,"skipped":0,"pct":100},"branches":{"total":0,"covered":0,"skipped":0,"pct":100}}
,"/Users/amankumarshrestha/LapenInns Project/nabatableLP/reserve/features/reservations/wizard/utils/debounce.ts": {"lines":{"total":30,"covered":30,"skipped":0,"pct":100},"functions":{"total":12,"covered":12,"skipped":0,"pct":100},"statements":{"total":30,"covered":30,"skipped":0,"pct":100},"branches":{"total":8,"covered":8,"skipped":0,"pct":100}}
,"/Users/amankumarshrestha/LapenInns Project/nabatableLP/reserve/features/reservations/wizard/utils/groupActions.ts": {"lines":{"total":13,"covered":12,"skipped":0,"pct":92.3},"functions":{"total":2,"covered":2,"skipped":0,"pct":100},"statements":{"total":13,"covered":12,"skipped":0,"pct":92.3},"branches":{"total":15,"covered":13,"skipped":0,"pct":86.66}}
,"/Users/amankumarshrestha/LapenInns Project/nabatableLP/reserve/features/reservations/wizard/utils/timeoutRecovery.ts": {"lines":{"total":54,"covered":24,"skipped":0,"pct":44.44},"functions":{"total":7,"covered":4,"skipped":0,"pct":57.14},"statements":{"total":55,"covered":24,"skipped":0,"pct":43.63},"branches":{"total":46,"covered":18,"skipped":0,"pct":39.13}}
,"/Users/amankumarshrestha/LapenInns Project/nabatableLP/reserve/pages/NotFoundPage.tsx": {"lines":{"total":1,"covered":1,"skipped":0,"pct":100},"functions":{"total":1,"covered":1,"skipped":0,"pct":100},"statements":{"total":1,"covered":1,"skipped":0,"pct":100},"branches":{"total":0,"covered":0,"skipped":0,"pct":100}}
,"/Users/amankumarshrestha/LapenInns Project/nabatableLP/reserve/pages/ReservationDetailsPage.tsx": {"lines":{"total":2,"covered":2,"skipped":0,"pct":100},"functions":{"total":1,"covered":1,"skipped":0,"pct":100},"statements":{"total":2,"covered":2,"skipped":0,"pct":100},"branches":{"total":0,"covered":0,"skipped":0,"pct":100}}
,"/Users/amankumarshrestha/LapenInns Project/nabatableLP/reserve/pages/RootLayout.tsx": {"lines":{"total":1,"covered":1,"skipped":0,"pct":100},"functions":{"total":1,"covered":1,"skipped":0,"pct":100},"statements":{"total":1,"covered":1,"skipped":0,"pct":100},"branches":{"total":0,"covered":0,"skipped":0,"pct":100}}
,"/Users/amankumarshrestha/LapenInns Project/nabatableLP/reserve/pages/RouteError.tsx": {"lines":{"total":8,"covered":7,"skipped":0,"pct":87.5},"functions":{"total":2,"covered":1,"skipped":0,"pct":50},"statements":{"total":8,"covered":7,"skipped":0,"pct":87.5},"branches":{"total":4,"covered":4,"skipped":0,"pct":100}}
,"/Users/amankumarshrestha/LapenInns Project/nabatableLP/reserve/pages/WizardPage.tsx": {"lines":{"total":4,"covered":4,"skipped":0,"pct":100},"functions":{"total":1,"covered":1,"skipped":0,"pct":100},"statements":{"total":4,"covered":4,"skipped":0,"pct":100},"branches":{"total":2,"covered":2,"skipped":0,"pct":100}}
,"/Users/amankumarshrestha/LapenInns Project/nabatableLP/reserve/shared/api/client.ts": {"lines":{"total":68,"covered":33,"skipped":0,"pct":48.52},"functions":{"total":17,"covered":6,"skipped":0,"pct":35.29},"statements":{"total":69,"covered":33,"skipped":0,"pct":47.82},"branches":{"total":65,"covered":23,"skipped":0,"pct":35.38}}
,"/Users/amankumarshrestha/LapenInns Project/nabatableLP/reserve/shared/api/queryKeys.ts": {"lines":{"total":6,"covered":6,"skipped":0,"pct":100},"functions":{"total":2,"covered":2,"skipped":0,"pct":100},"statements":{"total":6,"covered":6,"skipped":0,"pct":100},"branches":{"total":2,"covered":1,"skipped":0,"pct":50}}
,"/Users/amankumarshrestha/LapenInns Project/nabatableLP/reserve/shared/booking/index.ts": {"lines":{"total":0,"covered":0,"skipped":0,"pct":100},"functions":{"total":0,"covered":0,"skipped":0,"pct":100},"statements":{"total":0,"covered":0,"skipped":0,"pct":100},"branches":{"total":0,"covered":0,"skipped":0,"pct":100}}
,"/Users/amankumarshrestha/LapenInns Project/nabatableLP/reserve/shared/booking/storage.ts": {"lines":{"total":1,"covered":1,"skipped":0,"pct":100},"functions":{"total":0,"covered":0,"skipped":0,"pct":100},"statements":{"total":1,"covered":1,"skipped":0,"pct":100},"branches":{"total":0,"covered":0,"skipped":0,"pct":100}}
,"/Users/amankumarshrestha/LapenInns Project/nabatableLP/reserve/shared/booking/types.ts": {"lines":{"total":3,"covered":3,"skipped":0,"pct":100},"functions":{"total":1,"covered":1,"skipped":0,"pct":100},"statements":{"total":4,"covered":4,"skipped":0,"pct":100},"branches":{"total":3,"covered":3,"skipped":0,"pct":100}}
,"/Users/amankumarshrestha/LapenInns Project/nabatableLP/reserve/shared/config/booking.ts": {"lines":{"total":23,"covered":23,"skipped":0,"pct":100},"functions":{"total":8,"covered":8,"skipped":0,"pct":100},"statements":{"total":26,"covered":26,"skipped":0,"pct":100},"branches":{"total":11,"covered":10,"skipped":0,"pct":90.9}}
,"/Users/amankumarshrestha/LapenInns Project/nabatableLP/reserve/shared/config/env.ts": {"lines":{"total":26,"covered":22,"skipped":0,"pct":84.61},"functions":{"total":1,"covered":1,"skipped":0,"pct":100},"statements":{"total":26,"covered":22,"skipped":0,"pct":84.61},"branches":{"total":28,"covered":19,"skipped":0,"pct":67.85}}
,"/Users/amankumarshrestha/LapenInns Project/nabatableLP/reserve/shared/config/reservations.ts": {"lines":{"total":55,"covered":38,"skipped":0,"pct":69.09},"functions":{"total":4,"covered":4,"skipped":0,"pct":100},"statements":{"total":58,"covered":41,"skipped":0,"pct":70.68},"branches":{"total":36,"covered":11,"skipped":0,"pct":30.55}}
,"/Users/amankumarshrestha/LapenInns Project/nabatableLP/reserve/shared/config/runtime.ts": {"lines":{"total":47,"covered":47,"skipped":0,"pct":100},"functions":{"total":11,"covered":11,"skipped":0,"pct":100},"statements":{"total":55,"covered":53,"skipped":0,"pct":96.36},"branches":{"total":44,"covered":37,"skipped":0,"pct":84.09}}
,"/Users/amankumarshrestha/LapenInns Project/nabatableLP/reserve/shared/config/venue.ts": {"lines":{"total":3,"covered":3,"skipped":0,"pct":100},"functions":{"total":1,"covered":1,"skipped":0,"pct":100},"statements":{"total":4,"covered":4,"skipped":0,"pct":100},"branches":{"total":12,"covered":11,"skipped":0,"pct":91.66}}
,"/Users/amankumarshrestha/LapenInns Project/nabatableLP/reserve/shared/error/bookingSubmissionError.ts": {"lines":{"total":30,"covered":30,"skipped":0,"pct":100},"functions":{"total":7,"covered":7,"skipped":0,"pct":100},"statements":{"total":30,"covered":30,"skipped":0,"pct":100},"branches":{"total":46,"covered":46,"skipped":0,"pct":100}}
,"/Users/amankumarshrestha/LapenInns Project/nabatableLP/reserve/shared/error/errorReporter.ts": {"lines":{"total":8,"covered":8,"skipped":0,"pct":100},"functions":{"total":2,"covered":2,"skipped":0,"pct":100},"statements":{"total":9,"covered":9,"skipped":0,"pct":100},"branches":{"total":8,"covered":7,"skipped":0,"pct":87.5}}
,"/Users/amankumarshrestha/LapenInns Project/nabatableLP/reserve/shared/error/index.ts": {"lines":{"total":0,"covered":0,"skipped":0,"pct":100},"functions":{"total":0,"covered":0,"skipped":0,"pct":100},"statements":{"total":0,"covered":0,"skipped":0,"pct":100},"branches":{"total":0,"covered":0,"skipped":0,"pct":100}}
,"/Users/amankumarshrestha/LapenInns Project/nabatableLP/reserve/shared/error/mapErrorToMessage.ts": {"lines":{"total":28,"covered":20,"skipped":0,"pct":71.42},"functions":{"total":1,"covered":1,"skipped":0,"pct":100},"statements":{"total":29,"covered":21,"skipped":0,"pct":72.41},"branches":{"total":40,"covered":21,"skipped":0,"pct":52.5}}
,"/Users/amankumarshrestha/LapenInns Project/nabatableLP/reserve/shared/formatting/booking.ts": {"lines":{"total":114,"covered":89,"skipped":0,"pct":78.07},"functions":{"total":27,"covered":26,"skipped":0,"pct":96.29},"statements":{"total":137,"covered":105,"skipped":0,"pct":76.64},"branches":{"total":75,"covered":37,"skipped":0,"pct":49.33}}
[...]
,"/Users/amankumarshrestha/LapenInns Project/nabatableLP/src/hooks/ops/useOpsBooking.ts": {"lines":{"total":24,"covered":24,"skipped":0,"pct":100},"functions":{"total":6,"covered":6,"skipped":0,"pct":100},"statements":{"total":25,"covered":24,"skipped":0,"pct":96},"branches":{"total":14,"covered":13,"skipped":0,"pct":92.85}}
,"/Users/amankumarshrestha/LapenInns Project/nabatableLP/src/hooks/ops/useOpsBookingDialogBundle.ts": {"lines":{"total":37,"covered":36,"skipped":0,"pct":97.29},"functions":{"total":7,"covered":7,"skipped":0,"pct":100},"statements":{"total":38,"covered":36,"skipped":0,"pct":94.73},"branches":{"total":20,"covered":18,"skipped":0,"pct":90}}
,"/Users/amankumarshrestha/LapenInns Project/nabatableLP/src/hooks/ops/useOpsBookingEmailDeliveryLog.ts": {"lines":{"total":16,"covered":15,"skipped":0,"pct":93.75},"functions":{"total":3,"covered":3,"skipped":0,"pct":100},"statements":{"total":16,"covered":15,"skipped":0,"pct":93.75},"branches":{"total":25,"covered":24,"skipped":0,"pct":96}}
,"/Users/amankumarshrestha/LapenInns Project/nabatableLP/src/hooks/ops/useOpsBookingHeatmap.ts": {"lines":{"total":27,"covered":26,"skipped":0,"pct":96.29},"functions":{"total":7,"covered":7,"skipped":0,"pct":100},"statements":{"total":27,"covered":26,"skipped":0,"pct":96.29},"branches":{"total":31,"covered":28,"skipped":0,"pct":90.32}}
,"/Users/amankumarshrestha/LapenInns Project/nabatableLP/src/hooks/ops/useOpsBookingSmsDeliveryLog.ts": {"lines":{"total":16,"covered":15,"skipped":0,"pct":93.75},"functions":{"total":3,"covered":3,"skipped":0,"pct":100},"statements":{"total":16,"covered":15,"skipped":0,"pct":93.75},"branches":{"total":25,"covered":24,"skipped":0,"pct":96}}
,"/Users/amankumarshrestha/LapenInns Project/nabatableLP/src/hooks/ops/useOpsBookingStatusActions.ts": {"lines":{"total":176,"covered":144,"skipped":0,"pct":81.81},"functions":{"total":57,"covered":46,"skipped":0,"pct":80.7},"statements":{"total":182,"covered":145,"skipped":0,"pct":79.67},"branches":{"total":133,"covered":73,"skipped":0,"pct":54.88}}
,"/Users/amankumarshrestha/LapenInns Project/nabatableLP/src/hooks/ops/useOpsBookingStatusSummary.ts": {"lines":{"total":15,"covered":14,"skipped":0,"pct":93.33},"functions":{"total":3,"covered":3,"skipped":0,"pct":100},"statements":{"total":15,"covered":14,"skipped":0,"pct":93.33},"branches":{"total":30,"covered":27,"skipped":0,"pct":90}}
,"/Users/amankumarshrestha/LapenInns Project/nabatableLP/src/hooks/ops/useOpsBookingsDialogs.ts": {"lines":{"total":73,"covered":73,"skipped":0,"pct":100},"functions":{"total":15,"covered":15,"skipped":0,"pct":100},"statements":{"total":78,"covered":77,"skipped":0,"pct":98.71},"branches":{"total":41,"covered":35,"skipped":0,"pct":85.36}}
,"/Users/amankumarshrestha/LapenInns Project/nabatableLP/src/hooks/ops/useOpsBookingsLifecycleHandlers.ts": {"lines":{"total":80,"covered":79,"skipped":0,"pct":98.75},"functions":{"total":10,"covered":10,"skipped":0,"pct":100},"statements":{"total":86,"covered":84,"skipped":0,"pct":97.67},"branches":{"total":54,"covered":47,"skipped":0,"pct":87.03}}
,"/Users/amankumarshrestha/LapenInns Project/nabatableLP/src/hooks/ops/useOpsBookingsList.ts": {"lines":{"total":62,"covered":56,"skipped":0,"pct":90.32},"functions":{"total":14,"covered":13,"skipped":0,"pct":92.85},"statements":{"total":76,"covered":63,"skipped":0,"pct":82.89},"branches":{"total":66,"covered":47,"skipped":0,"pct":71.21}}
,"/Users/amankumarshrestha/LapenInns Project/nabatableLP/src/hooks/ops/useOpsBookingsTableState.ts": {"lines":{"total":53,"covered":53,"skipped":0,"pct":100},"functions":{"total":14,"covered":14,"skipped":0,"pct":100},"statements":{"total":55,"covered":55,"skipped":0,"pct":100},"branches":{"total":16,"covered":16,"skipped":0,"pct":100}}
,"/Users/amankumarshrestha/LapenInns Project/nabatableLP/src/hooks/ops/useOpsCancelBooking.ts": {"lines":{"total":30,"covered":30,"skipped":0,"pct":100},"functions":{"total":9,"covered":9,"skipped":0,"pct":100},"statements":{"total":32,"covered":30,"skipped":0,"pct":93.75},"branches":{"total":18,"covered":13,"skipped":0,"pct":72.22}}
,"/Users/amankumarshrestha/LapenInns Project/nabatableLP/src/hooks/ops/useOpsDashboardData.ts": {"lines":{"total":106,"covered":90,"skipped":0,"pct":84.9},"functions":{"total":26,"covered":21,"skipped":0,"pct":80.76},"statements":{"total":119,"covered":97,"skipped":0,"pct":81.51},"branches":{"total":94,"covered":65,"skipped":0,"pct":69.14}}
,"/Users/amankumarshrestha/LapenInns Project/nabatableLP/src/hooks/ops/useOpsDualSync.ts": {"lines":{"total":77,"covered":64,"skipped":0,"pct":83.11},"functions":{"total":27,"covered":21,"skipped":0,"pct":77.77},"statements":{"total":77,"covered":64,"skipped":0,"pct":83.11},"branches":{"total":101,"covered":50,"skipped":0,"pct":49.5}}
,"/Users/amankumarshrestha/LapenInns Project/nabatableLP/src/hooks/ops/useOpsEmailDeliveryFeed.ts": {"lines":{"total":25,"covered":24,"skipped":0,"pct":96},"functions":{"total":5,"covered":5,"skipped":0,"pct":100},"statements":{"total":27,"covered":26,"skipped":0,"pct":96.29},"branches":{"total":57,"covered":56,"skipped":0,"pct":98.24}}
,"/Users/amankumarshrestha/LapenInns Project/nabatableLP/src/hooks/ops/useOpsEmailDeliverySummary.ts": {"lines":{"total":15,"covered":14,"skipped":0,"pct":93.33},"functions":{"total":3,"covered":3,"skipped":0,"pct":100},"statements":{"total":15,"covered":14,"skipped":0,"pct":93.33},"branches":{"total":34,"covered":32,"skipped":0,"pct":94.11}}
,"/Users/amankumarshrestha/LapenInns Project/nabatableLP/src/hooks/ops/useOpsEmailQueueFeed.ts": {"lines":{"total":21,"covered":20,"skipped":0,"pct":95.23},"functions":{"total":6,"covered":6,"skipped":0,"pct":100},"statements":{"total":23,"covered":20,"skipped":0,"pct":86.95},"branches":{"total":36,"covered":29,"skipped":0,"pct":80.55}}
,"/Users/amankumarshrestha/LapenInns Project/nabatableLP/src/hooks/ops/useOpsEmailTemplatesPageState.ts": {"lines":{"total":182,"covered":181,"skipped":0,"pct":99.45},"functions":{"total":56,"covered":56,"skipped":0,"pct":100},"statements":{"total":205,"covered":200,"skipped":0,"pct":97.56},"branches":{"total":117,"covered":102,"skipped":0,"pct":87.17}}
,"/Users/amankumarshrestha/LapenInns Project/nabatableLP/src/hooks/ops/useOpsGoogleBusinessProfile.ts": {"lines":{"total":33,"covered":20,"skipped":0,"pct":60.6},"functions":{"total":12,"covered":8,"skipped":0,"pct":66.66},"statements":{"total":35,"covered":20,"skipped":0,"pct":57.14},"branches":{"total":21,"covered":6,"skipped":0,"pct":28.57}}
,"/Users/amankumarshrestha/LapenInns Project/nabatableLP/src/hooks/ops/useOpsMenuHierarchy.ts": {"lines":{"total":117,"covered":61,"skipped":0,"pct":52.13},"functions":{"total":45,"covered":24,"skipped":0,"pct":53.33},"statements":{"total":132,"covered":62,"skipped":0,"pct":46.96},"branches":{"total":78,"covered":14,"skipped":0,"pct":17.94}}
,"/Users/amankumarshrestha/LapenInns Project/nabatableLP/src/hooks/ops/useOpsOperatingHours.ts": {"lines":{"total":31,"covered":0,"skipped":0,"pct":0},"functions":{"total":11,"covered":0,"skipped":0,"pct":0},"statements":{"total":36,"covered":0,"skipped":0,"pct":0},"branches":{"total":20,"covered":0,"skipped":0,"pct":0}}
,"/Users/amankumarshrestha/LapenInns Project/nabatableLP/src/hooks/ops/useOpsRestaurantDetails.ts": {"lines":{"total":22,"covered":4,"skipped":0,"pct":18.18},"functions":{"total":8,"covered":2,"skipped":0,"pct":25},"statements":{"total":24,"covered":4,"skipped":0,"pct":16.66},"branches":{"total":12,"covered":2,"skipped":0,"pct":16.66}}
,"/Users/amankumarshrestha/LapenInns Project/nabatableLP/src/hooks/ops/useOpsRestaurantEmailTemplates.ts": {"lines":{"total":31,"covered":28,"skipped":0,"pct":90.32},"functions":{"total":12,"covered":12,"skipped":0,"pct":100},"statements":{"total":33,"covered":28,"skipped":0,"pct":84.84},"branches":{"total":16,"covered":11,"skipped":0,"pct":68.75}}
,"/Users/amankumarshrestha/LapenInns Project/nabatableLP/src/hooks/ops/useOpsRestaurantSmsDeliveryFeed.ts": {"lines":{"total":16,"covered":16,"skipped":0,"pct":100},"functions":{"total":6,"covered":6,"skipped":0,"pct":100},"statements":{"total":19,"covered":19,"skipped":0,"pct":100},"branches":{"total":22,"covered":21,"skipped":0,"pct":95.45}}
,"/Users/amankumarshrestha/LapenInns Project/nabatableLP/src/hooks/ops/useOpsRestaurants.ts": {"lines":{"total":3,"covered":3,"skipped":0,"pct":100},"functions":{"total":2,"covered":2,"skipped":0,"pct":100},"statements":{"total":3,"covered":3,"skipped":0,"pct":100},"branches":{"total":3,"covered":3,"skipped":0,"pct":100}}
,"/Users/amankumarshrestha/LapenInns Project/nabatableLP/src/hooks/ops/useOpsServicePeriods.ts": {"lines":{"total":31,"covered":0,"skipped":0,"pct":0},"functions":{"total":11,"covered":0,"skipped":0,"pct":0},"statements":{"total":36,"covered":0,"skipped":0,"pct":0},"branches":{"total":20,"covered":0,"skipped":0,"pct":0}}
,"/Users/amankumarshrestha/LapenInns Project/nabatableLP/src/hooks/ops/useOpsStrategicSettings.ts": {"lines":{"total":11,"covered":10,"skipped":0,"pct":90.9},"functions":{"total":4,"covered":4,"skipped":0,"pct":100},"statements":{"total":11,"covered":10,"skipped":0,"pct":90.9},"branches":{"total":9,"covered":8,"skipped":0,"pct":88.88}}
,"/Users/amankumarshrestha/LapenInns Project/nabatableLP/src/hooks/ops/useOpsTableAssignments.ts": {"lines":{"total":109,"covered":100,"skipped":0,"pct":91.74},"functions":{"total":29,"covered":29,"skipped":0,"pct":100},"statements":{"total":118,"covered":102,"skipped":0,"pct":86.44},"branches":{"total":112,"covered":73,"skipped":0,"pct":65.17}}
,"/Users/amankumarshrestha/LapenInns Project/nabatableLP/src/hooks/ops/useOpsTeamInvitations.ts": {"lines":{"total":16,"covered":0,"skipped":0,"pct":0},"functions":{"total":8,"covered":0,"skipped":0,"pct":0},"statements":{"total":16,"covered":0,"skipped":0,"pct":0},"branches":{"total":5,"covered":0,"skipped":0,"pct":0}}
,"/Users/amankumarshrestha/LapenInns Project/nabatableLP/src/hooks/ops/useOpsUpdateBooking.ts": {"lines":{"total":15,"covered":15,"skipped":0,"pct":100},"functions":{"total":7,"covered":7,"skipped":0,"pct":100},"statements":{"total":15,"covered":15,"skipped":0,"pct":100},"branches":{"total":12,"covered":11,"skipped":0,"pct":91.66}}
,"/Users/amankumarshrestha/LapenInns Project/nabatableLP/src/hooks/ops/useRealtimeConnection.ts": {"lines":{"total":89,"covered":67,"skipped":0,"pct":75.28},"functions":{"total":17,"covered":16,"skipped":0,"pct":94.11},"statements":{"total":92,"covered":69,"skipped":0,"pct":75},"branches":{"total":46,"covered":21,"skipped":0,"pct":45.65}}
,"/Users/amankumarshrestha/LapenInns Project/nabatableLP/src/hooks/ops/useRealtimeErrorHandler.ts": {"lines":{"total":15,"covered":14,"skipped":0,"pct":93.33},"functions":{"total":6,"covered":6,"skipped":0,"pct":100},"statements":{"total":15,"covered":14,"skipped":0,"pct":93.33},"branches":{"total":9,"covered":8,"skipped":0,"pct":88.88}}
,"/Users/amankumarshrestha/LapenInns Project/nabatableLP/src/hooks/ops/utils/toIsoDateParam.ts": {"lines":{"total":14,"covered":14,"skipped":0,"pct":100},"functions":{"total":1,"covered":1,"skipped":0,"pct":100},"statements":{"total":14,"covered":14,"skipped":0,"pct":100},"branches":{"total":12,"covered":12,"skipped":0,"pct":100}}
,"/Users/amankumarshrestha/LapenInns Project/nabatableLP/src/lib/booking/state-machine.ts": {"lines":{"total":27,"covered":6,"skipped":0,"pct":22.22},"functions":{"total":11,"covered":3,"skipped":0,"pct":27.27},"statements":{"total":29,"covered":6,"skipped":0,"pct":20.68},"branches":{"total":23,"covered":2,"skipped":0,"pct":8.69}}
,"/Users/amankumarshrestha/LapenInns Project/nabatableLP/src/lib/email-delivery/grouping.ts": {"lines":{"total":56,"covered":54,"skipped":0,"pct":96.42},"functions":{"total":7,"covered":7,"skipped":0,"pct":100},"statements":{"total":69,"covered":58,"skipped":0,"pct":84.05},"branches":{"total":72,"covered":48,"skipped":0,"pct":66.66}}
,"/Users/amankumarshrestha/LapenInns Project/nabatableLP/src/lib/email-delivery/presentation.ts": {"lines":{"total":11,"covered":10,"skipped":0,"pct":90.9},"functions":{"total":2,"covered":2,"skipped":0,"pct":100},"statements":{"total":13,"covered":10,"skipped":0,"pct":76.92},"branches":{"total":11,"covered":8,"skipped":0,"pct":72.72}}
,"/Users/amankumarshrestha/LapenInns Project/nabatableLP/src/lib/email-delivery/search.ts": {"lines":{"total":26,"covered":25,"skipped":0,"pct":96.15},"functions":{"total":4,"covered":4,"skipped":0,"pct":100},"statements":{"total":33,"covered":30,"skipped":0,"pct":90.9},"branches":{"total":29,"covered":25,"skipped":0,"pct":86.2}}
,"/Users/amankumarshrestha/LapenInns Project/nabatableLP/src/lib/sms-delivery/grouping.ts": {"lines":{"total":39,"covered":33,"skipped":0,"pct":84.61},"functions":{"total":5,"covered":4,"skipped":0,"pct":80},"statements":{"total":50,"covered":33,"skipped":0,"pct":66},"branches":{"total":50,"covered":21,"skipped":0,"pct":42}}
,"/Users/amankumarshrestha/LapenInns Project/nabatableLP/src/lib/sms-delivery/presentation.ts": {"lines":{"total":19,"covered":11,"skipped":0,"pct":57.89},"functions":{"total":4,"covered":3,"skipped":0,"pct":75},"statements":{"total":22,"covered":11,"skipped":0,"pct":50},"branches":{"total":17,"covered":6,"skipped":0,"pct":35.29}}
,"/Users/amankumarshrestha/LapenInns Project/nabatableLP/src/lib/sms-delivery/sanitize.ts": {"lines":{"total":3,"covered":3,"skipped":0,"pct":100},"functions":{"total":5,"covered":5,"skipped":0,"pct":100},"statements":{"total":5,"covered":5,"skipped":0,"pct":100},"branches":{"total":0,"covered":0,"skipped":0,"pct":100}}
,"/Users/amankumarshrestha/LapenInns Project/nabatableLP/src/services/inline-auto-assign.ts": {"lines":{"total":107,"covered":54,"skipped":0,"pct":50.46},"functions":{"total":7,"covered":6,"skipped":0,"pct":85.71},"statements":{"total":109,"covered":54,"skipped":0,"pct":49.54},"branches":{"total":73,"covered":21,"skipped":0,"pct":28.76}}
,"/Users/amankumarshrestha/LapenInns Project/nabatableLP/src/services/ops/bookings.ts": {"lines":{"total":255,"covered":7,"skipped":0,"pct":2.74},"functions":{"total":72,"covered":2,"skipped":0,"pct":2.77},"statements":{"total":295,"covered":7,"skipped":0,"pct":2.37},"branches":{"total":262,"covered":2,"skipped":0,"pct":0.76}}
,"/Users/amankumarshrestha/LapenInns Project/nabatableLP/src/services/ops/customers.ts": {"lines":{"total":25,"covered":4,"skipped":0,"pct":16},"functions":{"total":6,"covered":2,"skipped":0,"pct":33.33},"statements":{"total":33,"covered":4,"skipped":0,"pct":12.12},"branches":{"total":30,"covered":1,"skipped":0,"pct":3.33}}
,"/Users/amankumarshrestha/LapenInns Project/nabatableLP/src/services/ops/dual-sync.ts": {"lines":{"total":48,"covered":2,"skipped":0,"pct":4.16},"functions":{"total":21,"covered":2,"skipped":0,"pct":9.52},"statements":{"total":58,"covered":3,"skipped":0,"pct":5.17},"branches":{"total":48,"covered":0,"skipped":0,"pct":0}}
,"/Users/amankumarshrestha/LapenInns Project/nabatableLP/src/services/ops/menu-hierarchy.ts": {"lines":{"total":55,"covered":38,"skipped":0,"pct":69.09},"functions":{"total":36,"covered":21,"skipped":0,"pct":58.33},"statements":{"total":55,"covered":38,"skipped":0,"pct":69.09},"branches":{"total":2,"covered":2,"skipped":0,"pct":100}}
,"/Users/amankumarshrestha/LapenInns Project/nabatableLP/src/services/ops/occasions.ts": {"lines":{"total":18,"covered":5,"skipped":0,"pct":27.77},"functions":{"total":9,"covered":1,"skipped":0,"pct":11.11},"statements":{"total":18,"covered":5,"skipped":0,"pct":27.77},"branches":{"total":2,"covered":2,"skipped":0,"pct":100}}
,"/Users/amankumarshrestha/LapenInns Project/nabatableLP/src/services/ops/restaurants.ts": {"lines":{"total":96,"covered":4,"skipped":0,"pct":4.16},"functions":{"total":68,"covered":2,"skipped":0,"pct":2.94},"statements":{"total":101,"covered":4,"skipped":0,"pct":3.96},"branches":{"total":89,"covered":2,"skipped":0,"pct":2.24}}
,"/Users/amankumarshrestha/LapenInns Project/nabatableLP/src/services/ops/tables.ts": {"lines":{"total":62,"covered":23,"skipped":0,"pct":37.09},"functions":{"total":18,"covered":6,"skipped":0,"pct":33.33},"statements":{"total":62,"covered":23,"skipped":0,"pct":37.09},"branches":{"total":66,"covered":18,"skipped":0,"pct":27.27}}
,"/Users/amankumarshrestha/LapenInns Project/nabatableLP/src/services/ops/team.ts": {"lines":{"total":23,"covered":16,"skipped":0,"pct":69.56},"functions":{"total":9,"covered":5,"skipped":0,"pct":55.55},"statements":{"total":23,"covered":16,"skipped":0,"pct":69.56},"branches":{"total":7,"covered":4,"skipped":0,"pct":57.14}}
,"/Users/amankumarshrestha/LapenInns Project/nabatableLP/src/services/ops/zones.ts": {"lines":{"total":9,"covered":2,"skipped":0,"pct":22.22},"functions":{"total":5,"covered":0,"skipped":0,"pct":0},"statements":{"total":10,"covered":2,"skipped":0,"pct":20},"branches":{"total":6,"covered":0,"skipped":0,"pct":0}}
,"/Users/amankumarshrestha/LapenInns Project/nabatableLP/src/utils/debounceThrottle.ts": {"lines":{"total":15,"covered":6,"skipped":0,"pct":40},"functions":{"total":8,"covered":3,"skipped":0,"pct":37.5},"statements":{"total":17,"covered":7,"skipped":0,"pct":41.17},"branches":{"total":4,"covered":2,"skipped":0,"pct":50}}
,"/Users/amankumarshrestha/LapenInns Project/nabatableLP/src/utils/ops/bookings.ts": {"lines":{"total":34,"covered":34,"skipped":0,"pct":100},"functions":{"total":4,"covered":4,"skipped":0,"pct":100},"statements":{"total":48,"covered":36,"skipped":0,"pct":75},"branches":{"total":41,"covered":27,"skipped":0,"pct":65.85}}
,"/Users/amankumarshrestha/LapenInns Project/nabatableLP/src/utils/ops/buildOpsBookingsFilters.ts": {"lines":{"total":64,"covered":48,"skipped":0,"pct":75},"functions":{"total":4,"covered":4,"skipped":0,"pct":100},"statements":{"total":70,"covered":48,"skipped":0,"pct":68.57},"branches":{"total":58,"covered":32,"skipped":0,"pct":55.17}}
,"/Users/amankumarshrestha/LapenInns Project/nabatableLP/src/utils/ops/dashboard.ts": {"lines":{"total":31,"covered":29,"skipped":0,"pct":93.54},"functions":{"total":6,"covered":6,"skipped":0,"pct":100},"statements":{"total":31,"covered":29,"skipped":0,"pct":93.54},"branches":{"total":43,"covered":32,"skipped":0,"pct":74.41}}
,"/Users/amankumarshrestha/LapenInns Project/nabatableLP/src/utils/ops/dashboardSummary.ts": {"lines":{"total":33,"covered":30,"skipped":0,"pct":90.9},"functions":{"total":5,"covered":4,"skipped":0,"pct":80},"statements":{"total":33,"covered":30,"skipped":0,"pct":90.9},"branches":{"total":14,"covered":12,"skipped":0,"pct":85.71}}
,"/Users/amankumarshrestha/LapenInns Project/nabatableLP/src/utils/ops/mapOpsBookingListItemToBookingDTO.ts": {"lines":{"total":1,"covered":1,"skipped":0,"pct":100},"functions":{"total":1,"covered":1,"skipped":0,"pct":100},"statements":{"total":1,"covered":1,"skipped":0,"pct":100},"branches":{"total":35,"covered":33,"skipped":0,"pct":94.28}}
,"/Users/amankumarshrestha/LapenInns Project/nabatableLP/src/utils/ops/mapOpsDashboardBookingItemToBookingDTO.ts": {"lines":{"total":2,"covered":2,"skipped":0,"pct":100},"functions":{"total":1,"covered":1,"skipped":0,"pct":100},"statements":{"total":2,"covered":2,"skipped":0,"pct":100},"branches":{"total":41,"covered":34,"skipped":0,"pct":82.92}}
,"/Users/amankumarshrestha/LapenInns Project/nabatableLP/src/utils/ops/realtimeInvalidation.ts": {"lines":{"total":22,"covered":20,"skipped":0,"pct":90.9},"functions":{"total":6,"covered":6,"skipped":0,"pct":100},"statements":{"total":23,"covered":21,"skipped":0,"pct":91.3},"branches":{"total":19,"covered":17,"skipped":0,"pct":89.47}}
,"/Users/amankumarshrestha/LapenInns Project/nabatableLP/src/utils/ops/todayBookingsAttention.ts": {"lines":{"total":24,"covered":20,"skipped":0,"pct":83.33},"functions":{"total":2,"covered":2,"skipped":0,"pct":100},"statements":{"total":24,"covered":20,"skipped":0,"pct":83.33},"branches":{"total":54,"covered":30,"skipped":0,"pct":55.55}}
}
